{"level":"info","message":"Connexion à MongoDB...","service":"ophrus-backend","timestamp":"2025-07-30 09:57:23.484"}
{"level":"info","message":"🚀 Démarrage de l'application Ophrus-Immo","service":"ophrus-backend","timestamp":"2025-07-30 09:57:23.974"}
{"level":"info","message":"⚙️ Mode: development","service":"ophrus-backend","timestamp":"2025-07-30 09:57:23.999"}
{"level":"info","message":"🟢 Node.js version: v22.12.0","service":"ophrus-backend","timestamp":"2025-07-30 09:57:24.074"}
{"email":"testuser_1753862330650089900@example.com","ip":"::1","level":"info","message":"Connexion réussie ID: 6889d0c3e04d296e8ea81457","service":"ophrus-backend","timestamp":"2025-07-30 09:59:04.790"}
{"level":"info","message":"Profil récupéré avec succès ID: 6889d0c3e04d296e8ea81457","service":"ophrus-backend","timestamp":"2025-07-30 09:59:07.261"}
{"level":"info","message":"Début upload 2 images vers Cloudinary","service":"ophrus-backend","timestamp":"2025-07-30 09:59:13.548"}
{"imagesCount":2,"level":"info","message":"Nouveau bien créé ID: 6889d0d4e04d296e8ea8145f","service":"ophrus-backend","timestamp":"2025-07-30 09:59:16.787","titre":"Appartement Test 1753862348","ville":"TestVille"}
{"filters":0,"level":"info","limit":10,"message":"Résultats recherche - 4/4 biens trouvés","page":1,"service":"ophrus-backend","timestamp":"2025-07-30 09:59:20.162"}
{"level":"info","message":"Bien consulté ID: 6889d0d4e04d296e8ea8145f","service":"ophrus-backend","timestamp":"2025-07-30 09:59:24.446","titre":"Appartement Test 1753862348"}
{"level":"info","message":"Bien mis à jour ID: 6889d0d4e04d296e8ea8145f","service":"ophrus-backend","timestamp":"2025-07-30 09:59:27.193","updatedFields":["description","prix"]}
{"code":"EAUTH","command":"AUTH PLAIN","level":"error","message":"❌ Erreur brevo: Invalid login: 535 5.7.8 Authentication failed","response":"535 5.7.8 Authentication failed","responseCode":535,"service":"ophrus-backend","stack":"Error: Invalid login: 535 5.7.8 Authentication failed\n    at SMTPConnection._formatError (C:\\Users\\SERVER-GOLD\\Documents\\Ophrus-immo\\node_modules\\nodemailer\\lib\\smtp-connection\\index.js:809:19)\n    at SMTPConnection._actionAUTHComplete (C:\\Users\\SERVER-GOLD\\Documents\\Ophrus-immo\\node_modules\\nodemailer\\lib\\smtp-connection\\index.js:1588:34)\n    at SMTPConnection.<anonymous> (C:\\Users\\SERVER-GOLD\\Documents\\Ophrus-immo\\node_modules\\nodemailer\\lib\\smtp-connection\\index.js:556:26)\n    at SMTPConnection._processResponse (C:\\Users\\SERVER-GOLD\\Documents\\Ophrus-immo\\node_modules\\nodemailer\\lib\\smtp-connection\\index.js:993:20)\n    at SMTPConnection._onData (C:\\Users\\SERVER-GOLD\\Documents\\Ophrus-immo\\node_modules\\nodemailer\\lib\\smtp-connection\\index.js:774:14)\n    at SMTPConnection._onSocketData (C:\\Users\\SERVER-GOLD\\Documents\\Ophrus-immo\\node_modules\\nodemailer\\lib\\smtp-connection\\index.js:195:44)\n    at TLSSocket.emit (node:events:524:28)\n    at addChunk (node:internal/streams/readable:561:12)\n    at readableAddChunkPushByteMode (node:internal/streams/readable:512:3)\n    at Readable.push (node:internal/streams/readable:392:5)","timestamp":"2025-07-30 09:59:36.800"}
{"level":"info","message":"🔄 Tentative de fallback vers Resend...","service":"ophrus-backend","timestamp":"2025-07-30 09:59:36.805"}
{"level":"info","message":"✅ Email envoyé avec Resend (fallback) à testuser_1753862330650089900@example.com","service":"ophrus-backend","timestamp":"2025-07-30 09:59:41.347"}
{"level":"info","message":"Code de réinitialisation envoyé à: testuser_1753862330650089900@example.com","service":"ophrus-backend","timestamp":"2025-07-30 09:59:41.350","userId":"6889d0c3e04d296e8ea81457"}
{"level":"error","message":"Utilisateur non trouvé ou refreshTokens non défini lors de la déconnexion ID: 6889d0c3e04d296e8ea81457","service":"ophrus-backend","timestamp":"2025-07-30 09:59:43.636"}
{"email":"admin_1753862331068450800@example.com","ip":"::1","level":"info","message":"Connexion réussie ID: 6889d0f1e04d296e8ea8147b","service":"ophrus-backend","timestamp":"2025-07-30 09:59:50.423"}
{"level":"warn","message":"Tentative d'accès admin non autorisé par admin_1753862331068450800@example.com","service":"ophrus-backend","timestamp":"2025-07-30 09:59:54.568"}
{"level":"warn","message":"Tentative d'accès admin non autorisé par admin_1753862331068450800@example.com","service":"ophrus-backend","timestamp":"2025-07-30 09:59:58.311"}
{"level":"warn","message":"Tentative d'accès admin non autorisé par admin_1753862331068450800@example.com","service":"ophrus-backend","timestamp":"2025-07-30 09:59:59.697"}
{"level":"warn","message":"Tentative d'accès admin non autorisé par admin_1753862331068450800@example.com","service":"ophrus-backend","timestamp":"2025-07-30 10:00:00.894"}
{"level":"info","message":"Début suppression 2 images Cloudinary","service":"ophrus-backend","timestamp":"2025-07-30 10:00:02.496"}
{"level":"info","message":"Bien supprimé ID: 6889d0d4e04d296e8ea8145f","service":"ophrus-backend","timestamp":"2025-07-30 10:00:05.207"}
{"level":"error","message":"Utilisateur non trouvé ou refreshTokens non défini lors de la déconnexion ID: 6889d0f1e04d296e8ea8147b","service":"ophrus-backend","timestamp":"2025-07-30 10:00:06.373"}
{"level":"info","message":"Connexion à MongoDB...","service":"ophrus-backend","timestamp":"2025-07-30 10:21:04.378"}
{"level":"info","message":"🚀 Démarrage de l'application Ophrus-Immo","service":"ophrus-backend","timestamp":"2025-07-30 10:21:04.504"}
{"level":"info","message":"⚙️ Mode: development","service":"ophrus-backend","timestamp":"2025-07-30 10:21:04.512"}
{"level":"info","message":"🟢 Node.js version: v22.12.0","service":"ophrus-backend","timestamp":"2025-07-30 10:21:04.517"}
{"email":"testuser_1753863708638432700@example.com","ip":"::1","level":"info","message":"Connexion réussie ID: 6889d6204994af842efcc578","service":"ophrus-backend","timestamp":"2025-07-30 10:22:06.481"}
{"level":"info","message":"Profil récupéré avec succès ID: 6889d6204994af842efcc578","service":"ophrus-backend","timestamp":"2025-07-30 10:22:11.639"}
{"level":"info","message":"Début upload 2 images vers Cloudinary","service":"ophrus-backend","timestamp":"2025-07-30 10:22:18.718"}
{"imagesCount":2,"level":"info","message":"Nouveau bien créé ID: 6889d63d4994af842efcc580","service":"ophrus-backend","timestamp":"2025-07-30 10:22:22.378","titre":"Appartement Test 1753863733","ville":"TestVille"}
{"filters":0,"level":"info","limit":10,"message":"Résultats recherche - 4/4 biens trouvés","page":1,"service":"ophrus-backend","timestamp":"2025-07-30 10:22:30.744"}
{"level":"info","message":"Bien consulté ID: 6889d63d4994af842efcc580","service":"ophrus-backend","timestamp":"2025-07-30 10:22:50.288","titre":"Appartement Test 1753863733"}
{"level":"info","message":"Bien mis à jour ID: 6889d63d4994af842efcc580","service":"ophrus-backend","timestamp":"2025-07-30 10:22:57.402","updatedFields":["description","prix"]}
{"code":"EAUTH","command":"AUTH PLAIN","level":"error","message":"❌ Erreur brevo: Invalid login: 535 5.7.8 Authentication failed","response":"535 5.7.8 Authentication failed","responseCode":535,"service":"ophrus-backend","stack":"Error: Invalid login: 535 5.7.8 Authentication failed\n    at SMTPConnection._formatError (C:\\Users\\SERVER-GOLD\\Documents\\Ophrus-immo\\node_modules\\nodemailer\\lib\\smtp-connection\\index.js:809:19)\n    at SMTPConnection._actionAUTHComplete (C:\\Users\\SERVER-GOLD\\Documents\\Ophrus-immo\\node_modules\\nodemailer\\lib\\smtp-connection\\index.js:1588:34)\n    at SMTPConnection.<anonymous> (C:\\Users\\SERVER-GOLD\\Documents\\Ophrus-immo\\node_modules\\nodemailer\\lib\\smtp-connection\\index.js:556:26)\n    at SMTPConnection._processResponse (C:\\Users\\SERVER-GOLD\\Documents\\Ophrus-immo\\node_modules\\nodemailer\\lib\\smtp-connection\\index.js:993:20)\n    at SMTPConnection._onData (C:\\Users\\SERVER-GOLD\\Documents\\Ophrus-immo\\node_modules\\nodemailer\\lib\\smtp-connection\\index.js:774:14)\n    at SMTPConnection._onSocketData (C:\\Users\\SERVER-GOLD\\Documents\\Ophrus-immo\\node_modules\\nodemailer\\lib\\smtp-connection\\index.js:195:44)\n    at TLSSocket.emit (node:events:524:28)\n    at addChunk (node:internal/streams/readable:561:12)\n    at readableAddChunkPushByteMode (node:internal/streams/readable:512:3)\n    at Readable.push (node:internal/streams/readable:392:5)","timestamp":"2025-07-30 10:23:10.710"}
{"level":"info","message":"🔄 Tentative de fallback vers Resend...","service":"ophrus-backend","timestamp":"2025-07-30 10:23:10.715"}
{"level":"info","message":"✅ Email envoyé avec Resend (fallback) à testuser_1753863708638432700@example.com","service":"ophrus-backend","timestamp":"2025-07-30 10:23:13.018"}
{"level":"info","message":"Code de réinitialisation envoyé à: testuser_1753863708638432700@example.com","service":"ophrus-backend","timestamp":"2025-07-30 10:23:13.021","userId":"6889d6204994af842efcc578"}
{"level":"error","message":"Utilisateur non trouvé ou refreshTokens non défini lors de la déconnexion ID: 6889d6204994af842efcc578","service":"ophrus-backend","timestamp":"2025-07-30 10:23:15.018"}
{"email":"admin_1753863708877755000@example.com","ip":"::1","level":"info","message":"Connexion réussie ID: 6889d6774994af842efcc59c","service":"ophrus-backend","timestamp":"2025-07-30 10:23:28.093"}
{"level":"warn","message":"Tentative d'accès admin non autorisé par admin_1753863708877755000@example.com","service":"ophrus-backend","timestamp":"2025-07-30 10:23:36.593"}
{"level":"warn","message":"Tentative d'accès admin non autorisé par admin_1753863708877755000@example.com","service":"ophrus-backend","timestamp":"2025-07-30 10:23:44.825"}
{"level":"warn","message":"Tentative d'accès admin non autorisé par admin_1753863708877755000@example.com","service":"ophrus-backend","timestamp":"2025-07-30 10:23:47.502"}
{"level":"warn","message":"Tentative d'accès admin non autorisé par admin_1753863708877755000@example.com","service":"ophrus-backend","timestamp":"2025-07-30 10:23:49.119"}
{"level":"info","message":"Début suppression 2 images Cloudinary","service":"ophrus-backend","timestamp":"2025-07-30 10:23:51.253"}
{"level":"info","message":"Bien supprimé ID: 6889d63d4994af842efcc580","service":"ophrus-backend","timestamp":"2025-07-30 10:23:54.792"}
{"level":"error","message":"Utilisateur non trouvé ou refreshTokens non défini lors de la déconnexion ID: 6889d6774994af842efcc59c","service":"ophrus-backend","timestamp":"2025-07-30 10:23:58.620"}
{"level":"warn","message":"❌ Route non trouvée: GET /api","service":"ophrus-backend","timestamp":"2025-07-30 10:51:41.509"}
{"level":"warn","message":"❌ Route non trouvée: GET /favicon.ico","service":"ophrus-backend","timestamp":"2025-07-30 10:51:45.808"}
{"level":"warn","message":"❌ Route non trouvée: GET /api/registre","service":"ophrus-backend","timestamp":"2025-07-30 10:51:59.715"}
{"level":"info","message":"Connexion à MongoDB...","service":"ophrus-backend","timestamp":"2025-07-30 10:53:03.475"}
{"level":"info","message":"🚀 Démarrage de l'application Ophrus-Immo","service":"ophrus-backend","timestamp":"2025-07-30 10:53:03.580"}
{"level":"info","message":"⚙️ Mode: development","service":"ophrus-backend","timestamp":"2025-07-30 10:53:03.587"}
{"level":"info","message":"🟢 Node.js version: v22.12.0","service":"ophrus-backend","timestamp":"2025-07-30 10:53:03.593"}
{"level":"warn","message":"❌ Route non trouvée: GET /api/registre","service":"ophrus-backend","timestamp":"2025-07-30 10:53:48.446"}
{"level":"warn","message":"❌ Route non trouvée: GET /api/heart","service":"ophrus-backend","timestamp":"2025-07-30 10:54:03.226"}
{"level":"warn","message":"❌ Route non trouvée: GET /api/health","service":"ophrus-backend","timestamp":"2025-07-30 10:54:42.005"}
{"level":"warn","message":"❌ Route non trouvée: GET /api/","service":"ophrus-backend","timestamp":"2025-07-30 10:55:09.346"}
{"email":"testuser_1753865722784903300@example.com","ip":"::1","level":"info","message":"Connexion réussie ID: 6889ddfc08af44fa843fd1c8","service":"ophrus-backend","timestamp":"2025-07-30 10:55:29.569"}
{"level":"info","message":"Profil récupéré avec succès ID: 6889ddfc08af44fa843fd1c8","service":"ophrus-backend","timestamp":"2025-07-30 10:55:33.235"}
{"level":"info","message":"Début upload 2 images vers Cloudinary","service":"ophrus-backend","timestamp":"2025-07-30 10:55:39.893"}
{"imagesCount":2,"level":"info","message":"Nouveau bien créé ID: 6889de0e08af44fa843fd1d0","service":"ophrus-backend","timestamp":"2025-07-30 10:55:43.485","titre":"Appartement Test 1753865734","ville":"TestVille"}
{"filters":0,"level":"info","limit":10,"message":"Résultats recherche - 4/4 biens trouvés","page":1,"service":"ophrus-backend","timestamp":"2025-07-30 10:55:49.827"}
{"level":"info","message":"Bien consulté ID: 6889de0e08af44fa843fd1d0","service":"ophrus-backend","timestamp":"2025-07-30 10:56:03.003","titre":"Appartement Test 1753865734"}
{"level":"info","message":"Bien mis à jour ID: 6889de0e08af44fa843fd1d0","service":"ophrus-backend","timestamp":"2025-07-30 10:56:11.925","updatedFields":["description","prix"]}
{"code":"EAUTH","command":"AUTH PLAIN","level":"error","message":"❌ Erreur brevo: Invalid login: 535 5.7.8 Authentication failed","response":"535 5.7.8 Authentication failed","responseCode":535,"service":"ophrus-backend","stack":"Error: Invalid login: 535 5.7.8 Authentication failed\n    at SMTPConnection._formatError (C:\\Users\\SERVER-GOLD\\Documents\\Ophrus-immo\\node_modules\\nodemailer\\lib\\smtp-connection\\index.js:809:19)\n    at SMTPConnection._actionAUTHComplete (C:\\Users\\SERVER-GOLD\\Documents\\Ophrus-immo\\node_modules\\nodemailer\\lib\\smtp-connection\\index.js:1588:34)\n    at SMTPConnection.<anonymous> (C:\\Users\\SERVER-GOLD\\Documents\\Ophrus-immo\\node_modules\\nodemailer\\lib\\smtp-connection\\index.js:556:26)\n    at SMTPConnection._processResponse (C:\\Users\\SERVER-GOLD\\Documents\\Ophrus-immo\\node_modules\\nodemailer\\lib\\smtp-connection\\index.js:993:20)\n    at SMTPConnection._onData (C:\\Users\\SERVER-GOLD\\Documents\\Ophrus-immo\\node_modules\\nodemailer\\lib\\smtp-connection\\index.js:774:14)\n    at SMTPConnection._onSocketData (C:\\Users\\SERVER-GOLD\\Documents\\Ophrus-immo\\node_modules\\nodemailer\\lib\\smtp-connection\\index.js:195:44)\n    at TLSSocket.emit (node:events:524:28)\n    at addChunk (node:internal/streams/readable:561:12)\n    at readableAddChunkPushByteMode (node:internal/streams/readable:512:3)\n    at Readable.push (node:internal/streams/readable:392:5)","timestamp":"2025-07-30 10:56:21.011"}
{"level":"info","message":"🔄 Tentative de fallback vers Resend...","service":"ophrus-backend","timestamp":"2025-07-30 10:56:21.018"}
{"level":"info","message":"✅ Email envoyé avec Resend (fallback) à testuser_1753865722784903300@example.com","service":"ophrus-backend","timestamp":"2025-07-30 10:56:24.724"}
{"level":"info","message":"Code de réinitialisation envoyé à: testuser_1753865722784903300@example.com","service":"ophrus-backend","timestamp":"2025-07-30 10:56:24.727","userId":"6889ddfc08af44fa843fd1c8"}
{"level":"error","message":"Utilisateur non trouvé ou refreshTokens non défini lors de la déconnexion ID: 6889ddfc08af44fa843fd1c8","service":"ophrus-backend","timestamp":"2025-07-30 10:56:26.921"}
{"email":"admin_1753865722921269700@example.com","ip":"::1","level":"info","message":"Connexion réussie ID: 6889de3d08af44fa843fd1ec","service":"ophrus-backend","timestamp":"2025-07-30 10:56:33.973"}
{"level":"warn","message":"Tentative d'accès admin non autorisé par admin_1753865722921269700@example.com","service":"ophrus-backend","timestamp":"2025-07-30 10:56:36.763"}
{"level":"warn","message":"Tentative d'accès admin non autorisé par admin_1753865722921269700@example.com","service":"ophrus-backend","timestamp":"2025-07-30 10:56:41.102"}
{"level":"warn","message":"Tentative d'accès admin non autorisé par admin_1753865722921269700@example.com","service":"ophrus-backend","timestamp":"2025-07-30 10:56:43.590"}
{"level":"warn","message":"Tentative d'accès admin non autorisé par admin_1753865722921269700@example.com","service":"ophrus-backend","timestamp":"2025-07-30 10:56:45.176"}
{"level":"info","message":"Début suppression 2 images Cloudinary","service":"ophrus-backend","timestamp":"2025-07-30 10:56:46.793"}
{"level":"info","message":"Bien supprimé ID: 6889de0e08af44fa843fd1d0","service":"ophrus-backend","timestamp":"2025-07-30 10:56:50.250"}
{"level":"error","message":"Utilisateur non trouvé ou refreshTokens non défini lors de la déconnexion ID: 6889de3d08af44fa843fd1ec","service":"ophrus-backend","timestamp":"2025-07-30 10:56:52.135"}
{"level":"warn","message":"Déconnecté de MongoDB","service":"ophrus-backend","timestamp":"2025-07-30 14:26:27.531"}
{"level":"info","message":"Reconnecté à MongoDB","service":"ophrus-backend","timestamp":"2025-07-30 14:26:39.163"}
{"level":"info","message":"Reconnecté à MongoDB","service":"ophrus-backend","timestamp":"2025-07-30 17:31:21.797"}
{"level":"info","message":"Reconnecté à MongoDB","service":"ophrus-backend","timestamp":"2025-07-30 17:31:22.351"}
{"level":"warn","message":"Déconnecté de MongoDB","service":"ophrus-backend","timestamp":"2025-07-30 17:47:13.549"}
{"level":"info","message":"Reconnecté à MongoDB","service":"ophrus-backend","timestamp":"2025-07-30 17:47:14.468"}
{"level":"info","message":"Reconnecté à MongoDB","service":"ophrus-backend","timestamp":"2025-07-30 17:47:54.079"}
{"level":"info","message":"Reconnecté à MongoDB","service":"ophrus-backend","timestamp":"2025-07-30 17:47:54.284"}
