{"level":"warn","message":"Déconnecté de MongoDB","service":"ophrus-backend","timestamp":"2025-07-27 07:50:12.935"}
{"level":"info","message":"Reconnecté à MongoDB","service":"ophrus-backend","timestamp":"2025-07-27 07:50:13.315"}
{"level":"info","message":"Connexion à MongoDB...","service":"ophrus-backend","timestamp":"2025-07-27 08:11:13.515"}
{"level":"info","message":"🚀 Démarrage de l'application Ophrus-Immo","service":"ophrus-backend","timestamp":"2025-07-27 08:11:13.597"}
{"level":"info","message":"⚙️ Mode: development","service":"ophrus-backend","timestamp":"2025-07-27 08:11:13.605"}
{"level":"info","message":"🟢 Node.js version: v22.12.0","service":"ophrus-backend","timestamp":"2025-07-27 08:11:13.616"}
{"email":"testuser_1753596742958336300@example.com","ip":"::1","level":"info","message":"Connexion réussie ID: 6885c348aed2d090e4d28ce5","service":"ophrus-backend","timestamp":"2025-07-27 08:12:28.196"}
{"level":"info","message":"Profil récupéré avec succès ID: 6885c348aed2d090e4d28ce5","service":"ophrus-backend","timestamp":"2025-07-27 08:12:30.587"}
{"level":"info","message":"Début upload 2 images vers Cloudinary","service":"ophrus-backend","timestamp":"2025-07-27 08:12:36.212"}
{"imagesCount":2,"level":"info","message":"Nouveau bien créé ID: 6885c356aed2d090e4d28ced","service":"ophrus-backend","timestamp":"2025-07-27 08:12:39.395","titre":"Appartement Test 1753596752","ville":"TestVille"}
{"filters":0,"level":"info","limit":10,"message":"Résultats recherche - 10/18 biens trouvés","page":1,"service":"ophrus-backend","timestamp":"2025-07-27 08:12:42.292"}
{"level":"info","message":"Bien consulté ID: 6885c356aed2d090e4d28ced","service":"ophrus-backend","timestamp":"2025-07-27 08:12:50.499","titre":"Appartement Test 1753596752"}
{"level":"info","message":"Bien mis à jour ID: 6885c356aed2d090e4d28ced","service":"ophrus-backend","timestamp":"2025-07-27 08:12:53.309","updatedFields":["description","prix"]}
{"code":"EAUTH","command":"AUTH PLAIN","level":"error","message":"❌ Erreur Nodemailer: Invalid login: 535 5.7.8 Authentication failed","response":"535 5.7.8 Authentication failed","responseCode":535,"service":"ophrus-backend","stack":"Error: Invalid login: 535 5.7.8 Authentication failed\n    at SMTPConnection._formatError (C:\\Users\\SERVER-GOLD\\Documents\\Ophrus-immo\\node_modules\\nodemailer\\lib\\smtp-connection\\index.js:809:19)\n    at SMTPConnection._actionAUTHComplete (C:\\Users\\SERVER-GOLD\\Documents\\Ophrus-immo\\node_modules\\nodemailer\\lib\\smtp-connection\\index.js:1588:34)\n    at SMTPConnection.<anonymous> (C:\\Users\\SERVER-GOLD\\Documents\\Ophrus-immo\\node_modules\\nodemailer\\lib\\smtp-connection\\index.js:556:26)\n    at SMTPConnection._processResponse (C:\\Users\\SERVER-GOLD\\Documents\\Ophrus-immo\\node_modules\\nodemailer\\lib\\smtp-connection\\index.js:993:20)\n    at SMTPConnection._onData (C:\\Users\\SERVER-GOLD\\Documents\\Ophrus-immo\\node_modules\\nodemailer\\lib\\smtp-connection\\index.js:774:14)\n    at SMTPConnection._onSocketData (C:\\Users\\SERVER-GOLD\\Documents\\Ophrus-immo\\node_modules\\nodemailer\\lib\\smtp-connection\\index.js:195:44)\n    at TLSSocket.emit (node:events:524:28)\n    at addChunk (node:internal/streams/readable:561:12)\n    at readableAddChunkPushByteMode (node:internal/streams/readable:512:3)\n    at Readable.push (node:internal/streams/readable:392:5)","timestamp":"2025-07-27 08:12:58.567"}
{"email":"testuser_1753596742958336300@example.com","level":"error","message":"Erreur lors de la demande de réinitialisation: Invalid login: 535 5.7.8 Authentication failed","service":"ophrus-backend","stack":"Error: Invalid login: 535 5.7.8 Authentication failed\n    at SMTPConnection._formatError (C:\\Users\\SERVER-GOLD\\Documents\\Ophrus-immo\\node_modules\\nodemailer\\lib\\smtp-connection\\index.js:809:19)\n    at SMTPConnection._actionAUTHComplete (C:\\Users\\SERVER-GOLD\\Documents\\Ophrus-immo\\node_modules\\nodemailer\\lib\\smtp-connection\\index.js:1588:34)\n    at SMTPConnection.<anonymous> (C:\\Users\\SERVER-GOLD\\Documents\\Ophrus-immo\\node_modules\\nodemailer\\lib\\smtp-connection\\index.js:556:26)\n    at SMTPConnection._processResponse (C:\\Users\\SERVER-GOLD\\Documents\\Ophrus-immo\\node_modules\\nodemailer\\lib\\smtp-connection\\index.js:993:20)\n    at SMTPConnection._onData (C:\\Users\\SERVER-GOLD\\Documents\\Ophrus-immo\\node_modules\\nodemailer\\lib\\smtp-connection\\index.js:774:14)\n    at SMTPConnection._onSocketData (C:\\Users\\SERVER-GOLD\\Documents\\Ophrus-immo\\node_modules\\nodemailer\\lib\\smtp-connection\\index.js:195:44)\n    at TLSSocket.emit (node:events:524:28)\n    at addChunk (node:internal/streams/readable:561:12)\n    at readableAddChunkPushByteMode (node:internal/streams/readable:512:3)\n    at Readable.push (node:internal/streams/readable:392:5)","timestamp":"2025-07-27 08:12:58.581"}
{"level":"error","message":"Utilisateur non trouvé ou refreshTokens non défini lors de la déconnexion ID: 6885c348aed2d090e4d28ce5","service":"ophrus-backend","timestamp":"2025-07-27 08:12:59.915"}
{"email":"admin_1753596743044374600@example.com","ip":"::1","level":"info","message":"Connexion réussie ID: 6885c36eaed2d090e4d28d15","service":"ophrus-backend","timestamp":"2025-07-27 08:13:06.411"}
{"level":"warn","message":"Tentative d'accès admin non autorisé par admin_1753596743044374600@example.com","service":"ophrus-backend","timestamp":"2025-07-27 08:13:08.404"}
{"level":"warn","message":"Tentative d'accès admin non autorisé par admin_1753596743044374600@example.com","service":"ophrus-backend","timestamp":"2025-07-27 08:13:12.033"}
{"level":"warn","message":"Tentative d'accès admin non autorisé par admin_1753596743044374600@example.com","service":"ophrus-backend","timestamp":"2025-07-27 08:13:13.284"}
{"level":"warn","message":"Tentative d'accès admin non autorisé par admin_1753596743044374600@example.com","service":"ophrus-backend","timestamp":"2025-07-27 08:13:14.539"}
{"level":"info","message":"Début suppression 2 images Cloudinary","service":"ophrus-backend","timestamp":"2025-07-27 08:13:16.740"}
{"level":"info","message":"Bien supprimé ID: 6885c356aed2d090e4d28ced","service":"ophrus-backend","timestamp":"2025-07-27 08:13:18.932"}
{"level":"error","message":"Utilisateur non trouvé ou refreshTokens non défini lors de la déconnexion ID: 6885c36eaed2d090e4d28d15","service":"ophrus-backend","timestamp":"2025-07-27 08:13:20.157"}
{"level":"info","message":"Connexion à MongoDB...","service":"ophrus-backend","timestamp":"2025-07-27 08:30:13.087"}
{"level":"info","message":"🚀 Démarrage de l'application Ophrus-Immo","service":"ophrus-backend","timestamp":"2025-07-27 08:30:13.207"}
{"level":"info","message":"⚙️ Mode: development","service":"ophrus-backend","timestamp":"2025-07-27 08:30:13.213"}
{"level":"info","message":"🟢 Node.js version: v22.12.0","service":"ophrus-backend","timestamp":"2025-07-27 08:30:13.218"}
{"level":"warn","message":"Déconnecté de MongoDB","service":"ophrus-backend","timestamp":"2025-07-27 08:30:23.823"}
{"level":"info","message":"Connexion à MongoDB...","service":"ophrus-backend","timestamp":"2025-07-27 08:30:35.506"}
{"level":"info","message":"🚀 Démarrage de l'application Ophrus-Immo","service":"ophrus-backend","timestamp":"2025-07-27 08:30:35.569"}
{"level":"info","message":"⚙️ Mode: development","service":"ophrus-backend","timestamp":"2025-07-27 08:30:35.572"}
{"level":"info","message":"🟢 Node.js version: v22.12.0","service":"ophrus-backend","timestamp":"2025-07-27 08:30:35.579"}
{"email":"testuser_1753597849880657400@example.com","ip":"::1","level":"info","message":"Connexion réussie ID: 6885c79c4258948b07ec0395","service":"ophrus-backend","timestamp":"2025-07-27 08:31:03.278"}
{"level":"info","message":"Profil récupéré avec succès ID: 6885c79c4258948b07ec0395","service":"ophrus-backend","timestamp":"2025-07-27 08:31:06.569"}
{"level":"info","message":"Début upload 2 images vers Cloudinary","service":"ophrus-backend","timestamp":"2025-07-27 08:31:13.943"}
{"imagesCount":2,"level":"info","message":"Nouveau bien créé ID: 6885c7b34258948b07ec039d","service":"ophrus-backend","timestamp":"2025-07-27 08:31:16.118","titre":"Appartement Test 1753597870","ville":"TestVille"}
{"filters":0,"level":"info","limit":10,"message":"Résultats recherche - 10/18 biens trouvés","page":1,"service":"ophrus-backend","timestamp":"2025-07-27 08:31:20.048"}
{"level":"info","message":"Bien consulté ID: 6885c7b34258948b07ec039d","service":"ophrus-backend","timestamp":"2025-07-27 08:31:30.821","titre":"Appartement Test 1753597870"}
{"level":"info","message":"Bien mis à jour ID: 6885c7b34258948b07ec039d","service":"ophrus-backend","timestamp":"2025-07-27 08:31:33.826","updatedFields":["description","prix"]}
{"code":"EAUTH","command":"AUTH PLAIN","level":"error","message":"❌ Erreur brevo: Invalid login: 535 5.7.8 Authentication failed","response":"535 5.7.8 Authentication failed","responseCode":535,"service":"ophrus-backend","stack":"Error: Invalid login: 535 5.7.8 Authentication failed\n    at SMTPConnection._formatError (C:\\Users\\SERVER-GOLD\\Documents\\Ophrus-immo\\node_modules\\nodemailer\\lib\\smtp-connection\\index.js:809:19)\n    at SMTPConnection._actionAUTHComplete (C:\\Users\\SERVER-GOLD\\Documents\\Ophrus-immo\\node_modules\\nodemailer\\lib\\smtp-connection\\index.js:1588:34)\n    at SMTPConnection.<anonymous> (C:\\Users\\SERVER-GOLD\\Documents\\Ophrus-immo\\node_modules\\nodemailer\\lib\\smtp-connection\\index.js:556:26)\n    at SMTPConnection._processResponse (C:\\Users\\SERVER-GOLD\\Documents\\Ophrus-immo\\node_modules\\nodemailer\\lib\\smtp-connection\\index.js:993:20)\n    at SMTPConnection._onData (C:\\Users\\SERVER-GOLD\\Documents\\Ophrus-immo\\node_modules\\nodemailer\\lib\\smtp-connection\\index.js:774:14)\n    at SMTPConnection._onSocketData (C:\\Users\\SERVER-GOLD\\Documents\\Ophrus-immo\\node_modules\\nodemailer\\lib\\smtp-connection\\index.js:195:44)\n    at TLSSocket.emit (node:events:524:28)\n    at addChunk (node:internal/streams/readable:561:12)\n    at readableAddChunkPushByteMode (node:internal/streams/readable:512:3)\n    at Readable.push (node:internal/streams/readable:392:5)","timestamp":"2025-07-27 08:31:38.170"}
{"level":"info","message":"🔄 Tentative de fallback vers Resend...","service":"ophrus-backend","timestamp":"2025-07-27 08:31:38.178"}
{"level":"info","message":"✅ Email envoyé avec Resend (fallback) à testuser_1753597849880657400@example.com","service":"ophrus-backend","timestamp":"2025-07-27 08:31:40.004"}
{"level":"info","message":"Code de réinitialisation envoyé à: testuser_1753597849880657400@example.com","service":"ophrus-backend","timestamp":"2025-07-27 08:31:40.008","userId":"6885c79c4258948b07ec0395"}
{"level":"error","message":"Utilisateur non trouvé ou refreshTokens non défini lors de la déconnexion ID: 6885c79c4258948b07ec0395","service":"ophrus-backend","timestamp":"2025-07-27 08:31:42.168"}
{"email":"admin_1753597849964231200@example.com","ip":"::1","level":"info","message":"Connexion réussie ID: 6885c7cf4258948b07ec03c5","service":"ophrus-backend","timestamp":"2025-07-27 08:31:48.197"}
{"level":"info","message":"Début suppression 2 images Cloudinary","service":"ophrus-backend","timestamp":"2025-07-27 08:31:59.817"}
{"level":"info","message":"Bien supprimé ID: 6885c7b34258948b07ec039d","service":"ophrus-backend","timestamp":"2025-07-27 08:32:01.998"}
{"level":"error","message":"Utilisateur non trouvé ou refreshTokens non défini lors de la déconnexion ID: 6885c7cf4258948b07ec03c5","service":"ophrus-backend","timestamp":"2025-07-27 08:32:03.219"}
{"level":"info","message":"Connexion à MongoDB...","service":"ophrus-backend","timestamp":"2025-07-27 08:45:39.350"}
{"level":"info","message":"🚀 Démarrage de l'application Ophrus-Immo","service":"ophrus-backend","timestamp":"2025-07-27 08:45:39.421"}
{"level":"info","message":"⚙️ Mode: development","service":"ophrus-backend","timestamp":"2025-07-27 08:45:39.427"}
{"level":"info","message":"🟢 Node.js version: v22.12.0","service":"ophrus-backend","timestamp":"2025-07-27 08:45:39.433"}
{"email":"testuser_1753598756685393100@example.com","ip":"::1","level":"info","message":"Connexion réussie ID: 6885cb251bf26a7ff5468bdb","service":"ophrus-backend","timestamp":"2025-07-27 08:46:01.957"}
{"error":"Cannot do exclusion on field password in inclusion projection","level":"error","message":"Erreur d'authentification","service":"ophrus-backend","stack":"MongoServerError: Cannot do exclusion on field password in inclusion projection\n    at Connection.sendCommand (C:\\Users\\SERVER-GOLD\\Documents\\Ophrus-immo\\node_modules\\mongodb\\lib\\cmap\\connection.js:305:27)\n    at process.processTicksAndRejections (node:internal/process/task_queues:105:5)\n    at async Connection.command (C:\\Users\\SERVER-GOLD\\Documents\\Ophrus-immo\\node_modules\\mongodb\\lib\\cmap\\connection.js:333:26)\n    at async Server.command (C:\\Users\\SERVER-GOLD\\Documents\\Ophrus-immo\\node_modules\\mongodb\\lib\\sdam\\server.js:171:29)\n    at async FindOperation.execute (C:\\Users\\SERVER-GOLD\\Documents\\Ophrus-immo\\node_modules\\mongodb\\lib\\operations\\find.js:36:16)\n    at async tryOperation (C:\\Users\\SERVER-GOLD\\Documents\\Ophrus-immo\\node_modules\\mongodb\\lib\\operations\\execute_operation.js:207:20)\n    at async executeOperation (C:\\Users\\SERVER-GOLD\\Documents\\Ophrus-immo\\node_modules\\mongodb\\lib\\operations\\execute_operation.js:75:16)\n    at async FindCursor._initialize (C:\\Users\\SERVER-GOLD\\Documents\\Ophrus-immo\\node_modules\\mongodb\\lib\\cursor\\find_cursor.js:61:26)\n    at async FindCursor.cursorInit (C:\\Users\\SERVER-GOLD\\Documents\\Ophrus-immo\\node_modules\\mongodb\\lib\\cursor\\abstract_cursor.js:633:27)\n    at async FindCursor.fetchBatch (C:\\Users\\SERVER-GOLD\\Documents\\Ophrus-immo\\node_modules\\mongodb\\lib\\cursor\\abstract_cursor.js:667:13)","timestamp":"2025-07-27 08:46:05.023"}
{"error":"Cannot do exclusion on field password in inclusion projection","level":"error","message":"Erreur d'authentification","service":"ophrus-backend","stack":"MongoServerError: Cannot do exclusion on field password in inclusion projection\n    at Connection.sendCommand (C:\\Users\\SERVER-GOLD\\Documents\\Ophrus-immo\\node_modules\\mongodb\\lib\\cmap\\connection.js:305:27)\n    at process.processTicksAndRejections (node:internal/process/task_queues:105:5)\n    at async Connection.command (C:\\Users\\SERVER-GOLD\\Documents\\Ophrus-immo\\node_modules\\mongodb\\lib\\cmap\\connection.js:333:26)\n    at async Server.command (C:\\Users\\SERVER-GOLD\\Documents\\Ophrus-immo\\node_modules\\mongodb\\lib\\sdam\\server.js:171:29)\n    at async FindOperation.execute (C:\\Users\\SERVER-GOLD\\Documents\\Ophrus-immo\\node_modules\\mongodb\\lib\\operations\\find.js:36:16)\n    at async tryOperation (C:\\Users\\SERVER-GOLD\\Documents\\Ophrus-immo\\node_modules\\mongodb\\lib\\operations\\execute_operation.js:207:20)\n    at async executeOperation (C:\\Users\\SERVER-GOLD\\Documents\\Ophrus-immo\\node_modules\\mongodb\\lib\\operations\\execute_operation.js:75:16)\n    at async FindCursor._initialize (C:\\Users\\SERVER-GOLD\\Documents\\Ophrus-immo\\node_modules\\mongodb\\lib\\cursor\\find_cursor.js:61:26)\n    at async FindCursor.cursorInit (C:\\Users\\SERVER-GOLD\\Documents\\Ophrus-immo\\node_modules\\mongodb\\lib\\cursor\\abstract_cursor.js:633:27)\n    at async FindCursor.fetchBatch (C:\\Users\\SERVER-GOLD\\Documents\\Ophrus-immo\\node_modules\\mongodb\\lib\\cursor\\abstract_cursor.js:667:13)","timestamp":"2025-07-27 08:46:06.653"}
{"email":"testuser_1753598850534045600@example.com","ip":"::1","level":"info","message":"Connexion réussie ID: 6885cb851bf26a7ff5468be3","service":"ophrus-backend","timestamp":"2025-07-27 08:47:40.135"}
{"error":"Cannot do exclusion on field password in inclusion projection","level":"error","message":"Erreur d'authentification","service":"ophrus-backend","stack":"MongoServerError: Cannot do exclusion on field password in inclusion projection\n    at Connection.sendCommand (C:\\Users\\SERVER-GOLD\\Documents\\Ophrus-immo\\node_modules\\mongodb\\lib\\cmap\\connection.js:305:27)\n    at process.processTicksAndRejections (node:internal/process/task_queues:105:5)\n    at async Connection.command (C:\\Users\\SERVER-GOLD\\Documents\\Ophrus-immo\\node_modules\\mongodb\\lib\\cmap\\connection.js:333:26)\n    at async Server.command (C:\\Users\\SERVER-GOLD\\Documents\\Ophrus-immo\\node_modules\\mongodb\\lib\\sdam\\server.js:171:29)\n    at async FindOperation.execute (C:\\Users\\SERVER-GOLD\\Documents\\Ophrus-immo\\node_modules\\mongodb\\lib\\operations\\find.js:36:16)\n    at async tryOperation (C:\\Users\\SERVER-GOLD\\Documents\\Ophrus-immo\\node_modules\\mongodb\\lib\\operations\\execute_operation.js:207:20)\n    at async executeOperation (C:\\Users\\SERVER-GOLD\\Documents\\Ophrus-immo\\node_modules\\mongodb\\lib\\operations\\execute_operation.js:75:16)\n    at async FindCursor._initialize (C:\\Users\\SERVER-GOLD\\Documents\\Ophrus-immo\\node_modules\\mongodb\\lib\\cursor\\find_cursor.js:61:26)\n    at async FindCursor.cursorInit (C:\\Users\\SERVER-GOLD\\Documents\\Ophrus-immo\\node_modules\\mongodb\\lib\\cursor\\abstract_cursor.js:633:27)\n    at async FindCursor.fetchBatch (C:\\Users\\SERVER-GOLD\\Documents\\Ophrus-immo\\node_modules\\mongodb\\lib\\cursor\\abstract_cursor.js:667:13)","timestamp":"2025-07-27 08:47:43.074"}
{"error":"Cannot do exclusion on field password in inclusion projection","level":"error","message":"Erreur d'authentification","service":"ophrus-backend","stack":"MongoServerError: Cannot do exclusion on field password in inclusion projection\n    at Connection.sendCommand (C:\\Users\\SERVER-GOLD\\Documents\\Ophrus-immo\\node_modules\\mongodb\\lib\\cmap\\connection.js:305:27)\n    at process.processTicksAndRejections (node:internal/process/task_queues:105:5)\n    at async Connection.command (C:\\Users\\SERVER-GOLD\\Documents\\Ophrus-immo\\node_modules\\mongodb\\lib\\cmap\\connection.js:333:26)\n    at async Server.command (C:\\Users\\SERVER-GOLD\\Documents\\Ophrus-immo\\node_modules\\mongodb\\lib\\sdam\\server.js:171:29)\n    at async FindOperation.execute (C:\\Users\\SERVER-GOLD\\Documents\\Ophrus-immo\\node_modules\\mongodb\\lib\\operations\\find.js:36:16)\n    at async tryOperation (C:\\Users\\SERVER-GOLD\\Documents\\Ophrus-immo\\node_modules\\mongodb\\lib\\operations\\execute_operation.js:207:20)\n    at async executeOperation (C:\\Users\\SERVER-GOLD\\Documents\\Ophrus-immo\\node_modules\\mongodb\\lib\\operations\\execute_operation.js:75:16)\n    at async FindCursor._initialize (C:\\Users\\SERVER-GOLD\\Documents\\Ophrus-immo\\node_modules\\mongodb\\lib\\cursor\\find_cursor.js:61:26)\n    at async FindCursor.cursorInit (C:\\Users\\SERVER-GOLD\\Documents\\Ophrus-immo\\node_modules\\mongodb\\lib\\cursor\\abstract_cursor.js:633:27)\n    at async FindCursor.fetchBatch (C:\\Users\\SERVER-GOLD\\Documents\\Ophrus-immo\\node_modules\\mongodb\\lib\\cursor\\abstract_cursor.js:667:13)","timestamp":"2025-07-27 08:47:44.631"}
{"level":"info","message":"Connexion à MongoDB...","service":"ophrus-backend","timestamp":"2025-07-27 08:56:51.064"}
{"level":"info","message":"🚀 Démarrage de l'application Ophrus-Immo","service":"ophrus-backend","timestamp":"2025-07-27 08:56:51.140"}
{"level":"info","message":"⚙️ Mode: development","service":"ophrus-backend","timestamp":"2025-07-27 08:56:51.145"}
{"level":"info","message":"🟢 Node.js version: v22.12.0","service":"ophrus-backend","timestamp":"2025-07-27 08:56:51.150"}
{"email":"testuser_1753599458058714800@example.com","ip":"::1","level":"info","message":"Connexion réussie ID: 6885cde5f09fa9b8404eac47","service":"ophrus-backend","timestamp":"2025-07-27 08:57:46.939"}
{"level":"info","message":"Profil récupéré avec succès ID: 6885cde5f09fa9b8404eac47","service":"ophrus-backend","timestamp":"2025-07-27 08:57:49.781"}
{"level":"info","message":"Début upload 2 images vers Cloudinary","service":"ophrus-backend","timestamp":"2025-07-27 08:57:54.379"}
{"imagesCount":2,"level":"info","message":"Nouveau bien créé ID: 6885cdf4f09fa9b8404eac4f","service":"ophrus-backend","timestamp":"2025-07-27 08:57:56.482","titre":"Appartement Test 1753599471","ville":"TestVille"}
{"filters":0,"level":"info","limit":10,"message":"Résultats recherche - 10/18 biens trouvés","page":1,"service":"ophrus-backend","timestamp":"2025-07-27 08:58:02.194"}
{"level":"info","message":"Bien consulté ID: 6885cdf4f09fa9b8404eac4f","service":"ophrus-backend","timestamp":"2025-07-27 08:58:12.190","titre":"Appartement Test 1753599471"}
{"level":"info","message":"Bien mis à jour ID: 6885cdf4f09fa9b8404eac4f","service":"ophrus-backend","timestamp":"2025-07-27 08:58:15.206","updatedFields":["description","prix"]}
{"code":"EAUTH","command":"AUTH PLAIN","level":"error","message":"❌ Erreur brevo: Invalid login: 535 5.7.8 Authentication failed","response":"535 5.7.8 Authentication failed","responseCode":535,"service":"ophrus-backend","stack":"Error: Invalid login: 535 5.7.8 Authentication failed\n    at SMTPConnection._formatError (C:\\Users\\SERVER-GOLD\\Documents\\Ophrus-immo\\node_modules\\nodemailer\\lib\\smtp-connection\\index.js:809:19)\n    at SMTPConnection._actionAUTHComplete (C:\\Users\\SERVER-GOLD\\Documents\\Ophrus-immo\\node_modules\\nodemailer\\lib\\smtp-connection\\index.js:1588:34)\n    at SMTPConnection.<anonymous> (C:\\Users\\SERVER-GOLD\\Documents\\Ophrus-immo\\node_modules\\nodemailer\\lib\\smtp-connection\\index.js:556:26)\n    at SMTPConnection._processResponse (C:\\Users\\SERVER-GOLD\\Documents\\Ophrus-immo\\node_modules\\nodemailer\\lib\\smtp-connection\\index.js:993:20)\n    at SMTPConnection._onData (C:\\Users\\SERVER-GOLD\\Documents\\Ophrus-immo\\node_modules\\nodemailer\\lib\\smtp-connection\\index.js:774:14)\n    at SMTPConnection._onSocketData (C:\\Users\\SERVER-GOLD\\Documents\\Ophrus-immo\\node_modules\\nodemailer\\lib\\smtp-connection\\index.js:195:44)\n    at TLSSocket.emit (node:events:524:28)\n    at addChunk (node:internal/streams/readable:561:12)\n    at readableAddChunkPushByteMode (node:internal/streams/readable:512:3)\n    at Readable.push (node:internal/streams/readable:392:5)","timestamp":"2025-07-27 08:58:19.527"}
{"level":"info","message":"🔄 Tentative de fallback vers Resend...","service":"ophrus-backend","timestamp":"2025-07-27 08:58:19.537"}
{"level":"info","message":"✅ Email envoyé avec Resend (fallback) à testuser_1753599458058714800@example.com","service":"ophrus-backend","timestamp":"2025-07-27 08:58:21.331"}
{"level":"info","message":"Code de réinitialisation envoyé à: testuser_1753599458058714800@example.com","service":"ophrus-backend","timestamp":"2025-07-27 08:58:21.337","userId":"6885cde5f09fa9b8404eac47"}
{"level":"error","message":"Utilisateur non trouvé ou refreshTokens non défini lors de la déconnexion ID: 6885cde5f09fa9b8404eac47","service":"ophrus-backend","timestamp":"2025-07-27 08:58:22.891"}
{"email":"admin_1753599458255172000@example.com","ip":"::1","level":"info","message":"Connexion réussie ID: 6885ce10f09fa9b8404eac77","service":"ophrus-backend","timestamp":"2025-07-27 08:58:28.055"}
{"level":"info","message":"Début suppression 2 images Cloudinary","service":"ophrus-backend","timestamp":"2025-07-27 08:58:38.815"}
{"level":"info","message":"Bien supprimé ID: 6885cdf4f09fa9b8404eac4f","service":"ophrus-backend","timestamp":"2025-07-27 08:58:40.867"}
{"level":"error","message":"Utilisateur non trouvé ou refreshTokens non défini lors de la déconnexion ID: 6885ce10f09fa9b8404eac77","service":"ophrus-backend","timestamp":"2025-07-27 08:58:42.301"}
{"level":"warn","message":"Email déjà utilisé: mayalachristgottlieb@gmail.com","service":"ophrus-backend","timestamp":"2025-07-27 09:01:05.573"}
{"email":"bawohi7127@7tul.com","ip":"::1","level":"info","message":"Connexion réussie ID: 6885cf27f09fa9b8404eac8c","service":"ophrus-backend","timestamp":"2025-07-27 09:03:07.930"}
{"level":"info","message":"Profil récupéré avec succès ID: 6885cf27f09fa9b8404eac8c","service":"ophrus-backend","timestamp":"2025-07-27 09:03:10.679"}
{"level":"info","message":"Début upload 2 images vers Cloudinary","service":"ophrus-backend","timestamp":"2025-07-27 09:03:15.311"}
{"imagesCount":2,"level":"info","message":"Nouveau bien créé ID: 6885cf35f09fa9b8404eac94","service":"ophrus-backend","timestamp":"2025-07-27 09:03:18.391","titre":"Appartement Test 1753599791","ville":"TestVille"}
{"filters":0,"level":"info","limit":10,"message":"Résultats recherche - 10/18 biens trouvés","page":1,"service":"ophrus-backend","timestamp":"2025-07-27 09:03:21.488"}
{"level":"info","message":"Bien consulté ID: 6885cf35f09fa9b8404eac94","service":"ophrus-backend","timestamp":"2025-07-27 09:03:29.889","titre":"Appartement Test 1753599791"}
{"level":"info","message":"Bien mis à jour ID: 6885cf35f09fa9b8404eac94","service":"ophrus-backend","timestamp":"2025-07-27 09:03:33.180","updatedFields":["description","prix"]}
{"code":"EAUTH","command":"AUTH PLAIN","level":"error","message":"❌ Erreur brevo: Invalid login: 535 5.7.8 Authentication failed","response":"535 5.7.8 Authentication failed","responseCode":535,"service":"ophrus-backend","stack":"Error: Invalid login: 535 5.7.8 Authentication failed\n    at SMTPConnection._formatError (C:\\Users\\SERVER-GOLD\\Documents\\Ophrus-immo\\node_modules\\nodemailer\\lib\\smtp-connection\\index.js:809:19)\n    at SMTPConnection._actionAUTHComplete (C:\\Users\\SERVER-GOLD\\Documents\\Ophrus-immo\\node_modules\\nodemailer\\lib\\smtp-connection\\index.js:1588:34)\n    at SMTPConnection.<anonymous> (C:\\Users\\SERVER-GOLD\\Documents\\Ophrus-immo\\node_modules\\nodemailer\\lib\\smtp-connection\\index.js:556:26)\n    at SMTPConnection._processResponse (C:\\Users\\SERVER-GOLD\\Documents\\Ophrus-immo\\node_modules\\nodemailer\\lib\\smtp-connection\\index.js:993:20)\n    at SMTPConnection._onData (C:\\Users\\SERVER-GOLD\\Documents\\Ophrus-immo\\node_modules\\nodemailer\\lib\\smtp-connection\\index.js:774:14)\n    at SMTPConnection._onSocketData (C:\\Users\\SERVER-GOLD\\Documents\\Ophrus-immo\\node_modules\\nodemailer\\lib\\smtp-connection\\index.js:195:44)\n    at TLSSocket.emit (node:events:524:28)\n    at addChunk (node:internal/streams/readable:561:12)\n    at readableAddChunkPushByteMode (node:internal/streams/readable:512:3)\n    at Readable.push (node:internal/streams/readable:392:5)","timestamp":"2025-07-27 09:03:37.002"}
{"level":"info","message":"🔄 Tentative de fallback vers Resend...","service":"ophrus-backend","timestamp":"2025-07-27 09:03:37.038"}
{"level":"info","message":"✅ Email envoyé avec Resend (fallback) à bawohi7127@7tul.com","service":"ophrus-backend","timestamp":"2025-07-27 09:03:38.874"}
{"level":"info","message":"Code de réinitialisation envoyé à: bawohi7127@7tul.com","service":"ophrus-backend","timestamp":"2025-07-27 09:03:38.879","userId":"6885cf27f09fa9b8404eac8c"}
{"level":"error","message":"Utilisateur non trouvé ou refreshTokens non défini lors de la déconnexion ID: 6885cf27f09fa9b8404eac8c","service":"ophrus-backend","timestamp":"2025-07-27 09:03:40.459"}
{"email":"admin_1753599782073142800@example.com","ip":"::1","level":"info","message":"Connexion réussie ID: 6885cf4ef09fa9b8404eacbc","service":"ophrus-backend","timestamp":"2025-07-27 09:03:48.649"}
{"level":"info","message":"Début suppression 2 images Cloudinary","service":"ophrus-backend","timestamp":"2025-07-27 09:04:04.073"}
{"level":"info","message":"Bien supprimé ID: 6885cf35f09fa9b8404eac94","service":"ophrus-backend","timestamp":"2025-07-27 09:04:06.443"}
{"level":"error","message":"Utilisateur non trouvé ou refreshTokens non défini lors de la déconnexion ID: 6885cf4ef09fa9b8404eacbc","service":"ophrus-backend","timestamp":"2025-07-27 09:04:07.928"}
{"level":"info","message":"Reconnecté à MongoDB","service":"ophrus-backend","timestamp":"2025-07-27 09:20:34.521"}
