{"level":"info","message":"Connexion à MongoDB...","service":"ophrus-backend","timestamp":"2025-07-30 09:57:23.467"}
{"level":"info","message":"🚀 Démarrage de l'application Ophrus-Immo","service":"ophrus-backend","timestamp":"2025-07-30 09:57:23.973"}
{"level":"info","message":"⚙️ Mode: development","service":"ophrus-backend","timestamp":"2025-07-30 09:57:23.987"}
{"level":"info","message":"🟢 Node.js version: v22.12.0","service":"ophrus-backend","timestamp":"2025-07-30 09:57:24.063"}
{"level":"debug","message":"Tentative d'inscription: testuser_1753862330650089900@example.com","service":"ophrus-backend","timestamp":"2025-07-30 09:58:59.077"}
{"level":"http","message":"::1 POST /api/users/register 201 523 - 1809.862 ms [30/Jul/2025:07:59:00 +0000] \"user-agent\" no-trace","service":"ophrus-backend","timestamp":"2025-07-30 09:59:00.844"}
{"level":"http","message":"::1 POST /api/users/register 201 523 - 1809.862 ms [30/Jul/2025:07:59:00 +0000] \"user-agent\" no-trace","service":"ophrus-backend","timestamp":"2025-07-30 09:59:00.847"}
{"level":"debug","message":"Requête de connexion reçue: {\"email\":\"testuser_1753862330650089900@example.com\",\"password\":\"TestPass123*\"}","service":"ophrus-backend","timestamp":"2025-07-30 09:59:03.415"}
{"level":"debug","message":"Tentative de connexion: testuser_1753862330650089900@example.com","service":"ophrus-backend","timestamp":"2025-07-30 09:59:03.419"}
{"level":"debug","message":"Utilisateur trouvé: testuser_1753862330650089900@example.com","service":"ophrus-backend","timestamp":"2025-07-30 09:59:03.872"}
{"level":"debug","message":"Password provided: TestPass123*","service":"ophrus-backend","timestamp":"2025-07-30 09:59:04.029"}
{"level":"debug","message":"Hashed password from DB: $2a$10$h0HmqucNYNiHOl7kzTO0IuLLf4zdnZHOdSpYiVLCxiB.ibzIsrv2G","service":"ophrus-backend","timestamp":"2025-07-30 09:59:04.031"}
{"level":"debug","message":"Password match result: true","service":"ophrus-backend","timestamp":"2025-07-30 09:59:04.033"}
{"email":"testuser_1753862330650089900@example.com","ip":"::1","level":"info","message":"Connexion réussie ID: 6889d0c3e04d296e8ea81457","service":"ophrus-backend","timestamp":"2025-07-30 09:59:04.789"}
{"level":"http","message":"::1 POST /api/users/login 200 489 - 1383.130 ms [30/Jul/2025:07:59:04 +0000] \"user-agent\" no-trace","service":"ophrus-backend","timestamp":"2025-07-30 09:59:04.795"}
{"level":"http","message":"::1 POST /api/users/login 200 489 - 1383.130 ms [30/Jul/2025:07:59:04 +0000] \"user-agent\" no-trace","service":"ophrus-backend","timestamp":"2025-07-30 09:59:04.796"}
{"level":"debug","message":"Récupération du profil utilisateur ID: 6889d0c3e04d296e8ea81457","service":"ophrus-backend","timestamp":"2025-07-30 09:59:06.734"}
{"level":"info","message":"Profil récupéré avec succès ID: 6889d0c3e04d296e8ea81457","service":"ophrus-backend","timestamp":"2025-07-30 09:59:07.261"}
{"level":"http","message":"::1 GET /api/users/profil 200 269 - 875.269 ms [30/Jul/2025:07:59:07 +0000] \"user-agent\" no-trace","service":"ophrus-backend","timestamp":"2025-07-30 09:59:07.269"}
{"level":"http","message":"::1 GET /api/users/profil 200 269 - 875.269 ms [30/Jul/2025:07:59:07 +0000] \"user-agent\" no-trace","service":"ophrus-backend","timestamp":"2025-07-30 09:59:07.271"}
{"body":{"adresse":"123 Rue de Test","anneeConstruction":"2000","caracteristiques":"Balcon,Parking","codePostal":"12345","description":"Bel appartement de test","images":"[...]","latitude":"48.8566","longitude":"2.3522","nombreChambres":"2","nombreSallesDeBain":"1","pays":"TestPays","prix":"250000","statut":"A Vendre","surface":"75","titre":"Appartement Test 1753862348","typeBien":"Appartement","ville":"TestVille"},"filesCount":2,"level":"debug","message":"Tentative création bien par user: 6889d0c3e04d296e8ea81457","service":"ophrus-backend","timestamp":"2025-07-30 09:59:13.542"}
{"level":"info","message":"Début upload 2 images vers Cloudinary","service":"ophrus-backend","timestamp":"2025-07-30 09:59:13.547"}
{"level":"debug","message":"Image uploadée: ophrus-annonces/qfheairepttmcdn7gs3l","service":"ophrus-backend","timestamp":"2025-07-30 09:59:14.886"}
{"level":"debug","message":"Image uploadée: ophrus-annonces/u0twfxsdcc6v8koeemlj","service":"ophrus-backend","timestamp":"2025-07-30 09:59:16.196"}
{"imagesCount":2,"level":"info","message":"Nouveau bien créé ID: 6889d0d4e04d296e8ea8145f","service":"ophrus-backend","timestamp":"2025-07-30 09:59:16.786","titre":"Appartement Test 1753862348","ville":"TestVille"}
{"level":"http","message":"::1 POST /api/properties 201 957 - 7640.565 ms [30/Jul/2025:07:59:16 +0000] \"user-agent\" no-trace","service":"ophrus-backend","timestamp":"2025-07-30 09:59:16.796"}
{"level":"http","message":"::1 POST /api/properties 201 957 - 7640.565 ms [30/Jul/2025:07:59:16 +0000] \"user-agent\" no-trace","service":"ophrus-backend","timestamp":"2025-07-30 09:59:16.806"}
{"level":"debug","message":"Recherche de biens avec filtres","query":{},"service":"ophrus-backend","timestamp":"2025-07-30 09:59:19.135"}
{"filters":0,"level":"info","limit":10,"message":"Résultats recherche - 4/4 biens trouvés","page":1,"service":"ophrus-backend","timestamp":"2025-07-30 09:59:20.162"}
{"level":"http","message":"::1 GET /api/properties 200 3796 - 1034.574 ms [30/Jul/2025:07:59:20 +0000] \"user-agent\" no-trace","service":"ophrus-backend","timestamp":"2025-07-30 09:59:20.171"}
{"level":"http","message":"::1 GET /api/properties 200 3796 - 1034.574 ms [30/Jul/2025:07:59:20 +0000] \"user-agent\" no-trace","service":"ophrus-backend","timestamp":"2025-07-30 09:59:20.173"}
{"level":"debug","message":"Consultation bien ID: 6889d0d4e04d296e8ea8145f","service":"ophrus-backend","timestamp":"2025-07-30 09:59:23.807"}
{"level":"info","message":"Bien consulté ID: 6889d0d4e04d296e8ea8145f","service":"ophrus-backend","timestamp":"2025-07-30 09:59:24.445","titre":"Appartement Test 1753862348"}
{"level":"http","message":"::1 GET /api/properties/6889d0d4e04d296e8ea8145f 200 1011 - 643.787 ms [30/Jul/2025:07:59:24 +0000] \"user-agent\" no-trace","service":"ophrus-backend","timestamp":"2025-07-30 09:59:24.452"}
{"level":"http","message":"::1 GET /api/properties/6889d0d4e04d296e8ea8145f 200 1011 - 643.787 ms [30/Jul/2025:07:59:24 +0000] \"user-agent\" no-trace","service":"ophrus-backend","timestamp":"2025-07-30 09:59:24.455"}
{"level":"debug","message":"Tentative mise à jour bien ID: 6889d0d4e04d296e8ea8145f","service":"ophrus-backend","timestamp":"2025-07-30 09:59:26.515","updatedFields":["prix","description"]}
{"level":"info","message":"Bien mis à jour ID: 6889d0d4e04d296e8ea8145f","service":"ophrus-backend","timestamp":"2025-07-30 09:59:27.192","updatedFields":["description","prix"]}
{"level":"http","message":"::1 PUT /api/properties/6889d0d4e04d296e8ea8145f 200 978 - 1020.586 ms [30/Jul/2025:07:59:27 +0000] \"user-agent\" no-trace","service":"ophrus-backend","timestamp":"2025-07-30 09:59:27.199"}
{"level":"http","message":"::1 PUT /api/properties/6889d0d4e04d296e8ea8145f 200 978 - 1020.586 ms [30/Jul/2025:07:59:27 +0000] \"user-agent\" no-trace","service":"ophrus-backend","timestamp":"2025-07-30 09:59:27.201"}
{"level":"debug","message":"Demande de réinitialisation de mot de passe pour: testuser_1753862330650089900@example.com","service":"ophrus-backend","timestamp":"2025-07-30 09:59:29.425"}
{"code":"EAUTH","command":"AUTH PLAIN","level":"error","message":"❌ Erreur brevo: Invalid login: 535 5.7.8 Authentication failed","response":"535 5.7.8 Authentication failed","responseCode":535,"service":"ophrus-backend","stack":"Error: Invalid login: 535 5.7.8 Authentication failed\n    at SMTPConnection._formatError (C:\\Users\\SERVER-GOLD\\Documents\\Ophrus-immo\\node_modules\\nodemailer\\lib\\smtp-connection\\index.js:809:19)\n    at SMTPConnection._actionAUTHComplete (C:\\Users\\SERVER-GOLD\\Documents\\Ophrus-immo\\node_modules\\nodemailer\\lib\\smtp-connection\\index.js:1588:34)\n    at SMTPConnection.<anonymous> (C:\\Users\\SERVER-GOLD\\Documents\\Ophrus-immo\\node_modules\\nodemailer\\lib\\smtp-connection\\index.js:556:26)\n    at SMTPConnection._processResponse (C:\\Users\\SERVER-GOLD\\Documents\\Ophrus-immo\\node_modules\\nodemailer\\lib\\smtp-connection\\index.js:993:20)\n    at SMTPConnection._onData (C:\\Users\\SERVER-GOLD\\Documents\\Ophrus-immo\\node_modules\\nodemailer\\lib\\smtp-connection\\index.js:774:14)\n    at SMTPConnection._onSocketData (C:\\Users\\SERVER-GOLD\\Documents\\Ophrus-immo\\node_modules\\nodemailer\\lib\\smtp-connection\\index.js:195:44)\n    at TLSSocket.emit (node:events:524:28)\n    at addChunk (node:internal/streams/readable:561:12)\n    at readableAddChunkPushByteMode (node:internal/streams/readable:512:3)\n    at Readable.push (node:internal/streams/readable:392:5)","timestamp":"2025-07-30 09:59:36.799"}
{"level":"info","message":"🔄 Tentative de fallback vers Resend...","service":"ophrus-backend","timestamp":"2025-07-30 09:59:36.804"}
{"level":"info","message":"✅ Email envoyé avec Resend (fallback) à testuser_1753862330650089900@example.com","service":"ophrus-backend","timestamp":"2025-07-30 09:59:41.347"}
{"level":"info","message":"Code de réinitialisation envoyé à: testuser_1753862330650089900@example.com","service":"ophrus-backend","timestamp":"2025-07-30 09:59:41.350","userId":"6889d0c3e04d296e8ea81457"}
{"level":"http","message":"::1 POST /api/users/reset-request 200 37 - 11931.445 ms [30/Jul/2025:07:59:41 +0000] \"user-agent\" no-trace","service":"ophrus-backend","timestamp":"2025-07-30 09:59:41.356"}
{"level":"http","message":"::1 POST /api/users/reset-request 200 37 - 11931.445 ms [30/Jul/2025:07:59:41 +0000] \"user-agent\" no-trace","service":"ophrus-backend","timestamp":"2025-07-30 09:59:41.357"}
{"level":"debug","message":"Tentative de déconnexion","service":"ophrus-backend","timestamp":"2025-07-30 09:59:42.437"}
{"level":"error","message":"Utilisateur non trouvé ou refreshTokens non défini lors de la déconnexion ID: 6889d0c3e04d296e8ea81457","service":"ophrus-backend","timestamp":"2025-07-30 09:59:43.635"}
{"level":"http","message":"::1 POST /api/users/logout 200 36 - 1202.175 ms [30/Jul/2025:07:59:43 +0000] \"user-agent\" no-trace","service":"ophrus-backend","timestamp":"2025-07-30 09:59:43.640"}
{"level":"http","message":"::1 POST /api/users/logout 200 36 - 1202.175 ms [30/Jul/2025:07:59:43 +0000] \"user-agent\" no-trace","service":"ophrus-backend","timestamp":"2025-07-30 09:59:43.642"}
{"level":"debug","message":"Tentative d'inscription: admin_1753862331068450800@example.com","service":"ophrus-backend","timestamp":"2025-07-30 09:59:44.499"}
{"level":"http","message":"::1 POST /api/users/register 201 521 - 1409.928 ms [30/Jul/2025:07:59:45 +0000] \"user-agent\" no-trace","service":"ophrus-backend","timestamp":"2025-07-30 09:59:45.903"}
{"level":"http","message":"::1 POST /api/users/register 201 521 - 1409.928 ms [30/Jul/2025:07:59:45 +0000] \"user-agent\" no-trace","service":"ophrus-backend","timestamp":"2025-07-30 09:59:45.906"}
{"level":"debug","message":"Requête de connexion reçue: {\"email\":\"admin_1753862331068450800@example.com\",\"password\":\"AdminPass123*\"}","service":"ophrus-backend","timestamp":"2025-07-30 09:59:48.561"}
{"level":"debug","message":"Tentative de connexion: admin_1753862331068450800@example.com","service":"ophrus-backend","timestamp":"2025-07-30 09:59:48.574"}
{"level":"debug","message":"Utilisateur trouvé: admin_1753862331068450800@example.com","service":"ophrus-backend","timestamp":"2025-07-30 09:59:49.327"}
{"level":"debug","message":"Password provided: AdminPass123*","service":"ophrus-backend","timestamp":"2025-07-30 09:59:49.736"}
{"level":"debug","message":"Hashed password from DB: $2a$10$g6RR3MyoUSuXHll3rGEYGu5Voo09CIeFjc3Zm8Y0LaoUsfWw1uR9G","service":"ophrus-backend","timestamp":"2025-07-30 09:59:49.749"}
{"level":"debug","message":"Password match result: true","service":"ophrus-backend","timestamp":"2025-07-30 09:59:49.753"}
{"email":"admin_1753862331068450800@example.com","ip":"::1","level":"info","message":"Connexion réussie ID: 6889d0f1e04d296e8ea8147b","service":"ophrus-backend","timestamp":"2025-07-30 09:59:50.422"}
{"level":"http","message":"::1 POST /api/users/login 200 487 - 2260.843 ms [30/Jul/2025:07:59:50 +0000] \"user-agent\" no-trace","service":"ophrus-backend","timestamp":"2025-07-30 09:59:50.821"}
{"level":"http","message":"::1 POST /api/users/login 200 487 - 2260.843 ms [30/Jul/2025:07:59:50 +0000] \"user-agent\" no-trace","service":"ophrus-backend","timestamp":"2025-07-30 09:59:50.823"}
{"level":"warn","message":"Tentative d'accès admin non autorisé par admin_1753862331068450800@example.com","service":"ophrus-backend","timestamp":"2025-07-30 09:59:54.567"}
{"level":"http","message":"::1 GET /api/admin/users 403 66 - 1372.887 ms [30/Jul/2025:07:59:54 +0000] \"user-agent\" no-trace","service":"ophrus-backend","timestamp":"2025-07-30 09:59:54.572"}
{"level":"http","message":"::1 GET /api/admin/users 403 66 - 1372.887 ms [30/Jul/2025:07:59:54 +0000] \"user-agent\" no-trace","service":"ophrus-backend","timestamp":"2025-07-30 09:59:54.574"}
{"level":"debug","message":"Tentative d'inscription: tempuser_1753862395902107400@example.com","service":"ophrus-backend","timestamp":"2025-07-30 09:59:56.038"}
{"level":"http","message":"::1 POST /api/users/register 201 523 - 1519.339 ms [30/Jul/2025:07:59:57 +0000] \"user-agent\" no-trace","service":"ophrus-backend","timestamp":"2025-07-30 09:59:57.552"}
{"level":"http","message":"::1 POST /api/users/register 201 523 - 1519.339 ms [30/Jul/2025:07:59:57 +0000] \"user-agent\" no-trace","service":"ophrus-backend","timestamp":"2025-07-30 09:59:57.555"}
{"level":"warn","message":"Tentative d'accès admin non autorisé par admin_1753862331068450800@example.com","service":"ophrus-backend","timestamp":"2025-07-30 09:59:58.310"}
{"level":"http","message":"::1 DELETE /api/admin/users/6889d0fce04d296e8ea81482 403 66 - 348.897 ms [30/Jul/2025:07:59:58 +0000] \"user-agent\" no-trace","service":"ophrus-backend","timestamp":"2025-07-30 09:59:58.315"}
{"level":"http","message":"::1 DELETE /api/admin/users/6889d0fce04d296e8ea81482 403 66 - 348.897 ms [30/Jul/2025:07:59:58 +0000] \"user-agent\" no-trace","service":"ophrus-backend","timestamp":"2025-07-30 09:59:58.318"}
{"level":"warn","message":"Tentative d'accès admin non autorisé par admin_1753862331068450800@example.com","service":"ophrus-backend","timestamp":"2025-07-30 09:59:59.696"}
{"level":"http","message":"::1 GET /api/admin/users/deleted 403 66 - 395.171 ms [30/Jul/2025:07:59:59 +0000] \"user-agent\" no-trace","service":"ophrus-backend","timestamp":"2025-07-30 09:59:59.701"}
{"level":"http","message":"::1 GET /api/admin/users/deleted 403 66 - 395.171 ms [30/Jul/2025:07:59:59 +0000] \"user-agent\" no-trace","service":"ophrus-backend","timestamp":"2025-07-30 09:59:59.703"}
{"level":"warn","message":"Tentative d'accès admin non autorisé par admin_1753862331068450800@example.com","service":"ophrus-backend","timestamp":"2025-07-30 10:00:00.893"}
{"level":"http","message":"::1 PATCH /api/admin/users/6889d0fce04d296e8ea81482/restore 403 66 - 375.636 ms [30/Jul/2025:08:00:00 +0000] \"user-agent\" no-trace","service":"ophrus-backend","timestamp":"2025-07-30 10:00:00.899"}
{"level":"http","message":"::1 PATCH /api/admin/users/6889d0fce04d296e8ea81482/restore 403 66 - 375.636 ms [30/Jul/2025:08:00:00 +0000] \"user-agent\" no-trace","service":"ophrus-backend","timestamp":"2025-07-30 10:00:00.901"}
{"level":"debug","message":"Tentative suppression bien ID: 6889d0d4e04d296e8ea8145f par user: 6889d0c3e04d296e8ea81457","service":"ophrus-backend","timestamp":"2025-07-30 10:00:02.129"}
{"level":"info","message":"Début suppression 2 images Cloudinary","service":"ophrus-backend","timestamp":"2025-07-30 10:00:02.495"}
{"level":"debug","message":"Image supprimée: ophrus-annonces/qfheairepttmcdn7gs3l","service":"ophrus-backend","timestamp":"2025-07-30 10:00:04.116"}
{"level":"debug","message":"Image supprimée: ophrus-annonces/u0twfxsdcc6v8koeemlj","service":"ophrus-backend","timestamp":"2025-07-30 10:00:04.866"}
{"level":"info","message":"Bien supprimé ID: 6889d0d4e04d296e8ea8145f","service":"ophrus-backend","timestamp":"2025-07-30 10:00:05.207"}
{"level":"http","message":"::1 DELETE /api/properties/6889d0d4e04d296e8ea8145f 200 29 - 3444.074 ms [30/Jul/2025:08:00:05 +0000] \"user-agent\" no-trace","service":"ophrus-backend","timestamp":"2025-07-30 10:00:05.211"}
{"level":"http","message":"::1 DELETE /api/properties/6889d0d4e04d296e8ea8145f 200 29 - 3444.074 ms [30/Jul/2025:08:00:05 +0000] \"user-agent\" no-trace","service":"ophrus-backend","timestamp":"2025-07-30 10:00:05.213"}
{"level":"debug","message":"Tentative de déconnexion","service":"ophrus-backend","timestamp":"2025-07-30 10:00:06.030"}
{"level":"error","message":"Utilisateur non trouvé ou refreshTokens non défini lors de la déconnexion ID: 6889d0f1e04d296e8ea8147b","service":"ophrus-backend","timestamp":"2025-07-30 10:00:06.372"}
{"level":"http","message":"::1 POST /api/users/logout 200 36 - 345.806 ms [30/Jul/2025:08:00:06 +0000] \"user-agent\" no-trace","service":"ophrus-backend","timestamp":"2025-07-30 10:00:06.377"}
{"level":"http","message":"::1 POST /api/users/logout 200 36 - 345.806 ms [30/Jul/2025:08:00:06 +0000] \"user-agent\" no-trace","service":"ophrus-backend","timestamp":"2025-07-30 10:00:06.380"}
{"level":"info","message":"Connexion à MongoDB...","service":"ophrus-backend","timestamp":"2025-07-30 10:21:04.366"}
{"level":"info","message":"🚀 Démarrage de l'application Ophrus-Immo","service":"ophrus-backend","timestamp":"2025-07-30 10:21:04.503"}
{"level":"info","message":"⚙️ Mode: development","service":"ophrus-backend","timestamp":"2025-07-30 10:21:04.511"}
{"level":"info","message":"🟢 Node.js version: v22.12.0","service":"ophrus-backend","timestamp":"2025-07-30 10:21:04.516"}
{"level":"debug","message":"Tentative d'inscription: testuser_1753863708638432700@example.com","service":"ophrus-backend","timestamp":"2025-07-30 10:21:50.316"}
{"level":"http","message":"::1 POST /api/users/register 201 523 - 3384.053 ms [30/Jul/2025:08:21:53 +0000] \"user-agent\" no-trace","service":"ophrus-backend","timestamp":"2025-07-30 10:21:53.383"}
{"level":"http","message":"::1 POST /api/users/register 201 523 - 3384.053 ms [30/Jul/2025:08:21:53 +0000] \"user-agent\" no-trace","service":"ophrus-backend","timestamp":"2025-07-30 10:21:53.497"}
{"level":"debug","message":"Requête de connexion reçue: {\"email\":\"testuser_1753863708638432700@example.com\",\"password\":\"TestPass123*\"}","service":"ophrus-backend","timestamp":"2025-07-30 10:22:04.955"}
{"level":"debug","message":"Tentative de connexion: testuser_1753863708638432700@example.com","service":"ophrus-backend","timestamp":"2025-07-30 10:22:04.962"}
{"level":"debug","message":"Utilisateur trouvé: testuser_1753863708638432700@example.com","service":"ophrus-backend","timestamp":"2025-07-30 10:22:05.684"}
{"level":"debug","message":"Password provided: TestPass123*","service":"ophrus-backend","timestamp":"2025-07-30 10:22:06.026"}
{"level":"debug","message":"Hashed password from DB: $2a$10$8kNQydD11UqQwDgDOpZbLuDLQgVz1xq/anjJTAWS60lvdVOYWEzaK","service":"ophrus-backend","timestamp":"2025-07-30 10:22:06.029"}
{"level":"debug","message":"Password match result: true","service":"ophrus-backend","timestamp":"2025-07-30 10:22:06.032"}
{"email":"testuser_1753863708638432700@example.com","ip":"::1","level":"info","message":"Connexion réussie ID: 6889d6204994af842efcc578","service":"ophrus-backend","timestamp":"2025-07-30 10:22:06.480"}
{"level":"http","message":"::1 POST /api/users/login 200 489 - 1536.361 ms [30/Jul/2025:08:22:06 +0000] \"user-agent\" no-trace","service":"ophrus-backend","timestamp":"2025-07-30 10:22:06.486"}
{"level":"http","message":"::1 POST /api/users/login 200 489 - 1536.361 ms [30/Jul/2025:08:22:06 +0000] \"user-agent\" no-trace","service":"ophrus-backend","timestamp":"2025-07-30 10:22:06.492"}
{"level":"debug","message":"Récupération du profil utilisateur ID: 6889d6204994af842efcc578","service":"ophrus-backend","timestamp":"2025-07-30 10:22:11.049"}
{"level":"info","message":"Profil récupéré avec succès ID: 6889d6204994af842efcc578","service":"ophrus-backend","timestamp":"2025-07-30 10:22:11.639"}
{"level":"http","message":"::1 GET /api/users/profil 200 253 - 1046.437 ms [30/Jul/2025:08:22:11 +0000] \"user-agent\" no-trace","service":"ophrus-backend","timestamp":"2025-07-30 10:22:11.655"}
{"level":"http","message":"::1 GET /api/users/profil 200 253 - 1046.437 ms [30/Jul/2025:08:22:11 +0000] \"user-agent\" no-trace","service":"ophrus-backend","timestamp":"2025-07-30 10:22:11.660"}
{"body":{"adresse":"123 Rue de Test","anneeConstruction":"2000","caracteristiques":"Balcon,Parking","codePostal":"12345","description":"Bel appartement de test","images":"[...]","latitude":"48.8566","longitude":"2.3522","nombreChambres":"2","nombreSallesDeBain":"1","pays":"TestPays","prix":"250000","statut":"A Vendre","surface":"75","titre":"Appartement Test 1753863733","typeBien":"Appartement","ville":"TestVille"},"filesCount":2,"level":"debug","message":"Tentative création bien par user: 6889d6204994af842efcc578","service":"ophrus-backend","timestamp":"2025-07-30 10:22:18.658"}
{"level":"info","message":"Début upload 2 images vers Cloudinary","service":"ophrus-backend","timestamp":"2025-07-30 10:22:18.718"}
{"level":"debug","message":"Image uploadée: ophrus-annonces/ghpjxascjoccwqvmpyqq","service":"ophrus-backend","timestamp":"2025-07-30 10:22:20.482"}
{"level":"debug","message":"Image uploadée: ophrus-annonces/csybigezavmepxkglkvw","service":"ophrus-backend","timestamp":"2025-07-30 10:22:21.738"}
{"imagesCount":2,"level":"info","message":"Nouveau bien créé ID: 6889d63d4994af842efcc580","service":"ophrus-backend","timestamp":"2025-07-30 10:22:22.376","titre":"Appartement Test 1753863733","ville":"TestVille"}
{"level":"http","message":"::1 POST /api/properties 201 957 - 8352.126 ms [30/Jul/2025:08:22:22 +0000] \"user-agent\" no-trace","service":"ophrus-backend","timestamp":"2025-07-30 10:22:22.390"}
{"level":"http","message":"::1 POST /api/properties 201 957 - 8352.126 ms [30/Jul/2025:08:22:22 +0000] \"user-agent\" no-trace","service":"ophrus-backend","timestamp":"2025-07-30 10:22:22.393"}
{"level":"debug","message":"Recherche de biens avec filtres","query":{},"service":"ophrus-backend","timestamp":"2025-07-30 10:22:29.197"}
{"filters":0,"level":"info","limit":10,"message":"Résultats recherche - 4/4 biens trouvés","page":1,"service":"ophrus-backend","timestamp":"2025-07-30 10:22:30.744"}
{"level":"http","message":"::1 GET /api/properties 200 3796 - 1565.298 ms [30/Jul/2025:08:22:30 +0000] \"user-agent\" no-trace","service":"ophrus-backend","timestamp":"2025-07-30 10:22:30.763"}
{"level":"http","message":"::1 GET /api/properties 200 3796 - 1565.298 ms [30/Jul/2025:08:22:30 +0000] \"user-agent\" no-trace","service":"ophrus-backend","timestamp":"2025-07-30 10:22:30.776"}
{"level":"debug","message":"Consultation bien ID: 6889d63d4994af842efcc580","service":"ophrus-backend","timestamp":"2025-07-30 10:22:49.321"}
{"level":"info","message":"Bien consulté ID: 6889d63d4994af842efcc580","service":"ophrus-backend","timestamp":"2025-07-30 10:22:50.288","titre":"Appartement Test 1753863733"}
{"level":"http","message":"::1 GET /api/properties/6889d63d4994af842efcc580 200 1011 - 973.265 ms [30/Jul/2025:08:22:50 +0000] \"user-agent\" no-trace","service":"ophrus-backend","timestamp":"2025-07-30 10:22:50.295"}
{"level":"http","message":"::1 GET /api/properties/6889d63d4994af842efcc580 200 1011 - 973.265 ms [30/Jul/2025:08:22:50 +0000] \"user-agent\" no-trace","service":"ophrus-backend","timestamp":"2025-07-30 10:22:50.298"}
{"level":"debug","message":"Tentative mise à jour bien ID: 6889d63d4994af842efcc580","service":"ophrus-backend","timestamp":"2025-07-30 10:22:56.400","updatedFields":["prix","description"]}
{"level":"info","message":"Bien mis à jour ID: 6889d63d4994af842efcc580","service":"ophrus-backend","timestamp":"2025-07-30 10:22:57.401","updatedFields":["description","prix"]}
{"level":"http","message":"::1 PUT /api/properties/6889d63d4994af842efcc580 200 978 - 1473.745 ms [30/Jul/2025:08:22:57 +0000] \"user-agent\" no-trace","service":"ophrus-backend","timestamp":"2025-07-30 10:22:57.435"}
{"level":"http","message":"::1 PUT /api/properties/6889d63d4994af842efcc580 200 978 - 1473.745 ms [30/Jul/2025:08:22:57 +0000] \"user-agent\" no-trace","service":"ophrus-backend","timestamp":"2025-07-30 10:22:57.440"}
{"level":"debug","message":"Demande de réinitialisation de mot de passe pour: testuser_1753863708638432700@example.com","service":"ophrus-backend","timestamp":"2025-07-30 10:23:06.743"}
{"code":"EAUTH","command":"AUTH PLAIN","level":"error","message":"❌ Erreur brevo: Invalid login: 535 5.7.8 Authentication failed","response":"535 5.7.8 Authentication failed","responseCode":535,"service":"ophrus-backend","stack":"Error: Invalid login: 535 5.7.8 Authentication failed\n    at SMTPConnection._formatError (C:\\Users\\SERVER-GOLD\\Documents\\Ophrus-immo\\node_modules\\nodemailer\\lib\\smtp-connection\\index.js:809:19)\n    at SMTPConnection._actionAUTHComplete (C:\\Users\\SERVER-GOLD\\Documents\\Ophrus-immo\\node_modules\\nodemailer\\lib\\smtp-connection\\index.js:1588:34)\n    at SMTPConnection.<anonymous> (C:\\Users\\SERVER-GOLD\\Documents\\Ophrus-immo\\node_modules\\nodemailer\\lib\\smtp-connection\\index.js:556:26)\n    at SMTPConnection._processResponse (C:\\Users\\SERVER-GOLD\\Documents\\Ophrus-immo\\node_modules\\nodemailer\\lib\\smtp-connection\\index.js:993:20)\n    at SMTPConnection._onData (C:\\Users\\SERVER-GOLD\\Documents\\Ophrus-immo\\node_modules\\nodemailer\\lib\\smtp-connection\\index.js:774:14)\n    at SMTPConnection._onSocketData (C:\\Users\\SERVER-GOLD\\Documents\\Ophrus-immo\\node_modules\\nodemailer\\lib\\smtp-connection\\index.js:195:44)\n    at TLSSocket.emit (node:events:524:28)\n    at addChunk (node:internal/streams/readable:561:12)\n    at readableAddChunkPushByteMode (node:internal/streams/readable:512:3)\n    at Readable.push (node:internal/streams/readable:392:5)","timestamp":"2025-07-30 10:23:10.709"}
{"level":"info","message":"🔄 Tentative de fallback vers Resend...","service":"ophrus-backend","timestamp":"2025-07-30 10:23:10.714"}
{"level":"info","message":"✅ Email envoyé avec Resend (fallback) à testuser_1753863708638432700@example.com","service":"ophrus-backend","timestamp":"2025-07-30 10:23:13.017"}
{"level":"info","message":"Code de réinitialisation envoyé à: testuser_1753863708638432700@example.com","service":"ophrus-backend","timestamp":"2025-07-30 10:23:13.020","userId":"6889d6204994af842efcc578"}
{"level":"http","message":"::1 POST /api/users/reset-request 200 37 - 6284.291 ms [30/Jul/2025:08:23:13 +0000] \"user-agent\" no-trace","service":"ophrus-backend","timestamp":"2025-07-30 10:23:13.027"}
{"level":"http","message":"::1 POST /api/users/reset-request 200 37 - 6284.291 ms [30/Jul/2025:08:23:13 +0000] \"user-agent\" no-trace","service":"ophrus-backend","timestamp":"2025-07-30 10:23:13.029"}
{"level":"debug","message":"Tentative de déconnexion","service":"ophrus-backend","timestamp":"2025-07-30 10:23:14.444"}
{"level":"error","message":"Utilisateur non trouvé ou refreshTokens non défini lors de la déconnexion ID: 6889d6204994af842efcc578","service":"ophrus-backend","timestamp":"2025-07-30 10:23:15.016"}
{"level":"http","message":"::1 POST /api/users/logout 200 36 - 591.036 ms [30/Jul/2025:08:23:15 +0000] \"user-agent\" no-trace","service":"ophrus-backend","timestamp":"2025-07-30 10:23:15.036"}
{"level":"http","message":"::1 POST /api/users/logout 200 36 - 591.036 ms [30/Jul/2025:08:23:15 +0000] \"user-agent\" no-trace","service":"ophrus-backend","timestamp":"2025-07-30 10:23:15.041"}
{"level":"debug","message":"Tentative d'inscription: admin_1753863708877755000@example.com","service":"ophrus-backend","timestamp":"2025-07-30 10:23:17.510"}
{"level":"http","message":"::1 POST /api/users/register 201 521 - 2633.075 ms [30/Jul/2025:08:23:20 +0000] \"user-agent\" no-trace","service":"ophrus-backend","timestamp":"2025-07-30 10:23:20.132"}
{"level":"http","message":"::1 POST /api/users/register 201 521 - 2633.075 ms [30/Jul/2025:08:23:20 +0000] \"user-agent\" no-trace","service":"ophrus-backend","timestamp":"2025-07-30 10:23:20.137"}
{"level":"debug","message":"Requête de connexion reçue: {\"email\":\"admin_1753863708877755000@example.com\",\"password\":\"AdminPass123*\"}","service":"ophrus-backend","timestamp":"2025-07-30 10:23:25.537"}
{"level":"debug","message":"Tentative de connexion: admin_1753863708877755000@example.com","service":"ophrus-backend","timestamp":"2025-07-30 10:23:25.554"}
{"level":"debug","message":"Utilisateur trouvé: admin_1753863708877755000@example.com","service":"ophrus-backend","timestamp":"2025-07-30 10:23:26.067"}
{"level":"debug","message":"Password provided: AdminPass123*","service":"ophrus-backend","timestamp":"2025-07-30 10:23:27.597"}
{"level":"debug","message":"Hashed password from DB: $2a$10$uZcHy94NrcCP.AbJdSOIk.HqCbFUJV8DAf2CHtcrjHwq2V3XcYz.y","service":"ophrus-backend","timestamp":"2025-07-30 10:23:27.600"}
{"level":"debug","message":"Password match result: true","service":"ophrus-backend","timestamp":"2025-07-30 10:23:27.614"}
{"email":"admin_1753863708877755000@example.com","ip":"::1","level":"info","message":"Connexion réussie ID: 6889d6774994af842efcc59c","service":"ophrus-backend","timestamp":"2025-07-30 10:23:28.093"}
{"level":"http","message":"::1 POST /api/users/login 200 487 - 2585.012 ms [30/Jul/2025:08:23:28 +0000] \"user-agent\" no-trace","service":"ophrus-backend","timestamp":"2025-07-30 10:23:28.124"}
{"level":"http","message":"::1 POST /api/users/login 200 487 - 2585.012 ms [30/Jul/2025:08:23:28 +0000] \"user-agent\" no-trace","service":"ophrus-backend","timestamp":"2025-07-30 10:23:28.133"}
{"level":"warn","message":"Tentative d'accès admin non autorisé par admin_1753863708877755000@example.com","service":"ophrus-backend","timestamp":"2025-07-30 10:23:36.589"}
{"level":"http","message":"::1 GET /api/admin/users 403 66 - 502.137 ms [30/Jul/2025:08:23:36 +0000] \"user-agent\" no-trace","service":"ophrus-backend","timestamp":"2025-07-30 10:23:36.613"}
{"level":"http","message":"::1 GET /api/admin/users 403 66 - 502.137 ms [30/Jul/2025:08:23:36 +0000] \"user-agent\" no-trace","service":"ophrus-backend","timestamp":"2025-07-30 10:23:36.622"}
{"level":"debug","message":"Tentative d'inscription: tempuser_1753863821203274400@example.com","service":"ophrus-backend","timestamp":"2025-07-30 10:23:41.663"}
{"level":"http","message":"::1 POST /api/users/register 201 523 - 1761.201 ms [30/Jul/2025:08:23:43 +0000] \"user-agent\" no-trace","service":"ophrus-backend","timestamp":"2025-07-30 10:23:43.411"}
{"level":"http","message":"::1 POST /api/users/register 201 523 - 1761.201 ms [30/Jul/2025:08:23:43 +0000] \"user-agent\" no-trace","service":"ophrus-backend","timestamp":"2025-07-30 10:23:43.431"}
{"level":"warn","message":"Tentative d'accès admin non autorisé par admin_1753863708877755000@example.com","service":"ophrus-backend","timestamp":"2025-07-30 10:23:44.824"}
{"level":"http","message":"::1 DELETE /api/admin/users/6889d68e4994af842efcc5a3 403 66 - 629.266 ms [30/Jul/2025:08:23:44 +0000] \"user-agent\" no-trace","service":"ophrus-backend","timestamp":"2025-07-30 10:23:44.829"}
{"level":"http","message":"::1 DELETE /api/admin/users/6889d68e4994af842efcc5a3 403 66 - 629.266 ms [30/Jul/2025:08:23:44 +0000] \"user-agent\" no-trace","service":"ophrus-backend","timestamp":"2025-07-30 10:23:44.831"}
{"level":"warn","message":"Tentative d'accès admin non autorisé par admin_1753863708877755000@example.com","service":"ophrus-backend","timestamp":"2025-07-30 10:23:47.501"}
{"level":"http","message":"::1 GET /api/admin/users/deleted 403 66 - 461.099 ms [30/Jul/2025:08:23:47 +0000] \"user-agent\" no-trace","service":"ophrus-backend","timestamp":"2025-07-30 10:23:47.506"}
{"level":"http","message":"::1 GET /api/admin/users/deleted 403 66 - 461.099 ms [30/Jul/2025:08:23:47 +0000] \"user-agent\" no-trace","service":"ophrus-backend","timestamp":"2025-07-30 10:23:47.508"}
{"level":"warn","message":"Tentative d'accès admin non autorisé par admin_1753863708877755000@example.com","service":"ophrus-backend","timestamp":"2025-07-30 10:23:49.118"}
{"level":"http","message":"::1 PATCH /api/admin/users/6889d68e4994af842efcc5a3/restore 403 66 - 466.684 ms [30/Jul/2025:08:23:49 +0000] \"user-agent\" no-trace","service":"ophrus-backend","timestamp":"2025-07-30 10:23:49.124"}
{"level":"http","message":"::1 PATCH /api/admin/users/6889d68e4994af842efcc5a3/restore 403 66 - 466.684 ms [30/Jul/2025:08:23:49 +0000] \"user-agent\" no-trace","service":"ophrus-backend","timestamp":"2025-07-30 10:23:49.126"}
{"level":"debug","message":"Tentative suppression bien ID: 6889d63d4994af842efcc580 par user: 6889d6204994af842efcc578","service":"ophrus-backend","timestamp":"2025-07-30 10:23:50.780"}
{"level":"info","message":"Début suppression 2 images Cloudinary","service":"ophrus-backend","timestamp":"2025-07-30 10:23:51.252"}
{"level":"debug","message":"Image supprimée: ophrus-annonces/ghpjxascjoccwqvmpyqq","service":"ophrus-backend","timestamp":"2025-07-30 10:23:53.402"}
{"level":"debug","message":"Image supprimée: ophrus-annonces/csybigezavmepxkglkvw","service":"ophrus-backend","timestamp":"2025-07-30 10:23:54.354"}
{"level":"info","message":"Bien supprimé ID: 6889d63d4994af842efcc580","service":"ophrus-backend","timestamp":"2025-07-30 10:23:54.791"}
{"level":"http","message":"::1 DELETE /api/properties/6889d63d4994af842efcc580 200 29 - 4464.267 ms [30/Jul/2025:08:23:54 +0000] \"user-agent\" no-trace","service":"ophrus-backend","timestamp":"2025-07-30 10:23:54.800"}
{"level":"http","message":"::1 DELETE /api/properties/6889d63d4994af842efcc580 200 29 - 4464.267 ms [30/Jul/2025:08:23:54 +0000] \"user-agent\" no-trace","service":"ophrus-backend","timestamp":"2025-07-30 10:23:54.804"}
{"level":"debug","message":"Tentative de déconnexion","service":"ophrus-backend","timestamp":"2025-07-30 10:23:57.845"}
{"level":"error","message":"Utilisateur non trouvé ou refreshTokens non défini lors de la déconnexion ID: 6889d6774994af842efcc59c","service":"ophrus-backend","timestamp":"2025-07-30 10:23:58.618"}
{"level":"http","message":"::1 POST /api/users/logout 200 36 - 855.771 ms [30/Jul/2025:08:23:58 +0000] \"user-agent\" no-trace","service":"ophrus-backend","timestamp":"2025-07-30 10:23:58.703"}
{"level":"http","message":"::1 POST /api/users/logout 200 36 - 855.771 ms [30/Jul/2025:08:23:58 +0000] \"user-agent\" no-trace","service":"ophrus-backend","timestamp":"2025-07-30 10:23:58.972"}
{"level":"warn","message":"❌ Route non trouvée: GET /api","service":"ophrus-backend","timestamp":"2025-07-30 10:51:41.232"}
{"level":"http","message":"::1 GET /api 404 47 - 792.470 ms [30/Jul/2025:08:51:41 +0000] \"user-agent\" no-trace","service":"ophrus-backend","timestamp":"2025-07-30 10:51:41.658"}
{"level":"http","message":"::1 GET /api 404 47 - 792.470 ms [30/Jul/2025:08:51:41 +0000] \"user-agent\" no-trace","service":"ophrus-backend","timestamp":"2025-07-30 10:51:41.661"}
{"level":"warn","message":"❌ Route non trouvée: GET /favicon.ico","service":"ophrus-backend","timestamp":"2025-07-30 10:51:45.808"}
{"level":"http","message":"::1 GET /favicon.ico 404 47 - 9.702 ms [30/Jul/2025:08:51:45 +0000] \"user-agent\" no-trace","service":"ophrus-backend","timestamp":"2025-07-30 10:51:45.825"}
{"level":"http","message":"::1 GET /favicon.ico 404 47 - 9.702 ms [30/Jul/2025:08:51:45 +0000] \"user-agent\" no-trace","service":"ophrus-backend","timestamp":"2025-07-30 10:51:45.843"}
{"level":"warn","message":"❌ Route non trouvée: GET /api/registre","service":"ophrus-backend","timestamp":"2025-07-30 10:51:59.714"}
{"level":"http","message":"::1 GET /api/registre 404 47 - 4.152 ms [30/Jul/2025:08:51:59 +0000] \"user-agent\" no-trace","service":"ophrus-backend","timestamp":"2025-07-30 10:51:59.721"}
{"level":"http","message":"::1 GET /api/registre 404 47 - 4.152 ms [30/Jul/2025:08:51:59 +0000] \"user-agent\" no-trace","service":"ophrus-backend","timestamp":"2025-07-30 10:51:59.724"}
{"level":"info","message":"Connexion à MongoDB...","service":"ophrus-backend","timestamp":"2025-07-30 10:53:03.465"}
{"level":"info","message":"🚀 Démarrage de l'application Ophrus-Immo","service":"ophrus-backend","timestamp":"2025-07-30 10:53:03.572"}
{"level":"info","message":"⚙️ Mode: development","service":"ophrus-backend","timestamp":"2025-07-30 10:53:03.585"}
{"level":"info","message":"🟢 Node.js version: v22.12.0","service":"ophrus-backend","timestamp":"2025-07-30 10:53:03.592"}
{"level":"warn","message":"❌ Route non trouvée: GET /api/registre","service":"ophrus-backend","timestamp":"2025-07-30 10:53:48.442"}
{"level":"http","message":"::1 GET /api/registre 404 47 - 14.252 ms [30/Jul/2025:08:53:48 +0000] \"user-agent\" no-trace","service":"ophrus-backend","timestamp":"2025-07-30 10:53:48.472"}
{"level":"http","message":"::1 GET /api/registre 404 47 - 14.252 ms [30/Jul/2025:08:53:48 +0000] \"user-agent\" no-trace","service":"ophrus-backend","timestamp":"2025-07-30 10:53:48.602"}
{"level":"warn","message":"❌ Route non trouvée: GET /api/heart","service":"ophrus-backend","timestamp":"2025-07-30 10:54:03.224"}
{"level":"http","message":"::1 GET /api/heart 404 47 - 18.939 ms [30/Jul/2025:08:54:03 +0000] \"user-agent\" no-trace","service":"ophrus-backend","timestamp":"2025-07-30 10:54:03.243"}
{"level":"http","message":"::1 GET /api/heart 404 47 - 18.939 ms [30/Jul/2025:08:54:03 +0000] \"user-agent\" no-trace","service":"ophrus-backend","timestamp":"2025-07-30 10:54:03.247"}
{"level":"warn","message":"❌ Route non trouvée: GET /api/health","service":"ophrus-backend","timestamp":"2025-07-30 10:54:42.004"}
{"level":"http","message":"::1 GET /api/health 404 47 - 5.939 ms [30/Jul/2025:08:54:42 +0000] \"user-agent\" no-trace","service":"ophrus-backend","timestamp":"2025-07-30 10:54:42.012"}
{"level":"http","message":"::1 GET /api/health 404 47 - 5.939 ms [30/Jul/2025:08:54:42 +0000] \"user-agent\" no-trace","service":"ophrus-backend","timestamp":"2025-07-30 10:54:42.017"}
{"level":"warn","message":"❌ Route non trouvée: GET /api/","service":"ophrus-backend","timestamp":"2025-07-30 10:55:09.345"}
{"level":"http","message":"::1 GET /api/ 404 47 - 4.607 ms [30/Jul/2025:08:55:09 +0000] \"user-agent\" no-trace","service":"ophrus-backend","timestamp":"2025-07-30 10:55:09.353"}
{"level":"http","message":"::1 GET /api/ 404 47 - 4.607 ms [30/Jul/2025:08:55:09 +0000] \"user-agent\" no-trace","service":"ophrus-backend","timestamp":"2025-07-30 10:55:09.358"}
{"level":"debug","message":"Tentative d'inscription: testuser_1753865722784903300@example.com","service":"ophrus-backend","timestamp":"2025-07-30 10:55:24.020"}
{"level":"http","message":"::1 POST /api/users/register 201 523 - 1893.024 ms [30/Jul/2025:08:55:25 +0000] \"user-agent\" no-trace","service":"ophrus-backend","timestamp":"2025-07-30 10:55:25.706"}
{"level":"http","message":"::1 POST /api/users/register 201 523 - 1893.024 ms [30/Jul/2025:08:55:25 +0000] \"user-agent\" no-trace","service":"ophrus-backend","timestamp":"2025-07-30 10:55:25.710"}
{"level":"debug","message":"Requête de connexion reçue: {\"email\":\"testuser_1753865722784903300@example.com\",\"password\":\"TestPass123*\"}","service":"ophrus-backend","timestamp":"2025-07-30 10:55:28.369"}
{"level":"debug","message":"Tentative de connexion: testuser_1753865722784903300@example.com","service":"ophrus-backend","timestamp":"2025-07-30 10:55:28.371"}
{"level":"debug","message":"Utilisateur trouvé: testuser_1753865722784903300@example.com","service":"ophrus-backend","timestamp":"2025-07-30 10:55:28.856"}
{"level":"debug","message":"Password provided: TestPass123*","service":"ophrus-backend","timestamp":"2025-07-30 10:55:29.115"}
{"level":"debug","message":"Hashed password from DB: $2a$10$Gpj60Wfvl91ulwIWN39rGeP11EYvDnDwFCHED9yrPryZ9HyCW/6DC","service":"ophrus-backend","timestamp":"2025-07-30 10:55:29.117"}
{"level":"debug","message":"Password match result: true","service":"ophrus-backend","timestamp":"2025-07-30 10:55:29.119"}
{"email":"testuser_1753865722784903300@example.com","ip":"::1","level":"info","message":"Connexion réussie ID: 6889ddfc08af44fa843fd1c8","service":"ophrus-backend","timestamp":"2025-07-30 10:55:29.568"}
{"level":"http","message":"::1 POST /api/users/login 200 489 - 1231.989 ms [30/Jul/2025:08:55:29 +0000] \"user-agent\" no-trace","service":"ophrus-backend","timestamp":"2025-07-30 10:55:29.598"}
{"level":"http","message":"::1 POST /api/users/login 200 489 - 1231.989 ms [30/Jul/2025:08:55:29 +0000] \"user-agent\" no-trace","service":"ophrus-backend","timestamp":"2025-07-30 10:55:29.601"}
{"level":"debug","message":"Récupération du profil utilisateur ID: 6889ddfc08af44fa843fd1c8","service":"ophrus-backend","timestamp":"2025-07-30 10:55:32.826"}
{"level":"info","message":"Profil récupéré avec succès ID: 6889ddfc08af44fa843fd1c8","service":"ophrus-backend","timestamp":"2025-07-30 10:55:33.234"}
{"level":"http","message":"::1 GET /api/users/profil 200 269 - 900.346 ms [30/Jul/2025:08:55:33 +0000] \"user-agent\" no-trace","service":"ophrus-backend","timestamp":"2025-07-30 10:55:33.248"}
{"level":"http","message":"::1 GET /api/users/profil 200 269 - 900.346 ms [30/Jul/2025:08:55:33 +0000] \"user-agent\" no-trace","service":"ophrus-backend","timestamp":"2025-07-30 10:55:33.251"}
{"body":{"adresse":"123 Rue de Test","anneeConstruction":"2000","caracteristiques":"Balcon,Parking","codePostal":"12345","description":"Bel appartement de test","images":"[...]","latitude":"48.8566","longitude":"2.3522","nombreChambres":"2","nombreSallesDeBain":"1","pays":"TestPays","prix":"250000","statut":"A Vendre","surface":"75","titre":"Appartement Test 1753865734","typeBien":"Appartement","ville":"TestVille"},"filesCount":2,"level":"debug","message":"Tentative création bien par user: 6889ddfc08af44fa843fd1c8","service":"ophrus-backend","timestamp":"2025-07-30 10:55:39.862"}
{"level":"info","message":"Début upload 2 images vers Cloudinary","service":"ophrus-backend","timestamp":"2025-07-30 10:55:39.892"}
{"level":"debug","message":"Image uploadée: ophrus-annonces/mlddbnu7ltk0eifu91yk","service":"ophrus-backend","timestamp":"2025-07-30 10:55:41.336"}
{"level":"debug","message":"Image uploadée: ophrus-annonces/ocqzivaczjzkrzwtek6g","service":"ophrus-backend","timestamp":"2025-07-30 10:55:42.886"}
{"level":"http","message":"Accès à la route racine","service":"ophrus-backend","timestamp":"2025-07-30 10:55:43.084"}
{"level":"http","message":"::1 GET / 200 44 - 25.291 ms [30/Jul/2025:08:55:43 +0000] \"user-agent\" no-trace","service":"ophrus-backend","timestamp":"2025-07-30 10:55:43.113"}
{"level":"http","message":"::1 GET / 200 44 - 25.291 ms [30/Jul/2025:08:55:43 +0000] \"user-agent\" no-trace","service":"ophrus-backend","timestamp":"2025-07-30 10:55:43.122"}
{"imagesCount":2,"level":"info","message":"Nouveau bien créé ID: 6889de0e08af44fa843fd1d0","service":"ophrus-backend","timestamp":"2025-07-30 10:55:43.484","titre":"Appartement Test 1753865734","ville":"TestVille"}
{"level":"http","message":"::1 POST /api/properties 201 957 - 8654.285 ms [30/Jul/2025:08:55:43 +0000] \"user-agent\" no-trace","service":"ophrus-backend","timestamp":"2025-07-30 10:55:43.505"}
{"level":"http","message":"::1 POST /api/properties 201 957 - 8654.285 ms [30/Jul/2025:08:55:43 +0000] \"user-agent\" no-trace","service":"ophrus-backend","timestamp":"2025-07-30 10:55:43.525"}
{"level":"debug","message":"Recherche de biens avec filtres","query":{},"service":"ophrus-backend","timestamp":"2025-07-30 10:55:48.635"}
{"filters":0,"level":"info","limit":10,"message":"Résultats recherche - 4/4 biens trouvés","page":1,"service":"ophrus-backend","timestamp":"2025-07-30 10:55:49.826"}
{"level":"http","message":"::1 GET /api/properties 200 3796 - 1200.525 ms [30/Jul/2025:08:55:49 +0000] \"user-agent\" no-trace","service":"ophrus-backend","timestamp":"2025-07-30 10:55:49.835"}
{"level":"http","message":"::1 GET /api/properties 200 3796 - 1200.525 ms [30/Jul/2025:08:55:49 +0000] \"user-agent\" no-trace","service":"ophrus-backend","timestamp":"2025-07-30 10:55:49.838"}
{"level":"http","message":"::1 GET /health 200 75 - 4.077 ms [30/Jul/2025:08:55:54 +0000] \"user-agent\" no-trace","service":"ophrus-backend","timestamp":"2025-07-30 10:55:54.981"}
{"level":"http","message":"::1 GET /health 200 75 - 4.077 ms [30/Jul/2025:08:55:55 +0000] \"user-agent\" no-trace","service":"ophrus-backend","timestamp":"2025-07-30 10:55:55.026"}
{"level":"debug","message":"Consultation bien ID: 6889de0e08af44fa843fd1d0","service":"ophrus-backend","timestamp":"2025-07-30 10:56:01.954"}
{"level":"info","message":"Bien consulté ID: 6889de0e08af44fa843fd1d0","service":"ophrus-backend","timestamp":"2025-07-30 10:56:03.002","titre":"Appartement Test 1753865734"}
{"level":"http","message":"::1 GET /api/properties/6889de0e08af44fa843fd1d0 200 1011 - 1202.951 ms [30/Jul/2025:08:56:03 +0000] \"user-agent\" no-trace","service":"ophrus-backend","timestamp":"2025-07-30 10:56:03.161"}
{"level":"http","message":"::1 GET /api/properties/6889de0e08af44fa843fd1d0 200 1011 - 1202.951 ms [30/Jul/2025:08:56:03 +0000] \"user-agent\" no-trace","service":"ophrus-backend","timestamp":"2025-07-30 10:56:03.164"}
{"level":"debug","message":"Tentative mise à jour bien ID: 6889de0e08af44fa843fd1d0","service":"ophrus-backend","timestamp":"2025-07-30 10:56:11.137","updatedFields":["prix","description"]}
{"level":"info","message":"Bien mis à jour ID: 6889de0e08af44fa843fd1d0","service":"ophrus-backend","timestamp":"2025-07-30 10:56:11.924","updatedFields":["description","prix"]}
{"level":"http","message":"::1 PUT /api/properties/6889de0e08af44fa843fd1d0 200 978 - 1203.898 ms [30/Jul/2025:08:56:11 +0000] \"user-agent\" no-trace","service":"ophrus-backend","timestamp":"2025-07-30 10:56:11.938"}
{"level":"http","message":"::1 PUT /api/properties/6889de0e08af44fa843fd1d0 200 978 - 1203.898 ms [30/Jul/2025:08:56:11 +0000] \"user-agent\" no-trace","service":"ophrus-backend","timestamp":"2025-07-30 10:56:11.941"}
{"level":"debug","message":"Demande de réinitialisation de mot de passe pour: testuser_1753865722784903300@example.com","service":"ophrus-backend","timestamp":"2025-07-30 10:56:18.091"}
{"code":"EAUTH","command":"AUTH PLAIN","level":"error","message":"❌ Erreur brevo: Invalid login: 535 5.7.8 Authentication failed","response":"535 5.7.8 Authentication failed","responseCode":535,"service":"ophrus-backend","stack":"Error: Invalid login: 535 5.7.8 Authentication failed\n    at SMTPConnection._formatError (C:\\Users\\SERVER-GOLD\\Documents\\Ophrus-immo\\node_modules\\nodemailer\\lib\\smtp-connection\\index.js:809:19)\n    at SMTPConnection._actionAUTHComplete (C:\\Users\\SERVER-GOLD\\Documents\\Ophrus-immo\\node_modules\\nodemailer\\lib\\smtp-connection\\index.js:1588:34)\n    at SMTPConnection.<anonymous> (C:\\Users\\SERVER-GOLD\\Documents\\Ophrus-immo\\node_modules\\nodemailer\\lib\\smtp-connection\\index.js:556:26)\n    at SMTPConnection._processResponse (C:\\Users\\SERVER-GOLD\\Documents\\Ophrus-immo\\node_modules\\nodemailer\\lib\\smtp-connection\\index.js:993:20)\n    at SMTPConnection._onData (C:\\Users\\SERVER-GOLD\\Documents\\Ophrus-immo\\node_modules\\nodemailer\\lib\\smtp-connection\\index.js:774:14)\n    at SMTPConnection._onSocketData (C:\\Users\\SERVER-GOLD\\Documents\\Ophrus-immo\\node_modules\\nodemailer\\lib\\smtp-connection\\index.js:195:44)\n    at TLSSocket.emit (node:events:524:28)\n    at addChunk (node:internal/streams/readable:561:12)\n    at readableAddChunkPushByteMode (node:internal/streams/readable:512:3)\n    at Readable.push (node:internal/streams/readable:392:5)","timestamp":"2025-07-30 10:56:21.010"}
{"level":"info","message":"🔄 Tentative de fallback vers Resend...","service":"ophrus-backend","timestamp":"2025-07-30 10:56:21.018"}
{"level":"info","message":"✅ Email envoyé avec Resend (fallback) à testuser_1753865722784903300@example.com","service":"ophrus-backend","timestamp":"2025-07-30 10:56:24.723"}
{"level":"info","message":"Code de réinitialisation envoyé à: testuser_1753865722784903300@example.com","service":"ophrus-backend","timestamp":"2025-07-30 10:56:24.726","userId":"6889ddfc08af44fa843fd1c8"}
{"level":"http","message":"::1 POST /api/users/reset-request 200 37 - 6646.102 ms [30/Jul/2025:08:56:24 +0000] \"user-agent\" no-trace","service":"ophrus-backend","timestamp":"2025-07-30 10:56:24.732"}
{"level":"http","message":"::1 POST /api/users/reset-request 200 37 - 6646.102 ms [30/Jul/2025:08:56:24 +0000] \"user-agent\" no-trace","service":"ophrus-backend","timestamp":"2025-07-30 10:56:24.734"}
{"level":"debug","message":"Tentative de déconnexion","service":"ophrus-backend","timestamp":"2025-07-30 10:56:26.466"}
{"level":"error","message":"Utilisateur non trouvé ou refreshTokens non défini lors de la déconnexion ID: 6889ddfc08af44fa843fd1c8","service":"ophrus-backend","timestamp":"2025-07-30 10:56:26.917"}
{"level":"http","message":"::1 POST /api/users/logout 200 36 - 465.818 ms [30/Jul/2025:08:56:26 +0000] \"user-agent\" no-trace","service":"ophrus-backend","timestamp":"2025-07-30 10:56:26.933"}
{"level":"http","message":"::1 POST /api/users/logout 200 36 - 465.818 ms [30/Jul/2025:08:56:26 +0000] \"user-agent\" no-trace","service":"ophrus-backend","timestamp":"2025-07-30 10:56:26.941"}
{"level":"debug","message":"Tentative d'inscription: admin_1753865722921269700@example.com","service":"ophrus-backend","timestamp":"2025-07-30 10:56:28.615"}
{"level":"http","message":"::1 POST /api/users/register 201 521 - 2129.310 ms [30/Jul/2025:08:56:30 +0000] \"user-agent\" no-trace","service":"ophrus-backend","timestamp":"2025-07-30 10:56:30.735"}
{"level":"http","message":"::1 POST /api/users/register 201 521 - 2129.310 ms [30/Jul/2025:08:56:30 +0000] \"user-agent\" no-trace","service":"ophrus-backend","timestamp":"2025-07-30 10:56:30.744"}
{"level":"debug","message":"Requête de connexion reçue: {\"email\":\"admin_1753865722921269700@example.com\",\"password\":\"AdminPass123*\"}","service":"ophrus-backend","timestamp":"2025-07-30 10:56:32.692"}
{"level":"debug","message":"Tentative de connexion: admin_1753865722921269700@example.com","service":"ophrus-backend","timestamp":"2025-07-30 10:56:32.696"}
{"level":"debug","message":"Utilisateur trouvé: admin_1753865722921269700@example.com","service":"ophrus-backend","timestamp":"2025-07-30 10:56:33.318"}
{"level":"debug","message":"Password provided: AdminPass123*","service":"ophrus-backend","timestamp":"2025-07-30 10:56:33.511"}
{"level":"debug","message":"Hashed password from DB: $2a$10$1xjqxDnrXK4eLpEGFQ.2gukqiSUe7PFfjVDi//IbLkn3n77CWKT9y","service":"ophrus-backend","timestamp":"2025-07-30 10:56:33.513"}
{"level":"debug","message":"Password match result: true","service":"ophrus-backend","timestamp":"2025-07-30 10:56:33.514"}
{"email":"admin_1753865722921269700@example.com","ip":"::1","level":"info","message":"Connexion réussie ID: 6889de3d08af44fa843fd1ec","service":"ophrus-backend","timestamp":"2025-07-30 10:56:33.972"}
{"level":"http","message":"::1 POST /api/users/login 200 487 - 1286.633 ms [30/Jul/2025:08:56:33 +0000] \"user-agent\" no-trace","service":"ophrus-backend","timestamp":"2025-07-30 10:56:33.977"}
{"level":"http","message":"::1 POST /api/users/login 200 487 - 1286.633 ms [30/Jul/2025:08:56:33 +0000] \"user-agent\" no-trace","service":"ophrus-backend","timestamp":"2025-07-30 10:56:33.979"}
{"level":"warn","message":"Tentative d'accès admin non autorisé par admin_1753865722921269700@example.com","service":"ophrus-backend","timestamp":"2025-07-30 10:56:36.763"}
{"level":"http","message":"::1 GET /api/admin/users 403 66 - 501.967 ms [30/Jul/2025:08:56:36 +0000] \"user-agent\" no-trace","service":"ophrus-backend","timestamp":"2025-07-30 10:56:36.767"}
{"level":"http","message":"::1 GET /api/admin/users 403 66 - 501.967 ms [30/Jul/2025:08:56:36 +0000] \"user-agent\" no-trace","service":"ophrus-backend","timestamp":"2025-07-30 10:56:36.770"}
{"level":"debug","message":"Tentative d'inscription: tempuser_1753865798170695600@example.com","service":"ophrus-backend","timestamp":"2025-07-30 10:56:38.345"}
{"level":"http","message":"::1 POST /api/users/register 201 523 - 1430.380 ms [30/Jul/2025:08:56:39 +0000] \"user-agent\" no-trace","service":"ophrus-backend","timestamp":"2025-07-30 10:56:39.769"}
{"level":"http","message":"::1 POST /api/users/register 201 523 - 1430.380 ms [30/Jul/2025:08:56:39 +0000] \"user-agent\" no-trace","service":"ophrus-backend","timestamp":"2025-07-30 10:56:39.771"}
{"level":"warn","message":"Tentative d'accès admin non autorisé par admin_1753865722921269700@example.com","service":"ophrus-backend","timestamp":"2025-07-30 10:56:41.101"}
{"level":"http","message":"::1 DELETE /api/admin/users/6889de4608af44fa843fd1f3 403 66 - 418.072 ms [30/Jul/2025:08:56:41 +0000] \"user-agent\" no-trace","service":"ophrus-backend","timestamp":"2025-07-30 10:56:41.108"}
{"level":"http","message":"::1 DELETE /api/admin/users/6889de4608af44fa843fd1f3 403 66 - 418.072 ms [30/Jul/2025:08:56:41 +0000] \"user-agent\" no-trace","service":"ophrus-backend","timestamp":"2025-07-30 10:56:41.111"}
{"level":"warn","message":"Tentative d'accès admin non autorisé par admin_1753865722921269700@example.com","service":"ophrus-backend","timestamp":"2025-07-30 10:56:43.589"}
{"level":"http","message":"::1 GET /api/admin/users/deleted 403 66 - 487.759 ms [30/Jul/2025:08:56:43 +0000] \"user-agent\" no-trace","service":"ophrus-backend","timestamp":"2025-07-30 10:56:43.596"}
{"level":"http","message":"::1 GET /api/admin/users/deleted 403 66 - 487.759 ms [30/Jul/2025:08:56:43 +0000] \"user-agent\" no-trace","service":"ophrus-backend","timestamp":"2025-07-30 10:56:43.598"}
{"level":"warn","message":"Tentative d'accès admin non autorisé par admin_1753865722921269700@example.com","service":"ophrus-backend","timestamp":"2025-07-30 10:56:45.175"}
{"level":"http","message":"::1 PATCH /api/admin/users/6889de4608af44fa843fd1f3/restore 403 66 - 598.108 ms [30/Jul/2025:08:56:45 +0000] \"user-agent\" no-trace","service":"ophrus-backend","timestamp":"2025-07-30 10:56:45.180"}
{"level":"http","message":"::1 PATCH /api/admin/users/6889de4608af44fa843fd1f3/restore 403 66 - 598.108 ms [30/Jul/2025:08:56:45 +0000] \"user-agent\" no-trace","service":"ophrus-backend","timestamp":"2025-07-30 10:56:45.183"}
{"level":"debug","message":"Tentative suppression bien ID: 6889de0e08af44fa843fd1d0 par user: 6889ddfc08af44fa843fd1c8","service":"ophrus-backend","timestamp":"2025-07-30 10:56:46.407"}
{"level":"info","message":"Début suppression 2 images Cloudinary","service":"ophrus-backend","timestamp":"2025-07-30 10:56:46.792"}
{"level":"debug","message":"Image supprimée: ophrus-annonces/mlddbnu7ltk0eifu91yk","service":"ophrus-backend","timestamp":"2025-07-30 10:56:49.119"}
{"level":"debug","message":"Image supprimée: ophrus-annonces/ocqzivaczjzkrzwtek6g","service":"ophrus-backend","timestamp":"2025-07-30 10:56:49.877"}
{"level":"info","message":"Bien supprimé ID: 6889de0e08af44fa843fd1d0","service":"ophrus-backend","timestamp":"2025-07-30 10:56:50.249"}
{"level":"http","message":"::1 DELETE /api/properties/6889de0e08af44fa843fd1d0 200 29 - 4232.423 ms [30/Jul/2025:08:56:50 +0000] \"user-agent\" no-trace","service":"ophrus-backend","timestamp":"2025-07-30 10:56:50.255"}
{"level":"http","message":"::1 DELETE /api/properties/6889de0e08af44fa843fd1d0 200 29 - 4232.423 ms [30/Jul/2025:08:56:50 +0000] \"user-agent\" no-trace","service":"ophrus-backend","timestamp":"2025-07-30 10:56:50.260"}
{"level":"debug","message":"Tentative de déconnexion","service":"ophrus-backend","timestamp":"2025-07-30 10:56:51.741"}
{"level":"error","message":"Utilisateur non trouvé ou refreshTokens non défini lors de la déconnexion ID: 6889de3d08af44fa843fd1ec","service":"ophrus-backend","timestamp":"2025-07-30 10:56:52.134"}
{"level":"http","message":"::1 POST /api/users/logout 200 36 - 396.778 ms [30/Jul/2025:08:56:52 +0000] \"user-agent\" no-trace","service":"ophrus-backend","timestamp":"2025-07-30 10:56:52.139"}
{"level":"http","message":"::1 POST /api/users/logout 200 36 - 396.778 ms [30/Jul/2025:08:56:52 +0000] \"user-agent\" no-trace","service":"ophrus-backend","timestamp":"2025-07-30 10:56:52.142"}
{"level":"warn","message":"Déconnecté de MongoDB","service":"ophrus-backend","timestamp":"2025-07-30 14:26:27.394"}
{"level":"info","message":"Reconnecté à MongoDB","service":"ophrus-backend","timestamp":"2025-07-30 14:26:39.162"}
{"level":"info","message":"Reconnecté à MongoDB","service":"ophrus-backend","timestamp":"2025-07-30 17:31:21.796"}
{"level":"info","message":"Reconnecté à MongoDB","service":"ophrus-backend","timestamp":"2025-07-30 17:31:22.345"}
{"level":"warn","message":"Déconnecté de MongoDB","service":"ophrus-backend","timestamp":"2025-07-30 17:47:13.547"}
{"level":"info","message":"Reconnecté à MongoDB","service":"ophrus-backend","timestamp":"2025-07-30 17:47:14.468"}
{"level":"info","message":"Reconnecté à MongoDB","service":"ophrus-backend","timestamp":"2025-07-30 17:47:54.079"}
{"level":"info","message":"Reconnecté à MongoDB","service":"ophrus-backend","timestamp":"2025-07-30 17:47:54.283"}
