{"level":"warn","message":"Déconnecté de MongoDB","service":"ophrus-backend","timestamp":"2025-07-27 07:50:12.531"}
{"level":"info","message":"Reconnecté à MongoDB","service":"ophrus-backend","timestamp":"2025-07-27 07:50:13.314"}
{"level":"info","message":"Connexion à MongoDB...","service":"ophrus-backend","timestamp":"2025-07-27 08:11:13.508"}
{"level":"info","message":"🚀 Démarrage de l'application Ophrus-Immo","service":"ophrus-backend","timestamp":"2025-07-27 08:11:13.596"}
{"level":"info","message":"⚙️ Mode: development","service":"ophrus-backend","timestamp":"2025-07-27 08:11:13.604"}
{"level":"info","message":"🟢 Node.js version: v22.12.0","service":"ophrus-backend","timestamp":"2025-07-27 08:11:13.615"}
{"level":"debug","message":"Tentative d'inscription: testuser_1753596742958336300@example.com","service":"ophrus-backend","timestamp":"2025-07-27 08:12:23.662"}
{"level":"http","message":"::1 POST /api/users/register 201 523 - 1588.449 ms [27/Jul/2025:06:12:25 +0000] \"user-agent\" no-trace","service":"ophrus-backend","timestamp":"2025-07-27 08:12:25.218"}
{"level":"http","message":"::1 POST /api/users/register 201 523 - 1588.449 ms [27/Jul/2025:06:12:25 +0000] \"user-agent\" no-trace","service":"ophrus-backend","timestamp":"2025-07-27 08:12:25.225"}
{"level":"debug","message":"Requête de connexion reçue: {\"email\":\"testuser_1753596742958336300@example.com\",\"password\":\"TestPass123*\"}","service":"ophrus-backend","timestamp":"2025-07-27 08:12:27.080"}
{"level":"debug","message":"Tentative de connexion: testuser_1753596742958336300@example.com","service":"ophrus-backend","timestamp":"2025-07-27 08:12:27.093"}
{"level":"debug","message":"Utilisateur trouvé: testuser_1753596742958336300@example.com","service":"ophrus-backend","timestamp":"2025-07-27 08:12:27.479"}
{"level":"debug","message":"Password provided: TestPass123*","service":"ophrus-backend","timestamp":"2025-07-27 08:12:27.847"}
{"level":"debug","message":"Hashed password from DB: $2a$10$em0vtJI3PxFYY53tbDGMCuIzqhyfuDOnTZ8cYIlMkTtwzTEG63Zsa","service":"ophrus-backend","timestamp":"2025-07-27 08:12:27.849"}
{"level":"debug","message":"Password match result: true","service":"ophrus-backend","timestamp":"2025-07-27 08:12:27.851"}
{"email":"testuser_1753596742958336300@example.com","ip":"::1","level":"info","message":"Connexion réussie ID: 6885c348aed2d090e4d28ce5","service":"ophrus-backend","timestamp":"2025-07-27 08:12:28.195"}
{"level":"http","message":"::1 POST /api/users/login 200 489 - 1137.190 ms [27/Jul/2025:06:12:28 +0000] \"user-agent\" no-trace","service":"ophrus-backend","timestamp":"2025-07-27 08:12:28.208"}
{"level":"http","message":"::1 POST /api/users/login 200 489 - 1137.190 ms [27/Jul/2025:06:12:28 +0000] \"user-agent\" no-trace","service":"ophrus-backend","timestamp":"2025-07-27 08:12:28.210"}
{"level":"debug","message":"Récupération du profil utilisateur ID: 6885c348aed2d090e4d28ce5","service":"ophrus-backend","timestamp":"2025-07-27 08:12:30.240"}
{"level":"info","message":"Profil récupéré avec succès ID: 6885c348aed2d090e4d28ce5","service":"ophrus-backend","timestamp":"2025-07-27 08:12:30.586"}
{"level":"http","message":"::1 GET /api/users/profil 200 269 - 705.395 ms [27/Jul/2025:06:12:30 +0000] \"user-agent\" no-trace","service":"ophrus-backend","timestamp":"2025-07-27 08:12:30.600"}
{"level":"http","message":"::1 GET /api/users/profil 200 269 - 705.395 ms [27/Jul/2025:06:12:30 +0000] \"user-agent\" no-trace","service":"ophrus-backend","timestamp":"2025-07-27 08:12:30.605"}
{"body":{"adresse":"123 Rue de Test","anneeConstruction":"2000","caracteristiques":"Balcon,Parking","codePostal":"12345","description":"Bel appartement de test","images":"[...]","latitude":"48.8566","longitude":"2.3522","nombreChambres":"2","nombreSallesDeBain":"1","pays":"TestPays","prix":"250000","statut":"A Vendre","surface":"75","titre":"Appartement Test 1753596752","typeBien":"Appartement","ville":"TestVille"},"filesCount":2,"level":"debug","message":"Tentative création bien par user: 6885c348aed2d090e4d28ce5","service":"ophrus-backend","timestamp":"2025-07-27 08:12:36.208"}
{"level":"info","message":"Début upload 2 images vers Cloudinary","service":"ophrus-backend","timestamp":"2025-07-27 08:12:36.212"}
{"level":"debug","message":"Image uploadée: ophrus-annonces/jpyarbgujluggjnkhax4","service":"ophrus-backend","timestamp":"2025-07-27 08:12:37.935"}
{"level":"debug","message":"Image uploadée: ophrus-annonces/t1zgmb1cuxygmkau0uqd","service":"ophrus-backend","timestamp":"2025-07-27 08:12:38.976"}
{"imagesCount":2,"level":"info","message":"Nouveau bien créé ID: 6885c356aed2d090e4d28ced","service":"ophrus-backend","timestamp":"2025-07-27 08:12:39.394","titre":"Appartement Test 1753596752","ville":"TestVille"}
{"level":"http","message":"::1 POST /api/properties 201 957 - 6455.720 ms [27/Jul/2025:06:12:39 +0000] \"user-agent\" no-trace","service":"ophrus-backend","timestamp":"2025-07-27 08:12:39.410"}
{"level":"http","message":"::1 POST /api/properties 201 957 - 6455.720 ms [27/Jul/2025:06:12:39 +0000] \"user-agent\" no-trace","service":"ophrus-backend","timestamp":"2025-07-27 08:12:39.416"}
{"level":"debug","message":"Recherche de biens avec filtres","query":{},"service":"ophrus-backend","timestamp":"2025-07-27 08:12:41.102"}
{"filters":0,"level":"info","limit":10,"message":"Résultats recherche - 10/18 biens trouvés","page":1,"service":"ophrus-backend","timestamp":"2025-07-27 08:12:42.288"}
{"level":"http","message":"::1 GET /api/properties 200 9478 - 1198.372 ms [27/Jul/2025:06:12:42 +0000] \"user-agent\" no-trace","service":"ophrus-backend","timestamp":"2025-07-27 08:12:42.303"}
{"level":"http","message":"::1 GET /api/properties 200 9478 - 1198.372 ms [27/Jul/2025:06:12:42 +0000] \"user-agent\" no-trace","service":"ophrus-backend","timestamp":"2025-07-27 08:12:42.307"}
{"level":"debug","message":"Consultation bien ID: 6885c356aed2d090e4d28ced","service":"ophrus-backend","timestamp":"2025-07-27 08:12:49.802"}
{"level":"info","message":"Bien consulté ID: 6885c356aed2d090e4d28ced","service":"ophrus-backend","timestamp":"2025-07-27 08:12:50.497","titre":"Appartement Test 1753596752"}
{"level":"http","message":"::1 GET /api/properties/6885c356aed2d090e4d28ced 200 1011 - 705.909 ms [27/Jul/2025:06:12:50 +0000] \"user-agent\" no-trace","service":"ophrus-backend","timestamp":"2025-07-27 08:12:50.513"}
{"level":"http","message":"::1 GET /api/properties/6885c356aed2d090e4d28ced 200 1011 - 705.909 ms [27/Jul/2025:06:12:50 +0000] \"user-agent\" no-trace","service":"ophrus-backend","timestamp":"2025-07-27 08:12:50.516"}
{"level":"debug","message":"Tentative mise à jour bien ID: 6885c356aed2d090e4d28ced","service":"ophrus-backend","timestamp":"2025-07-27 08:12:52.555","updatedFields":["prix","description"]}
{"level":"info","message":"Bien mis à jour ID: 6885c356aed2d090e4d28ced","service":"ophrus-backend","timestamp":"2025-07-27 08:12:53.308","updatedFields":["description","prix"]}
{"level":"http","message":"::1 PUT /api/properties/6885c356aed2d090e4d28ced 200 978 - 1174.816 ms [27/Jul/2025:06:12:53 +0000] \"user-agent\" no-trace","service":"ophrus-backend","timestamp":"2025-07-27 08:12:53.314"}
{"level":"http","message":"::1 PUT /api/properties/6885c356aed2d090e4d28ced 200 978 - 1174.816 ms [27/Jul/2025:06:12:53 +0000] \"user-agent\" no-trace","service":"ophrus-backend","timestamp":"2025-07-27 08:12:53.316"}
{"level":"debug","message":"Demande de réinitialisation de mot de passe pour: testuser_1753596742958336300@example.com","service":"ophrus-backend","timestamp":"2025-07-27 08:12:54.812"}
{"code":"EAUTH","command":"AUTH PLAIN","level":"error","message":"❌ Erreur Nodemailer: Invalid login: 535 5.7.8 Authentication failed","response":"535 5.7.8 Authentication failed","responseCode":535,"service":"ophrus-backend","stack":"Error: Invalid login: 535 5.7.8 Authentication failed\n    at SMTPConnection._formatError (C:\\Users\\SERVER-GOLD\\Documents\\Ophrus-immo\\node_modules\\nodemailer\\lib\\smtp-connection\\index.js:809:19)\n    at SMTPConnection._actionAUTHComplete (C:\\Users\\SERVER-GOLD\\Documents\\Ophrus-immo\\node_modules\\nodemailer\\lib\\smtp-connection\\index.js:1588:34)\n    at SMTPConnection.<anonymous> (C:\\Users\\SERVER-GOLD\\Documents\\Ophrus-immo\\node_modules\\nodemailer\\lib\\smtp-connection\\index.js:556:26)\n    at SMTPConnection._processResponse (C:\\Users\\SERVER-GOLD\\Documents\\Ophrus-immo\\node_modules\\nodemailer\\lib\\smtp-connection\\index.js:993:20)\n    at SMTPConnection._onData (C:\\Users\\SERVER-GOLD\\Documents\\Ophrus-immo\\node_modules\\nodemailer\\lib\\smtp-connection\\index.js:774:14)\n    at SMTPConnection._onSocketData (C:\\Users\\SERVER-GOLD\\Documents\\Ophrus-immo\\node_modules\\nodemailer\\lib\\smtp-connection\\index.js:195:44)\n    at TLSSocket.emit (node:events:524:28)\n    at addChunk (node:internal/streams/readable:561:12)\n    at readableAddChunkPushByteMode (node:internal/streams/readable:512:3)\n    at Readable.push (node:internal/streams/readable:392:5)","timestamp":"2025-07-27 08:12:58.565"}
{"email":"testuser_1753596742958336300@example.com","level":"error","message":"Erreur lors de la demande de réinitialisation: Invalid login: 535 5.7.8 Authentication failed","service":"ophrus-backend","stack":"Error: Invalid login: 535 5.7.8 Authentication failed\n    at SMTPConnection._formatError (C:\\Users\\SERVER-GOLD\\Documents\\Ophrus-immo\\node_modules\\nodemailer\\lib\\smtp-connection\\index.js:809:19)\n    at SMTPConnection._actionAUTHComplete (C:\\Users\\SERVER-GOLD\\Documents\\Ophrus-immo\\node_modules\\nodemailer\\lib\\smtp-connection\\index.js:1588:34)\n    at SMTPConnection.<anonymous> (C:\\Users\\SERVER-GOLD\\Documents\\Ophrus-immo\\node_modules\\nodemailer\\lib\\smtp-connection\\index.js:556:26)\n    at SMTPConnection._processResponse (C:\\Users\\SERVER-GOLD\\Documents\\Ophrus-immo\\node_modules\\nodemailer\\lib\\smtp-connection\\index.js:993:20)\n    at SMTPConnection._onData (C:\\Users\\SERVER-GOLD\\Documents\\Ophrus-immo\\node_modules\\nodemailer\\lib\\smtp-connection\\index.js:774:14)\n    at SMTPConnection._onSocketData (C:\\Users\\SERVER-GOLD\\Documents\\Ophrus-immo\\node_modules\\nodemailer\\lib\\smtp-connection\\index.js:195:44)\n    at TLSSocket.emit (node:events:524:28)\n    at addChunk (node:internal/streams/readable:561:12)\n    at readableAddChunkPushByteMode (node:internal/streams/readable:512:3)\n    at Readable.push (node:internal/streams/readable:392:5)","timestamp":"2025-07-27 08:12:58.579"}
{"level":"http","message":"::1 POST /api/users/reset-request 500 29 - 3782.623 ms [27/Jul/2025:06:12:58 +0000] \"user-agent\" no-trace","service":"ophrus-backend","timestamp":"2025-07-27 08:12:58.596"}
{"level":"http","message":"::1 POST /api/users/reset-request 500 29 - 3782.623 ms [27/Jul/2025:06:12:58 +0000] \"user-agent\" no-trace","service":"ophrus-backend","timestamp":"2025-07-27 08:12:58.600"}
{"level":"debug","message":"Tentative de déconnexion","service":"ophrus-backend","timestamp":"2025-07-27 08:12:59.537"}
{"level":"error","message":"Utilisateur non trouvé ou refreshTokens non défini lors de la déconnexion ID: 6885c348aed2d090e4d28ce5","service":"ophrus-backend","timestamp":"2025-07-27 08:12:59.914"}
{"level":"http","message":"::1 POST /api/users/logout 200 36 - 384.211 ms [27/Jul/2025:06:12:59 +0000] \"user-agent\" no-trace","service":"ophrus-backend","timestamp":"2025-07-27 08:12:59.925"}
{"level":"http","message":"::1 POST /api/users/logout 200 36 - 384.211 ms [27/Jul/2025:06:12:59 +0000] \"user-agent\" no-trace","service":"ophrus-backend","timestamp":"2025-07-27 08:12:59.930"}
{"level":"debug","message":"Tentative d'inscription: admin_1753596743044374600@example.com","service":"ophrus-backend","timestamp":"2025-07-27 08:13:00.886"}
{"level":"http","message":"::1 POST /api/users/register 201 521 - 2644.018 ms [27/Jul/2025:06:13:03 +0000] \"user-agent\" no-trace","service":"ophrus-backend","timestamp":"2025-07-27 08:13:03.525"}
{"level":"http","message":"::1 POST /api/users/register 201 521 - 2644.018 ms [27/Jul/2025:06:13:03 +0000] \"user-agent\" no-trace","service":"ophrus-backend","timestamp":"2025-07-27 08:13:03.531"}
{"level":"debug","message":"Requête de connexion reçue: {\"email\":\"admin_1753596743044374600@example.com\",\"password\":\"AdminPass123*\"}","service":"ophrus-backend","timestamp":"2025-07-27 08:13:05.129"}
{"level":"debug","message":"Tentative de connexion: admin_1753596743044374600@example.com","service":"ophrus-backend","timestamp":"2025-07-27 08:13:05.135"}
{"level":"debug","message":"Utilisateur trouvé: admin_1753596743044374600@example.com","service":"ophrus-backend","timestamp":"2025-07-27 08:13:05.825"}
{"level":"debug","message":"Password provided: AdminPass123*","service":"ophrus-backend","timestamp":"2025-07-27 08:13:05.981"}
{"level":"debug","message":"Hashed password from DB: $2a$10$9T5kc6CfP.3iwuoLXC4qD.MBxDanLjTnlTo.AAQKgvP433ZjQDqUm","service":"ophrus-backend","timestamp":"2025-07-27 08:13:05.983"}
{"level":"debug","message":"Password match result: true","service":"ophrus-backend","timestamp":"2025-07-27 08:13:05.985"}
{"email":"admin_1753596743044374600@example.com","ip":"::1","level":"info","message":"Connexion réussie ID: 6885c36eaed2d090e4d28d15","service":"ophrus-backend","timestamp":"2025-07-27 08:13:06.410"}
{"level":"http","message":"::1 POST /api/users/login 200 487 - 1289.521 ms [27/Jul/2025:06:13:06 +0000] \"user-agent\" no-trace","service":"ophrus-backend","timestamp":"2025-07-27 08:13:06.421"}
{"level":"http","message":"::1 POST /api/users/login 200 487 - 1289.521 ms [27/Jul/2025:06:13:06 +0000] \"user-agent\" no-trace","service":"ophrus-backend","timestamp":"2025-07-27 08:13:06.425"}
{"level":"warn","message":"Tentative d'accès admin non autorisé par admin_1753596743044374600@example.com","service":"ophrus-backend","timestamp":"2025-07-27 08:13:08.403"}
{"level":"http","message":"::1 GET /api/admin/users 403 66 - 410.527 ms [27/Jul/2025:06:13:08 +0000] \"user-agent\" no-trace","service":"ophrus-backend","timestamp":"2025-07-27 08:13:08.413"}
{"level":"http","message":"::1 GET /api/admin/users 403 66 - 410.527 ms [27/Jul/2025:06:13:08 +0000] \"user-agent\" no-trace","service":"ophrus-backend","timestamp":"2025-07-27 08:13:08.417"}
{"level":"debug","message":"Tentative d'inscription: tempuser_1753596789576747600@example.com","service":"ophrus-backend","timestamp":"2025-07-27 08:13:09.733"}
{"level":"http","message":"::1 POST /api/users/register 201 523 - 1404.699 ms [27/Jul/2025:06:13:11 +0000] \"user-agent\" no-trace","service":"ophrus-backend","timestamp":"2025-07-27 08:13:11.135"}
{"level":"http","message":"::1 POST /api/users/register 201 523 - 1404.699 ms [27/Jul/2025:06:13:11 +0000] \"user-agent\" no-trace","service":"ophrus-backend","timestamp":"2025-07-27 08:13:11.141"}
{"level":"warn","message":"Tentative d'accès admin non autorisé par admin_1753596743044374600@example.com","service":"ophrus-backend","timestamp":"2025-07-27 08:13:12.031"}
{"level":"http","message":"::1 DELETE /api/admin/users/6885c376aed2d090e4d28d1c 403 66 - 364.246 ms [27/Jul/2025:06:13:12 +0000] \"user-agent\" no-trace","service":"ophrus-backend","timestamp":"2025-07-27 08:13:12.041"}
{"level":"http","message":"::1 DELETE /api/admin/users/6885c376aed2d090e4d28d1c 403 66 - 364.246 ms [27/Jul/2025:06:13:12 +0000] \"user-agent\" no-trace","service":"ophrus-backend","timestamp":"2025-07-27 08:13:12.043"}
{"level":"warn","message":"Tentative d'accès admin non autorisé par admin_1753596743044374600@example.com","service":"ophrus-backend","timestamp":"2025-07-27 08:13:13.283"}
{"level":"http","message":"::1 GET /api/admin/users/deleted 403 66 - 358.448 ms [27/Jul/2025:06:13:13 +0000] \"user-agent\" no-trace","service":"ophrus-backend","timestamp":"2025-07-27 08:13:13.292"}
{"level":"http","message":"::1 GET /api/admin/users/deleted 403 66 - 358.448 ms [27/Jul/2025:06:13:13 +0000] \"user-agent\" no-trace","service":"ophrus-backend","timestamp":"2025-07-27 08:13:13.297"}
{"level":"warn","message":"Tentative d'accès admin non autorisé par admin_1753596743044374600@example.com","service":"ophrus-backend","timestamp":"2025-07-27 08:13:14.538"}
{"level":"http","message":"::1 PATCH /api/admin/users/6885c376aed2d090e4d28d1c/restore 403 66 - 362.625 ms [27/Jul/2025:06:13:14 +0000] \"user-agent\" no-trace","service":"ophrus-backend","timestamp":"2025-07-27 08:13:14.547"}
{"level":"http","message":"::1 PATCH /api/admin/users/6885c376aed2d090e4d28d1c/restore 403 66 - 362.625 ms [27/Jul/2025:06:13:14 +0000] \"user-agent\" no-trace","service":"ophrus-backend","timestamp":"2025-07-27 08:13:14.552"}
{"level":"debug","message":"Tentative suppression bien ID: 6885c356aed2d090e4d28ced par user: 6885c348aed2d090e4d28ce5","service":"ophrus-backend","timestamp":"2025-07-27 08:13:16.381"}
{"level":"info","message":"Début suppression 2 images Cloudinary","service":"ophrus-backend","timestamp":"2025-07-27 08:13:16.739"}
{"level":"debug","message":"Image supprimée: ophrus-annonces/jpyarbgujluggjnkhax4","service":"ophrus-backend","timestamp":"2025-07-27 08:13:18.006"}
{"level":"debug","message":"Image supprimée: ophrus-annonces/t1zgmb1cuxygmkau0uqd","service":"ophrus-backend","timestamp":"2025-07-27 08:13:18.570"}
{"level":"info","message":"Bien supprimé ID: 6885c356aed2d090e4d28ced","service":"ophrus-backend","timestamp":"2025-07-27 08:13:18.931"}
{"level":"http","message":"::1 DELETE /api/properties/6885c356aed2d090e4d28ced 200 29 - 2985.442 ms [27/Jul/2025:06:13:18 +0000] \"user-agent\" no-trace","service":"ophrus-backend","timestamp":"2025-07-27 08:13:18.939"}
{"level":"http","message":"::1 DELETE /api/properties/6885c356aed2d090e4d28ced 200 29 - 2985.442 ms [27/Jul/2025:06:13:18 +0000] \"user-agent\" no-trace","service":"ophrus-backend","timestamp":"2025-07-27 08:13:18.944"}
{"level":"debug","message":"Tentative de déconnexion","service":"ophrus-backend","timestamp":"2025-07-27 08:13:19.793"}
{"level":"error","message":"Utilisateur non trouvé ou refreshTokens non défini lors de la déconnexion ID: 6885c36eaed2d090e4d28d15","service":"ophrus-backend","timestamp":"2025-07-27 08:13:20.155"}
{"level":"http","message":"::1 POST /api/users/logout 200 36 - 392.875 ms [27/Jul/2025:06:13:20 +0000] \"user-agent\" no-trace","service":"ophrus-backend","timestamp":"2025-07-27 08:13:20.187"}
{"level":"http","message":"::1 POST /api/users/logout 200 36 - 392.875 ms [27/Jul/2025:06:13:20 +0000] \"user-agent\" no-trace","service":"ophrus-backend","timestamp":"2025-07-27 08:13:20.189"}
{"level":"info","message":"Connexion à MongoDB...","service":"ophrus-backend","timestamp":"2025-07-27 08:30:13.079"}
{"level":"info","message":"🚀 Démarrage de l'application Ophrus-Immo","service":"ophrus-backend","timestamp":"2025-07-27 08:30:13.205"}
{"level":"info","message":"⚙️ Mode: development","service":"ophrus-backend","timestamp":"2025-07-27 08:30:13.212"}
{"level":"info","message":"🟢 Node.js version: v22.12.0","service":"ophrus-backend","timestamp":"2025-07-27 08:30:13.216"}
{"level":"warn","message":"Déconnecté de MongoDB","service":"ophrus-backend","timestamp":"2025-07-27 08:30:23.821"}
{"level":"info","message":"Connexion à MongoDB...","service":"ophrus-backend","timestamp":"2025-07-27 08:30:35.498"}
{"level":"info","message":"🚀 Démarrage de l'application Ophrus-Immo","service":"ophrus-backend","timestamp":"2025-07-27 08:30:35.567"}
{"level":"info","message":"⚙️ Mode: development","service":"ophrus-backend","timestamp":"2025-07-27 08:30:35.571"}
{"level":"info","message":"🟢 Node.js version: v22.12.0","service":"ophrus-backend","timestamp":"2025-07-27 08:30:35.578"}
{"level":"debug","message":"Tentative d'inscription: testuser_1753597849880657400@example.com","service":"ophrus-backend","timestamp":"2025-07-27 08:30:50.598"}
{"level":"http","message":"::1 POST /api/users/register 201 523 - 7763.311 ms [27/Jul/2025:06:30:58 +0000] \"user-agent\" no-trace","service":"ophrus-backend","timestamp":"2025-07-27 08:30:58.334"}
{"level":"http","message":"::1 POST /api/users/register 201 523 - 7763.311 ms [27/Jul/2025:06:30:58 +0000] \"user-agent\" no-trace","service":"ophrus-backend","timestamp":"2025-07-27 08:30:58.338"}
{"level":"debug","message":"Requête de connexion reçue: {\"email\":\"testuser_1753597849880657400@example.com\",\"password\":\"TestPass123*\"}","service":"ophrus-backend","timestamp":"2025-07-27 08:31:00.065"}
{"level":"debug","message":"Tentative de connexion: testuser_1753597849880657400@example.com","service":"ophrus-backend","timestamp":"2025-07-27 08:31:00.068"}
{"level":"debug","message":"Utilisateur trouvé: testuser_1753597849880657400@example.com","service":"ophrus-backend","timestamp":"2025-07-27 08:31:00.494"}
{"level":"debug","message":"Password provided: TestPass123*","service":"ophrus-backend","timestamp":"2025-07-27 08:31:00.893"}
{"level":"debug","message":"Hashed password from DB: $2a$10$G8Sl8li5I2wJ0LdYHgoQYeGrni2Wnww9kZW/uNrK6enILKoheOKTe","service":"ophrus-backend","timestamp":"2025-07-27 08:31:00.896"}
{"level":"debug","message":"Password match result: true","service":"ophrus-backend","timestamp":"2025-07-27 08:31:00.898"}
{"email":"testuser_1753597849880657400@example.com","ip":"::1","level":"info","message":"Connexion réussie ID: 6885c79c4258948b07ec0395","service":"ophrus-backend","timestamp":"2025-07-27 08:31:03.276"}
{"level":"http","message":"::1 POST /api/users/login 200 489 - 3227.699 ms [27/Jul/2025:06:31:03 +0000] \"user-agent\" no-trace","service":"ophrus-backend","timestamp":"2025-07-27 08:31:03.290"}
{"level":"http","message":"::1 POST /api/users/login 200 489 - 3227.699 ms [27/Jul/2025:06:31:03 +0000] \"user-agent\" no-trace","service":"ophrus-backend","timestamp":"2025-07-27 08:31:03.295"}
{"level":"debug","message":"Récupération du profil utilisateur ID: 6885c79c4258948b07ec0395","service":"ophrus-backend","timestamp":"2025-07-27 08:31:06.223"}
{"level":"info","message":"Profil récupéré avec succès ID: 6885c79c4258948b07ec0395","service":"ophrus-backend","timestamp":"2025-07-27 08:31:06.566"}
{"level":"http","message":"::1 GET /api/users/profil 200 269 - 708.817 ms [27/Jul/2025:06:31:06 +0000] \"user-agent\" no-trace","service":"ophrus-backend","timestamp":"2025-07-27 08:31:06.585"}
{"level":"http","message":"::1 GET /api/users/profil 200 269 - 708.817 ms [27/Jul/2025:06:31:06 +0000] \"user-agent\" no-trace","service":"ophrus-backend","timestamp":"2025-07-27 08:31:06.587"}
{"body":{"adresse":"123 Rue de Test","anneeConstruction":"2000","caracteristiques":"Balcon,Parking","codePostal":"12345","description":"Bel appartement de test","images":"[...]","latitude":"48.8566","longitude":"2.3522","nombreChambres":"2","nombreSallesDeBain":"1","pays":"TestPays","prix":"250000","statut":"A Vendre","surface":"75","titre":"Appartement Test 1753597870","typeBien":"Appartement","ville":"TestVille"},"filesCount":2,"level":"debug","message":"Tentative création bien par user: 6885c79c4258948b07ec0395","service":"ophrus-backend","timestamp":"2025-07-27 08:31:13.936"}
{"level":"info","message":"Début upload 2 images vers Cloudinary","service":"ophrus-backend","timestamp":"2025-07-27 08:31:13.942"}
{"level":"debug","message":"Image uploadée: ophrus-annonces/wsw9zobfh7hxp3zycgaw","service":"ophrus-backend","timestamp":"2025-07-27 08:31:14.883"}
{"level":"debug","message":"Image uploadée: ophrus-annonces/nqxvcg5mlyxnu3qvqum1","service":"ophrus-backend","timestamp":"2025-07-27 08:31:15.723"}
{"imagesCount":2,"level":"info","message":"Nouveau bien créé ID: 6885c7b34258948b07ec039d","service":"ophrus-backend","timestamp":"2025-07-27 08:31:16.117","titre":"Appartement Test 1753597870","ville":"TestVille"}
{"level":"http","message":"::1 POST /api/properties 201 957 - 5005.463 ms [27/Jul/2025:06:31:16 +0000] \"user-agent\" no-trace","service":"ophrus-backend","timestamp":"2025-07-27 08:31:16.125"}
{"level":"http","message":"::1 POST /api/properties 201 957 - 5005.463 ms [27/Jul/2025:06:31:16 +0000] \"user-agent\" no-trace","service":"ophrus-backend","timestamp":"2025-07-27 08:31:16.135"}
{"level":"debug","message":"Recherche de biens avec filtres","query":{},"service":"ophrus-backend","timestamp":"2025-07-27 08:31:18.801"}
{"filters":0,"level":"info","limit":10,"message":"Résultats recherche - 10/18 biens trouvés","page":1,"service":"ophrus-backend","timestamp":"2025-07-27 08:31:20.048"}
{"level":"http","message":"::1 GET /api/properties 200 9478 - 1376.097 ms [27/Jul/2025:06:31:20 +0000] \"user-agent\" no-trace","service":"ophrus-backend","timestamp":"2025-07-27 08:31:20.181"}
{"level":"http","message":"::1 GET /api/properties 200 9478 - 1376.097 ms [27/Jul/2025:06:31:20 +0000] \"user-agent\" no-trace","service":"ophrus-backend","timestamp":"2025-07-27 08:31:20.184"}
{"level":"debug","message":"Consultation bien ID: 6885c7b34258948b07ec039d","service":"ophrus-backend","timestamp":"2025-07-27 08:31:30.135"}
{"level":"info","message":"Bien consulté ID: 6885c7b34258948b07ec039d","service":"ophrus-backend","timestamp":"2025-07-27 08:31:30.820","titre":"Appartement Test 1753597870"}
{"level":"http","message":"::1 GET /api/properties/6885c7b34258948b07ec039d 200 1011 - 690.975 ms [27/Jul/2025:06:31:30 +0000] \"user-agent\" no-trace","service":"ophrus-backend","timestamp":"2025-07-27 08:31:30.826"}
{"level":"http","message":"::1 GET /api/properties/6885c7b34258948b07ec039d 200 1011 - 690.975 ms [27/Jul/2025:06:31:30 +0000] \"user-agent\" no-trace","service":"ophrus-backend","timestamp":"2025-07-27 08:31:30.829"}
{"level":"debug","message":"Tentative mise à jour bien ID: 6885c7b34258948b07ec039d","service":"ophrus-backend","timestamp":"2025-07-27 08:31:33.123","updatedFields":["prix","description"]}
{"level":"info","message":"Bien mis à jour ID: 6885c7b34258948b07ec039d","service":"ophrus-backend","timestamp":"2025-07-27 08:31:33.825","updatedFields":["description","prix"]}
{"level":"http","message":"::1 PUT /api/properties/6885c7b34258948b07ec039d 200 978 - 1051.992 ms [27/Jul/2025:06:31:33 +0000] \"user-agent\" no-trace","service":"ophrus-backend","timestamp":"2025-07-27 08:31:33.831"}
{"level":"http","message":"::1 PUT /api/properties/6885c7b34258948b07ec039d 200 978 - 1051.992 ms [27/Jul/2025:06:31:33 +0000] \"user-agent\" no-trace","service":"ophrus-backend","timestamp":"2025-07-27 08:31:33.836"}
{"level":"debug","message":"Demande de réinitialisation de mot de passe pour: testuser_1753597849880657400@example.com","service":"ophrus-backend","timestamp":"2025-07-27 08:31:35.479"}
{"code":"EAUTH","command":"AUTH PLAIN","level":"error","message":"❌ Erreur brevo: Invalid login: 535 5.7.8 Authentication failed","response":"535 5.7.8 Authentication failed","responseCode":535,"service":"ophrus-backend","stack":"Error: Invalid login: 535 5.7.8 Authentication failed\n    at SMTPConnection._formatError (C:\\Users\\SERVER-GOLD\\Documents\\Ophrus-immo\\node_modules\\nodemailer\\lib\\smtp-connection\\index.js:809:19)\n    at SMTPConnection._actionAUTHComplete (C:\\Users\\SERVER-GOLD\\Documents\\Ophrus-immo\\node_modules\\nodemailer\\lib\\smtp-connection\\index.js:1588:34)\n    at SMTPConnection.<anonymous> (C:\\Users\\SERVER-GOLD\\Documents\\Ophrus-immo\\node_modules\\nodemailer\\lib\\smtp-connection\\index.js:556:26)\n    at SMTPConnection._processResponse (C:\\Users\\SERVER-GOLD\\Documents\\Ophrus-immo\\node_modules\\nodemailer\\lib\\smtp-connection\\index.js:993:20)\n    at SMTPConnection._onData (C:\\Users\\SERVER-GOLD\\Documents\\Ophrus-immo\\node_modules\\nodemailer\\lib\\smtp-connection\\index.js:774:14)\n    at SMTPConnection._onSocketData (C:\\Users\\SERVER-GOLD\\Documents\\Ophrus-immo\\node_modules\\nodemailer\\lib\\smtp-connection\\index.js:195:44)\n    at TLSSocket.emit (node:events:524:28)\n    at addChunk (node:internal/streams/readable:561:12)\n    at readableAddChunkPushByteMode (node:internal/streams/readable:512:3)\n    at Readable.push (node:internal/streams/readable:392:5)","timestamp":"2025-07-27 08:31:38.169"}
{"level":"info","message":"🔄 Tentative de fallback vers Resend...","service":"ophrus-backend","timestamp":"2025-07-27 08:31:38.177"}
{"level":"info","message":"✅ Email envoyé avec Resend (fallback) à testuser_1753597849880657400@example.com","service":"ophrus-backend","timestamp":"2025-07-27 08:31:40.001"}
{"level":"info","message":"Code de réinitialisation envoyé à: testuser_1753597849880657400@example.com","service":"ophrus-backend","timestamp":"2025-07-27 08:31:40.008","userId":"6885c79c4258948b07ec0395"}
{"level":"http","message":"::1 POST /api/users/reset-request 200 37 - 4537.370 ms [27/Jul/2025:06:31:40 +0000] \"user-agent\" no-trace","service":"ophrus-backend","timestamp":"2025-07-27 08:31:40.017"}
{"level":"http","message":"::1 POST /api/users/reset-request 200 37 - 4537.370 ms [27/Jul/2025:06:31:40 +0000] \"user-agent\" no-trace","service":"ophrus-backend","timestamp":"2025-07-27 08:31:40.025"}
{"level":"debug","message":"Tentative de déconnexion","service":"ophrus-backend","timestamp":"2025-07-27 08:31:41.831"}
{"level":"error","message":"Utilisateur non trouvé ou refreshTokens non défini lors de la déconnexion ID: 6885c79c4258948b07ec0395","service":"ophrus-backend","timestamp":"2025-07-27 08:31:42.167"}
{"level":"http","message":"::1 POST /api/users/logout 200 36 - 343.921 ms [27/Jul/2025:06:31:42 +0000] \"user-agent\" no-trace","service":"ophrus-backend","timestamp":"2025-07-27 08:31:42.176"}
{"level":"http","message":"::1 POST /api/users/logout 200 36 - 343.921 ms [27/Jul/2025:06:31:42 +0000] \"user-agent\" no-trace","service":"ophrus-backend","timestamp":"2025-07-27 08:31:42.179"}
{"level":"debug","message":"Tentative d'inscription: admin_1753597849964231200@example.com","service":"ophrus-backend","timestamp":"2025-07-27 08:31:43.334"}
{"level":"http","message":"::1 POST /api/users/register 201 521 - 1325.493 ms [27/Jul/2025:06:31:44 +0000] \"user-agent\" no-trace","service":"ophrus-backend","timestamp":"2025-07-27 08:31:44.647"}
{"level":"http","message":"::1 POST /api/users/register 201 521 - 1325.493 ms [27/Jul/2025:06:31:44 +0000] \"user-agent\" no-trace","service":"ophrus-backend","timestamp":"2025-07-27 08:31:44.649"}
{"level":"debug","message":"Requête de connexion reçue: {\"email\":\"admin_1753597849964231200@example.com\",\"password\":\"AdminPass123*\"}","service":"ophrus-backend","timestamp":"2025-07-27 08:31:47.234"}
{"level":"debug","message":"Tentative de connexion: admin_1753597849964231200@example.com","service":"ophrus-backend","timestamp":"2025-07-27 08:31:47.237"}
{"level":"debug","message":"Utilisateur trouvé: admin_1753597849964231200@example.com","service":"ophrus-backend","timestamp":"2025-07-27 08:31:47.567"}
{"level":"debug","message":"Password provided: AdminPass123*","service":"ophrus-backend","timestamp":"2025-07-27 08:31:47.842"}
{"level":"debug","message":"Hashed password from DB: $2a$10$NWZp4Fz9MDfet..ffL0x6OV2vNim3otLq.pCyrL7Qy0pXLm6k4aHO","service":"ophrus-backend","timestamp":"2025-07-27 08:31:47.845"}
{"level":"debug","message":"Password match result: true","service":"ophrus-backend","timestamp":"2025-07-27 08:31:47.847"}
{"email":"admin_1753597849964231200@example.com","ip":"::1","level":"info","message":"Connexion réussie ID: 6885c7cf4258948b07ec03c5","service":"ophrus-backend","timestamp":"2025-07-27 08:31:48.196"}
{"level":"http","message":"::1 POST /api/users/login 200 487 - 970.970 ms [27/Jul/2025:06:31:48 +0000] \"user-agent\" no-trace","service":"ophrus-backend","timestamp":"2025-07-27 08:31:48.205"}
{"level":"http","message":"::1 POST /api/users/login 200 487 - 970.970 ms [27/Jul/2025:06:31:48 +0000] \"user-agent\" no-trace","service":"ophrus-backend","timestamp":"2025-07-27 08:31:48.209"}
{"level":"http","message":"::1 GET /api/admin/users 403 50 - 420.145 ms [27/Jul/2025:06:31:50 +0000] \"user-agent\" no-trace","service":"ophrus-backend","timestamp":"2025-07-27 08:31:50.292"}
{"level":"http","message":"::1 GET /api/admin/users 403 50 - 420.145 ms [27/Jul/2025:06:31:50 +0000] \"user-agent\" no-trace","service":"ophrus-backend","timestamp":"2025-07-27 08:31:50.295"}
{"level":"debug","message":"Tentative d'inscription: tempuser_1753597912731013300@example.com","service":"ophrus-backend","timestamp":"2025-07-27 08:31:52.905"}
{"level":"http","message":"::1 POST /api/users/register 201 523 - 2010.905 ms [27/Jul/2025:06:31:54 +0000] \"user-agent\" no-trace","service":"ophrus-backend","timestamp":"2025-07-27 08:31:54.911"}
{"level":"http","message":"::1 POST /api/users/register 201 523 - 2010.905 ms [27/Jul/2025:06:31:54 +0000] \"user-agent\" no-trace","service":"ophrus-backend","timestamp":"2025-07-27 08:31:54.916"}
{"level":"http","message":"::1 DELETE /api/admin/users/6885c7da4258948b07ec03cc 403 50 - 352.384 ms [27/Jul/2025:06:31:55 +0000] \"user-agent\" no-trace","service":"ophrus-backend","timestamp":"2025-07-27 08:31:55.721"}
{"level":"http","message":"::1 DELETE /api/admin/users/6885c7da4258948b07ec03cc 403 50 - 352.384 ms [27/Jul/2025:06:31:55 +0000] \"user-agent\" no-trace","service":"ophrus-backend","timestamp":"2025-07-27 08:31:55.738"}
{"level":"http","message":"::1 GET /api/admin/users/deleted 403 50 - 347.199 ms [27/Jul/2025:06:31:57 +0000] \"user-agent\" no-trace","service":"ophrus-backend","timestamp":"2025-07-27 08:31:57.019"}
{"level":"http","message":"::1 GET /api/admin/users/deleted 403 50 - 347.199 ms [27/Jul/2025:06:31:57 +0000] \"user-agent\" no-trace","service":"ophrus-backend","timestamp":"2025-07-27 08:31:57.025"}
{"level":"http","message":"::1 PATCH /api/admin/users/6885c7da4258948b07ec03cc/restore 403 50 - 413.727 ms [27/Jul/2025:06:31:58 +0000] \"user-agent\" no-trace","service":"ophrus-backend","timestamp":"2025-07-27 08:31:58.289"}
{"level":"http","message":"::1 PATCH /api/admin/users/6885c7da4258948b07ec03cc/restore 403 50 - 413.727 ms [27/Jul/2025:06:31:58 +0000] \"user-agent\" no-trace","service":"ophrus-backend","timestamp":"2025-07-27 08:31:58.293"}
{"level":"debug","message":"Tentative suppression bien ID: 6885c7b34258948b07ec039d par user: 6885c79c4258948b07ec0395","service":"ophrus-backend","timestamp":"2025-07-27 08:31:59.461"}
{"level":"info","message":"Début suppression 2 images Cloudinary","service":"ophrus-backend","timestamp":"2025-07-27 08:31:59.816"}
{"level":"debug","message":"Image supprimée: ophrus-annonces/wsw9zobfh7hxp3zycgaw","service":"ophrus-backend","timestamp":"2025-07-27 08:32:01.101"}
{"level":"debug","message":"Image supprimée: ophrus-annonces/nqxvcg5mlyxnu3qvqum1","service":"ophrus-backend","timestamp":"2025-07-27 08:32:01.649"}
{"level":"info","message":"Bien supprimé ID: 6885c7b34258948b07ec039d","service":"ophrus-backend","timestamp":"2025-07-27 08:32:01.997"}
{"level":"http","message":"::1 DELETE /api/properties/6885c7b34258948b07ec039d 200 29 - 2882.508 ms [27/Jul/2025:06:32:02 +0000] \"user-agent\" no-trace","service":"ophrus-backend","timestamp":"2025-07-27 08:32:02.007"}
{"level":"http","message":"::1 DELETE /api/properties/6885c7b34258948b07ec039d 200 29 - 2882.508 ms [27/Jul/2025:06:32:02 +0000] \"user-agent\" no-trace","service":"ophrus-backend","timestamp":"2025-07-27 08:32:02.011"}
{"level":"debug","message":"Tentative de déconnexion","service":"ophrus-backend","timestamp":"2025-07-27 08:32:02.862"}
{"level":"error","message":"Utilisateur non trouvé ou refreshTokens non défini lors de la déconnexion ID: 6885c7cf4258948b07ec03c5","service":"ophrus-backend","timestamp":"2025-07-27 08:32:03.218"}
{"level":"http","message":"::1 POST /api/users/logout 200 36 - 362.948 ms [27/Jul/2025:06:32:03 +0000] \"user-agent\" no-trace","service":"ophrus-backend","timestamp":"2025-07-27 08:32:03.227"}
{"level":"http","message":"::1 POST /api/users/logout 200 36 - 362.948 ms [27/Jul/2025:06:32:03 +0000] \"user-agent\" no-trace","service":"ophrus-backend","timestamp":"2025-07-27 08:32:03.233"}
{"level":"info","message":"Connexion à MongoDB...","service":"ophrus-backend","timestamp":"2025-07-27 08:45:39.343"}
{"level":"info","message":"🚀 Démarrage de l'application Ophrus-Immo","service":"ophrus-backend","timestamp":"2025-07-27 08:45:39.419"}
{"level":"info","message":"⚙️ Mode: development","service":"ophrus-backend","timestamp":"2025-07-27 08:45:39.424"}
{"level":"info","message":"🟢 Node.js version: v22.12.0","service":"ophrus-backend","timestamp":"2025-07-27 08:45:39.432"}
{"level":"debug","message":"Tentative d'inscription: testuser_1753598756685393100@example.com","service":"ophrus-backend","timestamp":"2025-07-27 08:45:57.356"}
{"level":"http","message":"::1 POST /api/users/register 201 523 - 1432.556 ms [27/Jul/2025:06:45:58 +0000] \"user-agent\" no-trace","service":"ophrus-backend","timestamp":"2025-07-27 08:45:58.769"}
{"level":"http","message":"::1 POST /api/users/register 201 523 - 1432.556 ms [27/Jul/2025:06:45:58 +0000] \"user-agent\" no-trace","service":"ophrus-backend","timestamp":"2025-07-27 08:45:58.779"}
{"level":"debug","message":"Requête de connexion reçue: {\"email\":\"testuser_1753598756685393100@example.com\",\"password\":\"TestPass123*\"}","service":"ophrus-backend","timestamp":"2025-07-27 08:46:00.740"}
{"level":"debug","message":"Tentative de connexion: testuser_1753598756685393100@example.com","service":"ophrus-backend","timestamp":"2025-07-27 08:46:00.810"}
{"level":"debug","message":"Utilisateur trouvé: testuser_1753598756685393100@example.com","service":"ophrus-backend","timestamp":"2025-07-27 08:46:01.240"}
{"level":"debug","message":"Password provided: TestPass123*","service":"ophrus-backend","timestamp":"2025-07-27 08:46:01.517"}
{"level":"debug","message":"Hashed password from DB: $2a$10$MfRwwQqlu0YLuc.5rAFtyOtv7wp1yzB/sqf.jz3vOJYtN9fmFF6FC","service":"ophrus-backend","timestamp":"2025-07-27 08:46:01.526"}
{"level":"debug","message":"Password match result: true","service":"ophrus-backend","timestamp":"2025-07-27 08:46:01.529"}
{"email":"testuser_1753598756685393100@example.com","ip":"::1","level":"info","message":"Connexion réussie ID: 6885cb251bf26a7ff5468bdb","service":"ophrus-backend","timestamp":"2025-07-27 08:46:01.955"}
{"level":"http","message":"::1 POST /api/users/login 200 489 - 1233.862 ms [27/Jul/2025:06:46:01 +0000] \"user-agent\" no-trace","service":"ophrus-backend","timestamp":"2025-07-27 08:46:01.965"}
{"level":"http","message":"::1 POST /api/users/login 200 489 - 1233.862 ms [27/Jul/2025:06:46:01 +0000] \"user-agent\" no-trace","service":"ophrus-backend","timestamp":"2025-07-27 08:46:01.968"}
{"error":"Cannot do exclusion on field password in inclusion projection","level":"error","message":"Erreur d'authentification","service":"ophrus-backend","stack":"MongoServerError: Cannot do exclusion on field password in inclusion projection\n    at Connection.sendCommand (C:\\Users\\SERVER-GOLD\\Documents\\Ophrus-immo\\node_modules\\mongodb\\lib\\cmap\\connection.js:305:27)\n    at process.processTicksAndRejections (node:internal/process/task_queues:105:5)\n    at async Connection.command (C:\\Users\\SERVER-GOLD\\Documents\\Ophrus-immo\\node_modules\\mongodb\\lib\\cmap\\connection.js:333:26)\n    at async Server.command (C:\\Users\\SERVER-GOLD\\Documents\\Ophrus-immo\\node_modules\\mongodb\\lib\\sdam\\server.js:171:29)\n    at async FindOperation.execute (C:\\Users\\SERVER-GOLD\\Documents\\Ophrus-immo\\node_modules\\mongodb\\lib\\operations\\find.js:36:16)\n    at async tryOperation (C:\\Users\\SERVER-GOLD\\Documents\\Ophrus-immo\\node_modules\\mongodb\\lib\\operations\\execute_operation.js:207:20)\n    at async executeOperation (C:\\Users\\SERVER-GOLD\\Documents\\Ophrus-immo\\node_modules\\mongodb\\lib\\operations\\execute_operation.js:75:16)\n    at async FindCursor._initialize (C:\\Users\\SERVER-GOLD\\Documents\\Ophrus-immo\\node_modules\\mongodb\\lib\\cursor\\find_cursor.js:61:26)\n    at async FindCursor.cursorInit (C:\\Users\\SERVER-GOLD\\Documents\\Ophrus-immo\\node_modules\\mongodb\\lib\\cursor\\abstract_cursor.js:633:27)\n    at async FindCursor.fetchBatch (C:\\Users\\SERVER-GOLD\\Documents\\Ophrus-immo\\node_modules\\mongodb\\lib\\cursor\\abstract_cursor.js:667:13)","timestamp":"2025-07-27 08:46:05.022"}
{"level":"http","message":"::1 GET /api/users/profil 401 55 - 392.486 ms [27/Jul/2025:06:46:05 +0000] \"user-agent\" no-trace","service":"ophrus-backend","timestamp":"2025-07-27 08:46:05.031"}
{"level":"http","message":"::1 GET /api/users/profil 401 55 - 392.486 ms [27/Jul/2025:06:46:05 +0000] \"user-agent\" no-trace","service":"ophrus-backend","timestamp":"2025-07-27 08:46:05.033"}
{"error":"Cannot do exclusion on field password in inclusion projection","level":"error","message":"Erreur d'authentification","service":"ophrus-backend","stack":"MongoServerError: Cannot do exclusion on field password in inclusion projection\n    at Connection.sendCommand (C:\\Users\\SERVER-GOLD\\Documents\\Ophrus-immo\\node_modules\\mongodb\\lib\\cmap\\connection.js:305:27)\n    at process.processTicksAndRejections (node:internal/process/task_queues:105:5)\n    at async Connection.command (C:\\Users\\SERVER-GOLD\\Documents\\Ophrus-immo\\node_modules\\mongodb\\lib\\cmap\\connection.js:333:26)\n    at async Server.command (C:\\Users\\SERVER-GOLD\\Documents\\Ophrus-immo\\node_modules\\mongodb\\lib\\sdam\\server.js:171:29)\n    at async FindOperation.execute (C:\\Users\\SERVER-GOLD\\Documents\\Ophrus-immo\\node_modules\\mongodb\\lib\\operations\\find.js:36:16)\n    at async tryOperation (C:\\Users\\SERVER-GOLD\\Documents\\Ophrus-immo\\node_modules\\mongodb\\lib\\operations\\execute_operation.js:207:20)\n    at async executeOperation (C:\\Users\\SERVER-GOLD\\Documents\\Ophrus-immo\\node_modules\\mongodb\\lib\\operations\\execute_operation.js:75:16)\n    at async FindCursor._initialize (C:\\Users\\SERVER-GOLD\\Documents\\Ophrus-immo\\node_modules\\mongodb\\lib\\cursor\\find_cursor.js:61:26)\n    at async FindCursor.cursorInit (C:\\Users\\SERVER-GOLD\\Documents\\Ophrus-immo\\node_modules\\mongodb\\lib\\cursor\\abstract_cursor.js:633:27)\n    at async FindCursor.fetchBatch (C:\\Users\\SERVER-GOLD\\Documents\\Ophrus-immo\\node_modules\\mongodb\\lib\\cursor\\abstract_cursor.js:667:13)","timestamp":"2025-07-27 08:46:06.652"}
{"level":"http","message":"::1 POST /api/properties 401 55 - 341.662 ms [27/Jul/2025:06:46:06 +0000] \"user-agent\" no-trace","service":"ophrus-backend","timestamp":"2025-07-27 08:46:06.662"}
{"level":"http","message":"::1 POST /api/properties 401 55 - 341.662 ms [27/Jul/2025:06:46:06 +0000] \"user-agent\" no-trace","service":"ophrus-backend","timestamp":"2025-07-27 08:46:06.665"}
{"level":"debug","message":"Tentative d'inscription: testuser_1753598850534045600@example.com","service":"ophrus-backend","timestamp":"2025-07-27 08:47:31.966"}
{"level":"http","message":"::1 POST /api/users/register 201 523 - 2503.846 ms [27/Jul/2025:06:47:34 +0000] \"user-agent\" no-trace","service":"ophrus-backend","timestamp":"2025-07-27 08:47:34.459"}
{"level":"http","message":"::1 POST /api/users/register 201 523 - 2503.846 ms [27/Jul/2025:06:47:34 +0000] \"user-agent\" no-trace","service":"ophrus-backend","timestamp":"2025-07-27 08:47:34.463"}
{"level":"debug","message":"Requête de connexion reçue: {\"email\":\"testuser_1753598850534045600@example.com\",\"password\":\"TestPass123*\"}","service":"ophrus-backend","timestamp":"2025-07-27 08:47:39.017"}
{"level":"debug","message":"Tentative de connexion: testuser_1753598850534045600@example.com","service":"ophrus-backend","timestamp":"2025-07-27 08:47:39.020"}
{"level":"debug","message":"Utilisateur trouvé: testuser_1753598850534045600@example.com","service":"ophrus-backend","timestamp":"2025-07-27 08:47:39.401"}
{"level":"debug","message":"Password provided: TestPass123*","service":"ophrus-backend","timestamp":"2025-07-27 08:47:39.779"}
{"level":"debug","message":"Hashed password from DB: $2a$10$yUA0dk0UKQ9uuG5xofjl2OslVqGfnMyPSBbLmnvHS9SeQGlHL6Req","service":"ophrus-backend","timestamp":"2025-07-27 08:47:39.781"}
{"level":"debug","message":"Password match result: true","service":"ophrus-backend","timestamp":"2025-07-27 08:47:39.783"}
{"email":"testuser_1753598850534045600@example.com","ip":"::1","level":"info","message":"Connexion réussie ID: 6885cb851bf26a7ff5468be3","service":"ophrus-backend","timestamp":"2025-07-27 08:47:40.134"}
{"level":"http","message":"::1 POST /api/users/login 200 489 - 1124.992 ms [27/Jul/2025:06:47:40 +0000] \"user-agent\" no-trace","service":"ophrus-backend","timestamp":"2025-07-27 08:47:40.140"}
{"level":"http","message":"::1 POST /api/users/login 200 489 - 1124.992 ms [27/Jul/2025:06:47:40 +0000] \"user-agent\" no-trace","service":"ophrus-backend","timestamp":"2025-07-27 08:47:40.143"}
{"error":"Cannot do exclusion on field password in inclusion projection","level":"error","message":"Erreur d'authentification","service":"ophrus-backend","stack":"MongoServerError: Cannot do exclusion on field password in inclusion projection\n    at Connection.sendCommand (C:\\Users\\SERVER-GOLD\\Documents\\Ophrus-immo\\node_modules\\mongodb\\lib\\cmap\\connection.js:305:27)\n    at process.processTicksAndRejections (node:internal/process/task_queues:105:5)\n    at async Connection.command (C:\\Users\\SERVER-GOLD\\Documents\\Ophrus-immo\\node_modules\\mongodb\\lib\\cmap\\connection.js:333:26)\n    at async Server.command (C:\\Users\\SERVER-GOLD\\Documents\\Ophrus-immo\\node_modules\\mongodb\\lib\\sdam\\server.js:171:29)\n    at async FindOperation.execute (C:\\Users\\SERVER-GOLD\\Documents\\Ophrus-immo\\node_modules\\mongodb\\lib\\operations\\find.js:36:16)\n    at async tryOperation (C:\\Users\\SERVER-GOLD\\Documents\\Ophrus-immo\\node_modules\\mongodb\\lib\\operations\\execute_operation.js:207:20)\n    at async executeOperation (C:\\Users\\SERVER-GOLD\\Documents\\Ophrus-immo\\node_modules\\mongodb\\lib\\operations\\execute_operation.js:75:16)\n    at async FindCursor._initialize (C:\\Users\\SERVER-GOLD\\Documents\\Ophrus-immo\\node_modules\\mongodb\\lib\\cursor\\find_cursor.js:61:26)\n    at async FindCursor.cursorInit (C:\\Users\\SERVER-GOLD\\Documents\\Ophrus-immo\\node_modules\\mongodb\\lib\\cursor\\abstract_cursor.js:633:27)\n    at async FindCursor.fetchBatch (C:\\Users\\SERVER-GOLD\\Documents\\Ophrus-immo\\node_modules\\mongodb\\lib\\cursor\\abstract_cursor.js:667:13)","timestamp":"2025-07-27 08:47:43.072"}
{"level":"http","message":"::1 GET /api/users/profil 401 55 - 568.850 ms [27/Jul/2025:06:47:43 +0000] \"user-agent\" no-trace","service":"ophrus-backend","timestamp":"2025-07-27 08:47:43.108"}
{"level":"http","message":"::1 GET /api/users/profil 401 55 - 568.850 ms [27/Jul/2025:06:47:43 +0000] \"user-agent\" no-trace","service":"ophrus-backend","timestamp":"2025-07-27 08:47:43.111"}
{"error":"Cannot do exclusion on field password in inclusion projection","level":"error","message":"Erreur d'authentification","service":"ophrus-backend","stack":"MongoServerError: Cannot do exclusion on field password in inclusion projection\n    at Connection.sendCommand (C:\\Users\\SERVER-GOLD\\Documents\\Ophrus-immo\\node_modules\\mongodb\\lib\\cmap\\connection.js:305:27)\n    at process.processTicksAndRejections (node:internal/process/task_queues:105:5)\n    at async Connection.command (C:\\Users\\SERVER-GOLD\\Documents\\Ophrus-immo\\node_modules\\mongodb\\lib\\cmap\\connection.js:333:26)\n    at async Server.command (C:\\Users\\SERVER-GOLD\\Documents\\Ophrus-immo\\node_modules\\mongodb\\lib\\sdam\\server.js:171:29)\n    at async FindOperation.execute (C:\\Users\\SERVER-GOLD\\Documents\\Ophrus-immo\\node_modules\\mongodb\\lib\\operations\\find.js:36:16)\n    at async tryOperation (C:\\Users\\SERVER-GOLD\\Documents\\Ophrus-immo\\node_modules\\mongodb\\lib\\operations\\execute_operation.js:207:20)\n    at async executeOperation (C:\\Users\\SERVER-GOLD\\Documents\\Ophrus-immo\\node_modules\\mongodb\\lib\\operations\\execute_operation.js:75:16)\n    at async FindCursor._initialize (C:\\Users\\SERVER-GOLD\\Documents\\Ophrus-immo\\node_modules\\mongodb\\lib\\cursor\\find_cursor.js:61:26)\n    at async FindCursor.cursorInit (C:\\Users\\SERVER-GOLD\\Documents\\Ophrus-immo\\node_modules\\mongodb\\lib\\cursor\\abstract_cursor.js:633:27)\n    at async FindCursor.fetchBatch (C:\\Users\\SERVER-GOLD\\Documents\\Ophrus-immo\\node_modules\\mongodb\\lib\\cursor\\abstract_cursor.js:667:13)","timestamp":"2025-07-27 08:47:44.630"}
{"level":"http","message":"::1 POST /api/properties 401 55 - 363.637 ms [27/Jul/2025:06:47:44 +0000] \"user-agent\" no-trace","service":"ophrus-backend","timestamp":"2025-07-27 08:47:44.647"}
{"level":"http","message":"::1 POST /api/properties 401 55 - 363.637 ms [27/Jul/2025:06:47:44 +0000] \"user-agent\" no-trace","service":"ophrus-backend","timestamp":"2025-07-27 08:47:44.652"}
{"level":"info","message":"Connexion à MongoDB...","service":"ophrus-backend","timestamp":"2025-07-27 08:56:51.056"}
{"level":"info","message":"🚀 Démarrage de l'application Ophrus-Immo","service":"ophrus-backend","timestamp":"2025-07-27 08:56:51.136"}
{"level":"info","message":"⚙️ Mode: development","service":"ophrus-backend","timestamp":"2025-07-27 08:56:51.144"}
{"level":"info","message":"🟢 Node.js version: v22.12.0","service":"ophrus-backend","timestamp":"2025-07-27 08:56:51.149"}
{"level":"debug","message":"Tentative d'inscription: testuser_1753599458058714800@example.com","service":"ophrus-backend","timestamp":"2025-07-27 08:57:38.916"}
{"level":"http","message":"::1 POST /api/users/register 201 523 - 3183.998 ms [27/Jul/2025:06:57:42 +0000] \"user-agent\" no-trace","service":"ophrus-backend","timestamp":"2025-07-27 08:57:42.074"}
{"level":"http","message":"::1 POST /api/users/register 201 523 - 3183.998 ms [27/Jul/2025:06:57:42 +0000] \"user-agent\" no-trace","service":"ophrus-backend","timestamp":"2025-07-27 08:57:42.741"}
{"level":"debug","message":"Requête de connexion reçue: {\"email\":\"testuser_1753599458058714800@example.com\",\"password\":\"TestPass123*\"}","service":"ophrus-backend","timestamp":"2025-07-27 08:57:46.054"}
{"level":"debug","message":"Tentative de connexion: testuser_1753599458058714800@example.com","service":"ophrus-backend","timestamp":"2025-07-27 08:57:46.056"}
{"level":"debug","message":"Utilisateur trouvé: testuser_1753599458058714800@example.com","service":"ophrus-backend","timestamp":"2025-07-27 08:57:46.413"}
{"level":"debug","message":"Password provided: TestPass123*","service":"ophrus-backend","timestamp":"2025-07-27 08:57:46.571"}
{"level":"debug","message":"Hashed password from DB: $2a$10$XyJLyTSOkwobKDlvQTcEbuCcWoWRmDBD2WqgJH8JW.wxj7OiDENBS","service":"ophrus-backend","timestamp":"2025-07-27 08:57:46.573"}
{"level":"debug","message":"Password match result: true","service":"ophrus-backend","timestamp":"2025-07-27 08:57:46.575"}
{"email":"testuser_1753599458058714800@example.com","ip":"::1","level":"info","message":"Connexion réussie ID: 6885cde5f09fa9b8404eac47","service":"ophrus-backend","timestamp":"2025-07-27 08:57:46.937"}
{"level":"http","message":"::1 POST /api/users/login 200 489 - 900.242 ms [27/Jul/2025:06:57:46 +0000] \"user-agent\" no-trace","service":"ophrus-backend","timestamp":"2025-07-27 08:57:46.950"}
{"level":"http","message":"::1 POST /api/users/login 200 489 - 900.242 ms [27/Jul/2025:06:57:46 +0000] \"user-agent\" no-trace","service":"ophrus-backend","timestamp":"2025-07-27 08:57:46.954"}
{"level":"debug","message":"Récupération du profil utilisateur ID: 6885cde5f09fa9b8404eac47","service":"ophrus-backend","timestamp":"2025-07-27 08:57:49.434"}
{"level":"info","message":"Profil récupéré avec succès ID: 6885cde5f09fa9b8404eac47","service":"ophrus-backend","timestamp":"2025-07-27 08:57:49.780"}
{"level":"http","message":"::1 GET /api/users/profil 200 269 - 729.567 ms [27/Jul/2025:06:57:49 +0000] \"user-agent\" no-trace","service":"ophrus-backend","timestamp":"2025-07-27 08:57:49.798"}
{"level":"http","message":"::1 GET /api/users/profil 200 269 - 729.567 ms [27/Jul/2025:06:57:49 +0000] \"user-agent\" no-trace","service":"ophrus-backend","timestamp":"2025-07-27 08:57:49.804"}
{"body":{"adresse":"123 Rue de Test","anneeConstruction":"2000","caracteristiques":"Balcon,Parking","codePostal":"12345","description":"Bel appartement de test","images":"[...]","latitude":"48.8566","longitude":"2.3522","nombreChambres":"2","nombreSallesDeBain":"1","pays":"TestPays","prix":"250000","statut":"A Vendre","surface":"75","titre":"Appartement Test 1753599471","typeBien":"Appartement","ville":"TestVille"},"filesCount":2,"level":"debug","message":"Tentative création bien par user: 6885cde5f09fa9b8404eac47","service":"ophrus-backend","timestamp":"2025-07-27 08:57:54.375"}
{"level":"info","message":"Début upload 2 images vers Cloudinary","service":"ophrus-backend","timestamp":"2025-07-27 08:57:54.379"}
{"level":"debug","message":"Image uploadée: ophrus-annonces/iu6uzhcxc1acvbnndfai","service":"ophrus-backend","timestamp":"2025-07-27 08:57:55.219"}
{"level":"debug","message":"Image uploadée: ophrus-annonces/wsw1gy0gpl9nldct0wzm","service":"ophrus-backend","timestamp":"2025-07-27 08:57:56.109"}
{"imagesCount":2,"level":"info","message":"Nouveau bien créé ID: 6885cdf4f09fa9b8404eac4f","service":"ophrus-backend","timestamp":"2025-07-27 08:57:56.482","titre":"Appartement Test 1753599471","ville":"TestVille"}
{"level":"http","message":"::1 POST /api/properties 201 957 - 4796.691 ms [27/Jul/2025:06:57:56 +0000] \"user-agent\" no-trace","service":"ophrus-backend","timestamp":"2025-07-27 08:57:56.493"}
{"level":"http","message":"::1 POST /api/properties 201 957 - 4796.691 ms [27/Jul/2025:06:57:56 +0000] \"user-agent\" no-trace","service":"ophrus-backend","timestamp":"2025-07-27 08:57:56.495"}
{"level":"debug","message":"Recherche de biens avec filtres","query":{},"service":"ophrus-backend","timestamp":"2025-07-27 08:58:00.942"}
{"filters":0,"level":"info","limit":10,"message":"Résultats recherche - 10/18 biens trouvés","page":1,"service":"ophrus-backend","timestamp":"2025-07-27 08:58:02.192"}
{"level":"http","message":"::1 GET /api/properties 200 9478 - 1267.533 ms [27/Jul/2025:06:58:02 +0000] \"user-agent\" no-trace","service":"ophrus-backend","timestamp":"2025-07-27 08:58:02.210"}
{"level":"http","message":"::1 GET /api/properties 200 9478 - 1267.533 ms [27/Jul/2025:06:58:02 +0000] \"user-agent\" no-trace","service":"ophrus-backend","timestamp":"2025-07-27 08:58:02.214"}
{"level":"debug","message":"Consultation bien ID: 6885cdf4f09fa9b8404eac4f","service":"ophrus-backend","timestamp":"2025-07-27 08:58:11.227"}
{"level":"info","message":"Bien consulté ID: 6885cdf4f09fa9b8404eac4f","service":"ophrus-backend","timestamp":"2025-07-27 08:58:12.189","titre":"Appartement Test 1753599471"}
{"level":"http","message":"::1 GET /api/properties/6885cdf4f09fa9b8404eac4f 200 1011 - 1024.904 ms [27/Jul/2025:06:58:12 +0000] \"user-agent\" no-trace","service":"ophrus-backend","timestamp":"2025-07-27 08:58:12.264"}
{"level":"http","message":"::1 GET /api/properties/6885cdf4f09fa9b8404eac4f 200 1011 - 1024.904 ms [27/Jul/2025:06:58:12 +0000] \"user-agent\" no-trace","service":"ophrus-backend","timestamp":"2025-07-27 08:58:12.267"}
{"level":"debug","message":"Tentative mise à jour bien ID: 6885cdf4f09fa9b8404eac4f","service":"ophrus-backend","timestamp":"2025-07-27 08:58:14.501","updatedFields":["prix","description"]}
{"level":"info","message":"Bien mis à jour ID: 6885cdf4f09fa9b8404eac4f","service":"ophrus-backend","timestamp":"2025-07-27 08:58:15.205","updatedFields":["description","prix"]}
{"level":"http","message":"::1 PUT /api/properties/6885cdf4f09fa9b8404eac4f 200 978 - 1057.089 ms [27/Jul/2025:06:58:15 +0000] \"user-agent\" no-trace","service":"ophrus-backend","timestamp":"2025-07-27 08:58:15.212"}
{"level":"http","message":"::1 PUT /api/properties/6885cdf4f09fa9b8404eac4f 200 978 - 1057.089 ms [27/Jul/2025:06:58:15 +0000] \"user-agent\" no-trace","service":"ophrus-backend","timestamp":"2025-07-27 08:58:15.215"}
{"level":"debug","message":"Demande de réinitialisation de mot de passe pour: testuser_1753599458058714800@example.com","service":"ophrus-backend","timestamp":"2025-07-27 08:58:16.852"}
{"code":"EAUTH","command":"AUTH PLAIN","level":"error","message":"❌ Erreur brevo: Invalid login: 535 5.7.8 Authentication failed","response":"535 5.7.8 Authentication failed","responseCode":535,"service":"ophrus-backend","stack":"Error: Invalid login: 535 5.7.8 Authentication failed\n    at SMTPConnection._formatError (C:\\Users\\SERVER-GOLD\\Documents\\Ophrus-immo\\node_modules\\nodemailer\\lib\\smtp-connection\\index.js:809:19)\n    at SMTPConnection._actionAUTHComplete (C:\\Users\\SERVER-GOLD\\Documents\\Ophrus-immo\\node_modules\\nodemailer\\lib\\smtp-connection\\index.js:1588:34)\n    at SMTPConnection.<anonymous> (C:\\Users\\SERVER-GOLD\\Documents\\Ophrus-immo\\node_modules\\nodemailer\\lib\\smtp-connection\\index.js:556:26)\n    at SMTPConnection._processResponse (C:\\Users\\SERVER-GOLD\\Documents\\Ophrus-immo\\node_modules\\nodemailer\\lib\\smtp-connection\\index.js:993:20)\n    at SMTPConnection._onData (C:\\Users\\SERVER-GOLD\\Documents\\Ophrus-immo\\node_modules\\nodemailer\\lib\\smtp-connection\\index.js:774:14)\n    at SMTPConnection._onSocketData (C:\\Users\\SERVER-GOLD\\Documents\\Ophrus-immo\\node_modules\\nodemailer\\lib\\smtp-connection\\index.js:195:44)\n    at TLSSocket.emit (node:events:524:28)\n    at addChunk (node:internal/streams/readable:561:12)\n    at readableAddChunkPushByteMode (node:internal/streams/readable:512:3)\n    at Readable.push (node:internal/streams/readable:392:5)","timestamp":"2025-07-27 08:58:19.525"}
{"level":"info","message":"🔄 Tentative de fallback vers Resend...","service":"ophrus-backend","timestamp":"2025-07-27 08:58:19.536"}
{"level":"info","message":"✅ Email envoyé avec Resend (fallback) à testuser_1753599458058714800@example.com","service":"ophrus-backend","timestamp":"2025-07-27 08:58:21.329"}
{"level":"info","message":"Code de réinitialisation envoyé à: testuser_1753599458058714800@example.com","service":"ophrus-backend","timestamp":"2025-07-27 08:58:21.335","userId":"6885cde5f09fa9b8404eac47"}
{"level":"http","message":"::1 POST /api/users/reset-request 200 37 - 4493.941 ms [27/Jul/2025:06:58:21 +0000] \"user-agent\" no-trace","service":"ophrus-backend","timestamp":"2025-07-27 08:58:21.348"}
{"level":"http","message":"::1 POST /api/users/reset-request 200 37 - 4493.941 ms [27/Jul/2025:06:58:21 +0000] \"user-agent\" no-trace","service":"ophrus-backend","timestamp":"2025-07-27 08:58:21.354"}
{"level":"debug","message":"Tentative de déconnexion","service":"ophrus-backend","timestamp":"2025-07-27 08:58:22.545"}
{"level":"error","message":"Utilisateur non trouvé ou refreshTokens non défini lors de la déconnexion ID: 6885cde5f09fa9b8404eac47","service":"ophrus-backend","timestamp":"2025-07-27 08:58:22.889"}
{"level":"http","message":"::1 POST /api/users/logout 200 36 - 352.107 ms [27/Jul/2025:06:58:22 +0000] \"user-agent\" no-trace","service":"ophrus-backend","timestamp":"2025-07-27 08:58:22.901"}
{"level":"http","message":"::1 POST /api/users/logout 200 36 - 352.107 ms [27/Jul/2025:06:58:22 +0000] \"user-agent\" no-trace","service":"ophrus-backend","timestamp":"2025-07-27 08:58:22.907"}
{"level":"debug","message":"Tentative d'inscription: admin_1753599458255172000@example.com","service":"ophrus-backend","timestamp":"2025-07-27 08:58:23.872"}
{"level":"http","message":"::1 POST /api/users/register 201 521 - 1562.331 ms [27/Jul/2025:06:58:25 +0000] \"user-agent\" no-trace","service":"ophrus-backend","timestamp":"2025-07-27 08:58:25.428"}
{"level":"http","message":"::1 POST /api/users/register 201 521 - 1562.331 ms [27/Jul/2025:06:58:25 +0000] \"user-agent\" no-trace","service":"ophrus-backend","timestamp":"2025-07-27 08:58:25.434"}
{"level":"debug","message":"Requête de connexion reçue: {\"email\":\"admin_1753599458255172000@example.com\",\"password\":\"AdminPass123*\"}","service":"ophrus-backend","timestamp":"2025-07-27 08:58:27.049"}
{"level":"debug","message":"Tentative de connexion: admin_1753599458255172000@example.com","service":"ophrus-backend","timestamp":"2025-07-27 08:58:27.053"}
{"level":"debug","message":"Utilisateur trouvé: admin_1753599458255172000@example.com","service":"ophrus-backend","timestamp":"2025-07-27 08:58:27.404"}
{"level":"debug","message":"Password provided: AdminPass123*","service":"ophrus-backend","timestamp":"2025-07-27 08:58:27.612"}
{"level":"debug","message":"Hashed password from DB: $2a$10$5Wn25YrdnaejW8WByoLAdOyzTl5bBsx2kqRRZsQiFrKrO1aaoKAT2","service":"ophrus-backend","timestamp":"2025-07-27 08:58:27.614"}
{"level":"debug","message":"Password match result: true","service":"ophrus-backend","timestamp":"2025-07-27 08:58:27.615"}
{"email":"admin_1753599458255172000@example.com","ip":"::1","level":"info","message":"Connexion réussie ID: 6885ce10f09fa9b8404eac77","service":"ophrus-backend","timestamp":"2025-07-27 08:58:28.053"}
{"level":"http","message":"::1 POST /api/users/login 200 487 - 1013.438 ms [27/Jul/2025:06:58:28 +0000] \"user-agent\" no-trace","service":"ophrus-backend","timestamp":"2025-07-27 08:58:28.063"}
{"level":"http","message":"::1 POST /api/users/login 200 487 - 1013.438 ms [27/Jul/2025:06:58:28 +0000] \"user-agent\" no-trace","service":"ophrus-backend","timestamp":"2025-07-27 08:58:28.067"}
{"level":"http","message":"::1 GET /api/admin/users 403 50 - 346.447 ms [27/Jul/2025:06:58:30 +0000] \"user-agent\" no-trace","service":"ophrus-backend","timestamp":"2025-07-27 08:58:30.465"}
{"level":"http","message":"::1 GET /api/admin/users 403 50 - 346.447 ms [27/Jul/2025:06:58:30 +0000] \"user-agent\" no-trace","service":"ophrus-backend","timestamp":"2025-07-27 08:58:30.472"}
{"level":"debug","message":"Tentative d'inscription: tempuser_1753599512004979400@example.com","service":"ophrus-backend","timestamp":"2025-07-27 08:58:32.213"}
{"level":"http","message":"::1 POST /api/users/register 201 523 - 1242.194 ms [27/Jul/2025:06:58:33 +0000] \"user-agent\" no-trace","service":"ophrus-backend","timestamp":"2025-07-27 08:58:33.449"}
{"level":"http","message":"::1 POST /api/users/register 201 523 - 1242.194 ms [27/Jul/2025:06:58:33 +0000] \"user-agent\" no-trace","service":"ophrus-backend","timestamp":"2025-07-27 08:58:33.458"}
{"level":"http","message":"::1 DELETE /api/admin/users/6885ce18f09fa9b8404eac7e 403 50 - 341.293 ms [27/Jul/2025:06:58:34 +0000] \"user-agent\" no-trace","service":"ophrus-backend","timestamp":"2025-07-27 08:58:34.278"}
{"level":"http","message":"::1 DELETE /api/admin/users/6885ce18f09fa9b8404eac7e 403 50 - 341.293 ms [27/Jul/2025:06:58:34 +0000] \"user-agent\" no-trace","service":"ophrus-backend","timestamp":"2025-07-27 08:58:34.284"}
{"level":"http","message":"::1 GET /api/admin/users/deleted 403 50 - 373.148 ms [27/Jul/2025:06:58:35 +0000] \"user-agent\" no-trace","service":"ophrus-backend","timestamp":"2025-07-27 08:58:35.616"}
{"level":"http","message":"::1 GET /api/admin/users/deleted 403 50 - 373.148 ms [27/Jul/2025:06:58:35 +0000] \"user-agent\" no-trace","service":"ophrus-backend","timestamp":"2025-07-27 08:58:35.623"}
{"level":"http","message":"::1 PATCH /api/admin/users/6885ce18f09fa9b8404eac7e/restore 403 50 - 452.130 ms [27/Jul/2025:06:58:36 +0000] \"user-agent\" no-trace","service":"ophrus-backend","timestamp":"2025-07-27 08:58:36.968"}
{"level":"http","message":"::1 PATCH /api/admin/users/6885ce18f09fa9b8404eac7e/restore 403 50 - 452.130 ms [27/Jul/2025:06:58:36 +0000] \"user-agent\" no-trace","service":"ophrus-backend","timestamp":"2025-07-27 08:58:36.976"}
{"level":"debug","message":"Tentative suppression bien ID: 6885cdf4f09fa9b8404eac4f par user: 6885cde5f09fa9b8404eac47","service":"ophrus-backend","timestamp":"2025-07-27 08:58:38.396"}
{"level":"info","message":"Début suppression 2 images Cloudinary","service":"ophrus-backend","timestamp":"2025-07-27 08:58:38.814"}
{"level":"debug","message":"Image supprimée: ophrus-annonces/iu6uzhcxc1acvbnndfai","service":"ophrus-backend","timestamp":"2025-07-27 08:58:40.010"}
{"level":"debug","message":"Image supprimée: ophrus-annonces/wsw1gy0gpl9nldct0wzm","service":"ophrus-backend","timestamp":"2025-07-27 08:58:40.519"}
{"level":"info","message":"Bien supprimé ID: 6885cdf4f09fa9b8404eac4f","service":"ophrus-backend","timestamp":"2025-07-27 08:58:40.866"}
{"level":"http","message":"::1 DELETE /api/properties/6885cdf4f09fa9b8404eac4f 200 29 - 2934.912 ms [27/Jul/2025:06:58:40 +0000] \"user-agent\" no-trace","service":"ophrus-backend","timestamp":"2025-07-27 08:58:40.874"}
{"level":"http","message":"::1 DELETE /api/properties/6885cdf4f09fa9b8404eac4f 200 29 - 2934.912 ms [27/Jul/2025:06:58:40 +0000] \"user-agent\" no-trace","service":"ophrus-backend","timestamp":"2025-07-27 08:58:40.878"}
{"level":"debug","message":"Tentative de déconnexion","service":"ophrus-backend","timestamp":"2025-07-27 08:58:41.958"}
{"level":"error","message":"Utilisateur non trouvé ou refreshTokens non défini lors de la déconnexion ID: 6885ce10f09fa9b8404eac77","service":"ophrus-backend","timestamp":"2025-07-27 08:58:42.300"}
{"level":"http","message":"::1 POST /api/users/logout 200 36 - 348.274 ms [27/Jul/2025:06:58:42 +0000] \"user-agent\" no-trace","service":"ophrus-backend","timestamp":"2025-07-27 08:58:42.308"}
{"level":"http","message":"::1 POST /api/users/logout 200 36 - 348.274 ms [27/Jul/2025:06:58:42 +0000] \"user-agent\" no-trace","service":"ophrus-backend","timestamp":"2025-07-27 08:58:42.314"}
{"level":"debug","message":"Tentative d'inscription: mayalachristgottlieb@gmail.com","service":"ophrus-backend","timestamp":"2025-07-27 09:01:05.192"}
{"level":"warn","message":"Email déjà utilisé: mayalachristgottlieb@gmail.com","service":"ophrus-backend","timestamp":"2025-07-27 09:01:05.572"}
{"level":"http","message":"::1 POST /api/users/register 400 41 - 388.983 ms [27/Jul/2025:07:01:05 +0000] \"user-agent\" no-trace","service":"ophrus-backend","timestamp":"2025-07-27 09:01:05.577"}
{"level":"http","message":"::1 POST /api/users/register 400 41 - 388.983 ms [27/Jul/2025:07:01:05 +0000] \"user-agent\" no-trace","service":"ophrus-backend","timestamp":"2025-07-27 09:01:05.582"}
{"level":"debug","message":"Tentative d'inscription: bawohi7127@7tul.com","service":"ophrus-backend","timestamp":"2025-07-27 09:03:02.570"}
{"level":"http","message":"::1 POST /api/users/register 201 502 - 1491.164 ms [27/Jul/2025:07:03:04 +0000] \"user-agent\" no-trace","service":"ophrus-backend","timestamp":"2025-07-27 09:03:04.029"}
{"level":"http","message":"::1 POST /api/users/register 201 502 - 1491.164 ms [27/Jul/2025:07:03:04 +0000] \"user-agent\" no-trace","service":"ophrus-backend","timestamp":"2025-07-27 09:03:04.038"}
{"level":"debug","message":"Requête de connexion reçue: {\"email\":\"bawohi7127@7tul.com\",\"password\":\"TestPass123*\"}","service":"ophrus-backend","timestamp":"2025-07-27 09:03:06.857"}
{"level":"debug","message":"Tentative de connexion: bawohi7127@7tul.com","service":"ophrus-backend","timestamp":"2025-07-27 09:03:06.860"}
{"level":"debug","message":"Utilisateur trouvé: bawohi7127@7tul.com","service":"ophrus-backend","timestamp":"2025-07-27 09:03:07.291"}
{"level":"debug","message":"Password provided: TestPass123*","service":"ophrus-backend","timestamp":"2025-07-27 09:03:07.579"}
{"level":"debug","message":"Hashed password from DB: $2a$10$OjjLy9isBiIcDDZZ5y7q4e0t0rB13UAO5Z1f/RYF4BG2BcnSiE.Ty","service":"ophrus-backend","timestamp":"2025-07-27 09:03:07.581"}
{"level":"debug","message":"Password match result: true","service":"ophrus-backend","timestamp":"2025-07-27 09:03:07.583"}
{"email":"bawohi7127@7tul.com","ip":"::1","level":"info","message":"Connexion réussie ID: 6885cf27f09fa9b8404eac8c","service":"ophrus-backend","timestamp":"2025-07-27 09:03:07.929"}
{"level":"http","message":"::1 POST /api/users/login 200 468 - 1081.790 ms [27/Jul/2025:07:03:07 +0000] \"user-agent\" no-trace","service":"ophrus-backend","timestamp":"2025-07-27 09:03:07.939"}
{"level":"http","message":"::1 POST /api/users/login 200 468 - 1081.790 ms [27/Jul/2025:07:03:07 +0000] \"user-agent\" no-trace","service":"ophrus-backend","timestamp":"2025-07-27 09:03:07.943"}
{"level":"debug","message":"Récupération du profil utilisateur ID: 6885cf27f09fa9b8404eac8c","service":"ophrus-backend","timestamp":"2025-07-27 09:03:10.327"}
{"level":"info","message":"Profil récupéré avec succès ID: 6885cf27f09fa9b8404eac8c","service":"ophrus-backend","timestamp":"2025-07-27 09:03:10.678"}
{"level":"http","message":"::1 GET /api/users/profil 200 248 - 690.178 ms [27/Jul/2025:07:03:10 +0000] \"user-agent\" no-trace","service":"ophrus-backend","timestamp":"2025-07-27 09:03:10.689"}
{"level":"http","message":"::1 GET /api/users/profil 200 248 - 690.178 ms [27/Jul/2025:07:03:10 +0000] \"user-agent\" no-trace","service":"ophrus-backend","timestamp":"2025-07-27 09:03:10.692"}
{"body":{"adresse":"123 Rue de Test","anneeConstruction":"2000","caracteristiques":"Balcon,Parking","codePostal":"12345","description":"Bel appartement de test","images":"[...]","latitude":"48.8566","longitude":"2.3522","nombreChambres":"2","nombreSallesDeBain":"1","pays":"TestPays","prix":"250000","statut":"A Vendre","surface":"75","titre":"Appartement Test 1753599791","typeBien":"Appartement","ville":"TestVille"},"filesCount":2,"level":"debug","message":"Tentative création bien par user: 6885cf27f09fa9b8404eac8c","service":"ophrus-backend","timestamp":"2025-07-27 09:03:15.305"}
{"level":"info","message":"Début upload 2 images vers Cloudinary","service":"ophrus-backend","timestamp":"2025-07-27 09:03:15.311"}
{"level":"debug","message":"Image uploadée: ophrus-annonces/pb4freq9ceryzi4mukip","service":"ophrus-backend","timestamp":"2025-07-27 09:03:16.650"}
{"level":"debug","message":"Image uploadée: ophrus-annonces/lahkl95xgejcdewkhyt9","service":"ophrus-backend","timestamp":"2025-07-27 09:03:17.739"}
{"imagesCount":2,"level":"info","message":"Nouveau bien créé ID: 6885cf35f09fa9b8404eac94","service":"ophrus-backend","timestamp":"2025-07-27 09:03:18.390","titre":"Appartement Test 1753599791","ville":"TestVille"}
{"level":"http","message":"::1 POST /api/properties 201 957 - 6428.368 ms [27/Jul/2025:07:03:18 +0000] \"user-agent\" no-trace","service":"ophrus-backend","timestamp":"2025-07-27 09:03:18.402"}
{"level":"http","message":"::1 POST /api/properties 201 957 - 6428.368 ms [27/Jul/2025:07:03:18 +0000] \"user-agent\" no-trace","service":"ophrus-backend","timestamp":"2025-07-27 09:03:18.411"}
{"level":"debug","message":"Recherche de biens avec filtres","query":{},"service":"ophrus-backend","timestamp":"2025-07-27 09:03:20.137"}
{"filters":0,"level":"info","limit":10,"message":"Résultats recherche - 10/18 biens trouvés","page":1,"service":"ophrus-backend","timestamp":"2025-07-27 09:03:21.486"}
{"level":"http","message":"::1 GET /api/properties 200 9457 - 1372.059 ms [27/Jul/2025:07:03:21 +0000] \"user-agent\" no-trace","service":"ophrus-backend","timestamp":"2025-07-27 09:03:21.511"}
{"level":"http","message":"::1 GET /api/properties 200 9457 - 1372.059 ms [27/Jul/2025:07:03:21 +0000] \"user-agent\" no-trace","service":"ophrus-backend","timestamp":"2025-07-27 09:03:21.516"}
{"level":"debug","message":"Consultation bien ID: 6885cf35f09fa9b8404eac94","service":"ophrus-backend","timestamp":"2025-07-27 09:03:29.230"}
{"level":"info","message":"Bien consulté ID: 6885cf35f09fa9b8404eac94","service":"ophrus-backend","timestamp":"2025-07-27 09:03:29.888","titre":"Appartement Test 1753599791"}
{"level":"http","message":"::1 GET /api/properties/6885cf35f09fa9b8404eac94 200 990 - 662.838 ms [27/Jul/2025:07:03:29 +0000] \"user-agent\" no-trace","service":"ophrus-backend","timestamp":"2025-07-27 09:03:29.894"}
{"level":"http","message":"::1 GET /api/properties/6885cf35f09fa9b8404eac94 200 990 - 662.838 ms [27/Jul/2025:07:03:29 +0000] \"user-agent\" no-trace","service":"ophrus-backend","timestamp":"2025-07-27 09:03:29.897"}
{"level":"debug","message":"Tentative mise à jour bien ID: 6885cf35f09fa9b8404eac94","service":"ophrus-backend","timestamp":"2025-07-27 09:03:32.468","updatedFields":["prix","description"]}
{"level":"info","message":"Bien mis à jour ID: 6885cf35f09fa9b8404eac94","service":"ophrus-backend","timestamp":"2025-07-27 09:03:33.179","updatedFields":["description","prix"]}
{"level":"http","message":"::1 PUT /api/properties/6885cf35f09fa9b8404eac94 200 978 - 1055.513 ms [27/Jul/2025:07:03:33 +0000] \"user-agent\" no-trace","service":"ophrus-backend","timestamp":"2025-07-27 09:03:33.189"}
{"level":"http","message":"::1 PUT /api/properties/6885cf35f09fa9b8404eac94 200 978 - 1055.513 ms [27/Jul/2025:07:03:33 +0000] \"user-agent\" no-trace","service":"ophrus-backend","timestamp":"2025-07-27 09:03:33.195"}
{"level":"debug","message":"Demande de réinitialisation de mot de passe pour: bawohi7127@7tul.com","service":"ophrus-backend","timestamp":"2025-07-27 09:03:34.693"}
{"code":"EAUTH","command":"AUTH PLAIN","level":"error","message":"❌ Erreur brevo: Invalid login: 535 5.7.8 Authentication failed","response":"535 5.7.8 Authentication failed","responseCode":535,"service":"ophrus-backend","stack":"Error: Invalid login: 535 5.7.8 Authentication failed\n    at SMTPConnection._formatError (C:\\Users\\SERVER-GOLD\\Documents\\Ophrus-immo\\node_modules\\nodemailer\\lib\\smtp-connection\\index.js:809:19)\n    at SMTPConnection._actionAUTHComplete (C:\\Users\\SERVER-GOLD\\Documents\\Ophrus-immo\\node_modules\\nodemailer\\lib\\smtp-connection\\index.js:1588:34)\n    at SMTPConnection.<anonymous> (C:\\Users\\SERVER-GOLD\\Documents\\Ophrus-immo\\node_modules\\nodemailer\\lib\\smtp-connection\\index.js:556:26)\n    at SMTPConnection._processResponse (C:\\Users\\SERVER-GOLD\\Documents\\Ophrus-immo\\node_modules\\nodemailer\\lib\\smtp-connection\\index.js:993:20)\n    at SMTPConnection._onData (C:\\Users\\SERVER-GOLD\\Documents\\Ophrus-immo\\node_modules\\nodemailer\\lib\\smtp-connection\\index.js:774:14)\n    at SMTPConnection._onSocketData (C:\\Users\\SERVER-GOLD\\Documents\\Ophrus-immo\\node_modules\\nodemailer\\lib\\smtp-connection\\index.js:195:44)\n    at TLSSocket.emit (node:events:524:28)\n    at addChunk (node:internal/streams/readable:561:12)\n    at readableAddChunkPushByteMode (node:internal/streams/readable:512:3)\n    at Readable.push (node:internal/streams/readable:392:5)","timestamp":"2025-07-27 09:03:36.997"}
{"level":"info","message":"🔄 Tentative de fallback vers Resend...","service":"ophrus-backend","timestamp":"2025-07-27 09:03:37.038"}
{"level":"info","message":"✅ Email envoyé avec Resend (fallback) à bawohi7127@7tul.com","service":"ophrus-backend","timestamp":"2025-07-27 09:03:38.873"}
{"level":"info","message":"Code de réinitialisation envoyé à: bawohi7127@7tul.com","service":"ophrus-backend","timestamp":"2025-07-27 09:03:38.878","userId":"6885cf27f09fa9b8404eac8c"}
{"level":"http","message":"::1 POST /api/users/reset-request 200 37 - 4195.526 ms [27/Jul/2025:07:03:38 +0000] \"user-agent\" no-trace","service":"ophrus-backend","timestamp":"2025-07-27 09:03:38.888"}
{"level":"http","message":"::1 POST /api/users/reset-request 200 37 - 4195.526 ms [27/Jul/2025:07:03:38 +0000] \"user-agent\" no-trace","service":"ophrus-backend","timestamp":"2025-07-27 09:03:38.890"}
{"level":"debug","message":"Tentative de déconnexion","service":"ophrus-backend","timestamp":"2025-07-27 09:03:40.114"}
{"level":"error","message":"Utilisateur non trouvé ou refreshTokens non défini lors de la déconnexion ID: 6885cf27f09fa9b8404eac8c","service":"ophrus-backend","timestamp":"2025-07-27 09:03:40.457"}
{"level":"http","message":"::1 POST /api/users/logout 200 36 - 350.642 ms [27/Jul/2025:07:03:40 +0000] \"user-agent\" no-trace","service":"ophrus-backend","timestamp":"2025-07-27 09:03:40.467"}
{"level":"http","message":"::1 POST /api/users/logout 200 36 - 350.642 ms [27/Jul/2025:07:03:40 +0000] \"user-agent\" no-trace","service":"ophrus-backend","timestamp":"2025-07-27 09:03:40.473"}
{"level":"debug","message":"Tentative d'inscription: admin_1753599782073142800@example.com","service":"ophrus-backend","timestamp":"2025-07-27 09:03:41.477"}
{"level":"http","message":"::1 POST /api/users/register 201 521 - 1394.167 ms [27/Jul/2025:07:03:42 +0000] \"user-agent\" no-trace","service":"ophrus-backend","timestamp":"2025-07-27 09:03:42.874"}
{"level":"http","message":"::1 POST /api/users/register 201 521 - 1394.167 ms [27/Jul/2025:07:03:42 +0000] \"user-agent\" no-trace","service":"ophrus-backend","timestamp":"2025-07-27 09:03:42.990"}
{"level":"debug","message":"Requête de connexion reçue: {\"email\":\"admin_1753599782073142800@example.com\",\"password\":\"AdminPass123*\"}","service":"ophrus-backend","timestamp":"2025-07-27 09:03:47.501"}
{"level":"debug","message":"Tentative de connexion: admin_1753599782073142800@example.com","service":"ophrus-backend","timestamp":"2025-07-27 09:03:47.509"}
{"level":"debug","message":"Utilisateur trouvé: admin_1753599782073142800@example.com","service":"ophrus-backend","timestamp":"2025-07-27 09:03:47.867"}
{"level":"debug","message":"Password provided: AdminPass123*","service":"ophrus-backend","timestamp":"2025-07-27 09:03:48.282"}
{"level":"debug","message":"Hashed password from DB: $2a$10$yDdonbp0UirGAQTBfk5FZO9nHR8srj9fh7aeGmBEckQLlBRvIZ2YG","service":"ophrus-backend","timestamp":"2025-07-27 09:03:48.284"}
{"level":"debug","message":"Password match result: true","service":"ophrus-backend","timestamp":"2025-07-27 09:03:48.294"}
{"email":"admin_1753599782073142800@example.com","ip":"::1","level":"info","message":"Connexion réussie ID: 6885cf4ef09fa9b8404eacbc","service":"ophrus-backend","timestamp":"2025-07-27 09:03:48.648"}
{"level":"http","message":"::1 POST /api/users/login 200 487 - 1317.146 ms [27/Jul/2025:07:03:48 +0000] \"user-agent\" no-trace","service":"ophrus-backend","timestamp":"2025-07-27 09:03:48.827"}
{"level":"http","message":"::1 POST /api/users/login 200 487 - 1317.146 ms [27/Jul/2025:07:03:49 +0000] \"user-agent\" no-trace","service":"ophrus-backend","timestamp":"2025-07-27 09:03:49.064"}
{"level":"http","message":"::1 GET /api/admin/users 403 50 - 343.554 ms [27/Jul/2025:07:03:53 +0000] \"user-agent\" no-trace","service":"ophrus-backend","timestamp":"2025-07-27 09:03:53.621"}
{"level":"http","message":"::1 GET /api/admin/users 403 50 - 343.554 ms [27/Jul/2025:07:03:53 +0000] \"user-agent\" no-trace","service":"ophrus-backend","timestamp":"2025-07-27 09:03:53.623"}
{"level":"debug","message":"Tentative d'inscription: tempuser_1753599835633479900@example.com","service":"ophrus-backend","timestamp":"2025-07-27 09:03:55.882"}
{"level":"http","message":"::1 POST /api/users/register 201 523 - 1299.978 ms [27/Jul/2025:07:03:57 +0000] \"user-agent\" no-trace","service":"ophrus-backend","timestamp":"2025-07-27 09:03:57.176"}
{"level":"http","message":"::1 POST /api/users/register 201 523 - 1299.978 ms [27/Jul/2025:07:03:57 +0000] \"user-agent\" no-trace","service":"ophrus-backend","timestamp":"2025-07-27 09:03:57.185"}
{"level":"http","message":"::1 DELETE /api/admin/users/6885cf5cf09fa9b8404eacc3 403 50 - 344.052 ms [27/Jul/2025:07:03:58 +0000] \"user-agent\" no-trace","service":"ophrus-backend","timestamp":"2025-07-27 09:03:58.313"}
{"level":"http","message":"::1 DELETE /api/admin/users/6885cf5cf09fa9b8404eacc3 403 50 - 344.052 ms [27/Jul/2025:07:03:58 +0000] \"user-agent\" no-trace","service":"ophrus-backend","timestamp":"2025-07-27 09:03:58.318"}
{"level":"http","message":"::1 GET /api/admin/users/deleted 403 50 - 340.239 ms [27/Jul/2025:07:04:00 +0000] \"user-agent\" no-trace","service":"ophrus-backend","timestamp":"2025-07-27 09:04:00.307"}
{"level":"http","message":"::1 GET /api/admin/users/deleted 403 50 - 340.239 ms [27/Jul/2025:07:04:00 +0000] \"user-agent\" no-trace","service":"ophrus-backend","timestamp":"2025-07-27 09:04:00.313"}
{"level":"http","message":"::1 PATCH /api/admin/users/6885cf5cf09fa9b8404eacc3/restore 403 50 - 350.956 ms [27/Jul/2025:07:04:02 +0000] \"user-agent\" no-trace","service":"ophrus-backend","timestamp":"2025-07-27 09:04:02.136"}
{"level":"http","message":"::1 PATCH /api/admin/users/6885cf5cf09fa9b8404eacc3/restore 403 50 - 350.956 ms [27/Jul/2025:07:04:02 +0000] \"user-agent\" no-trace","service":"ophrus-backend","timestamp":"2025-07-27 09:04:02.147"}
{"level":"debug","message":"Tentative suppression bien ID: 6885cf35f09fa9b8404eac94 par user: 6885cf27f09fa9b8404eac8c","service":"ophrus-backend","timestamp":"2025-07-27 09:04:03.708"}
{"level":"info","message":"Début suppression 2 images Cloudinary","service":"ophrus-backend","timestamp":"2025-07-27 09:04:04.072"}
{"level":"debug","message":"Image supprimée: ophrus-annonces/pb4freq9ceryzi4mukip","service":"ophrus-backend","timestamp":"2025-07-27 09:04:05.451"}
{"level":"debug","message":"Image supprimée: ophrus-annonces/lahkl95xgejcdewkhyt9","service":"ophrus-backend","timestamp":"2025-07-27 09:04:06.038"}
{"level":"info","message":"Bien supprimé ID: 6885cf35f09fa9b8404eac94","service":"ophrus-backend","timestamp":"2025-07-27 09:04:06.441"}
{"level":"http","message":"::1 DELETE /api/properties/6885cf35f09fa9b8404eac94 200 29 - 3084.125 ms [27/Jul/2025:07:04:06 +0000] \"user-agent\" no-trace","service":"ophrus-backend","timestamp":"2025-07-27 09:04:06.446"}
{"level":"http","message":"::1 DELETE /api/properties/6885cf35f09fa9b8404eac94 200 29 - 3084.125 ms [27/Jul/2025:07:04:06 +0000] \"user-agent\" no-trace","service":"ophrus-backend","timestamp":"2025-07-27 09:04:06.448"}
{"level":"debug","message":"Tentative de déconnexion","service":"ophrus-backend","timestamp":"2025-07-27 09:04:07.586"}
{"level":"error","message":"Utilisateur non trouvé ou refreshTokens non défini lors de la déconnexion ID: 6885cf4ef09fa9b8404eacbc","service":"ophrus-backend","timestamp":"2025-07-27 09:04:07.927"}
{"level":"http","message":"::1 POST /api/users/logout 200 36 - 346.845 ms [27/Jul/2025:07:04:07 +0000] \"user-agent\" no-trace","service":"ophrus-backend","timestamp":"2025-07-27 09:04:07.935"}
{"level":"http","message":"::1 POST /api/users/logout 200 36 - 346.845 ms [27/Jul/2025:07:04:08 +0000] \"user-agent\" no-trace","service":"ophrus-backend","timestamp":"2025-07-27 09:04:08.259"}
{"level":"info","message":"Reconnecté à MongoDB","service":"ophrus-backend","timestamp":"2025-07-27 09:20:34.519"}
