{"level":"info","message":"Connexion à MongoDB...","service":"ophrus-backend","timestamp":"2025-08-04 20:13:20.587"}
{"level":"info","message":"🚀 Démarrage de l'application Ophrus-Immo","service":"ophrus-backend","timestamp":"2025-08-04 20:13:20.737"}
{"level":"info","message":"⚙️ Mode: development","service":"ophrus-backend","timestamp":"2025-08-04 20:13:20.746"}
{"level":"info","message":"🟢 Node.js version: v22.12.0","service":"ophrus-backend","timestamp":"2025-08-04 20:13:20.757"}
{"level":"http","message":"::1 OPTIONS /api/users/login 200 0 - 26.088 ms [04/Aug/2025:18:19:37 +0000] \"user-agent\" no-trace","service":"ophrus-backend","timestamp":"2025-08-04 20:19:37.497"}
{"level":"debug","message":"Requête de connexion reçue: {\"email\":\"mayalachristgottlieb@gmail.com\",\"password\":\"sagesses007*\"}","service":"ophrus-backend","timestamp":"2025-08-04 20:19:37.755"}
{"level":"debug","message":"Tentative de connexion: mayalachristgottlieb@gmail.com","service":"ophrus-backend","timestamp":"2025-08-04 20:19:37.758"}
{"level":"debug","message":"Utilisateur trouvé: aucun","service":"ophrus-backend","timestamp":"2025-08-04 20:19:38.275"}
{"level":"warn","message":"Identifiant non trouvé: mayalachristgottlieb@gmail.com","service":"ophrus-backend","timestamp":"2025-08-04 20:19:38.315"}
{"level":"http","message":"::1 POST /api/users/login 401 38 - 630.064 ms [04/Aug/2025:18:19:38 +0000] \"user-agent\" no-trace","service":"ophrus-backend","timestamp":"2025-08-04 20:19:38.341"}
{"level":"http","message":"::1 POST /api/users/login 401 38 - 630.064 ms [04/Aug/2025:18:19:38 +0000] \"user-agent\" no-trace","service":"ophrus-backend","timestamp":"2025-08-04 20:19:38.349"}
{"level":"debug","message":"Requête de connexion reçue: {\"email\":\"mayalachristgottlieb@gmail.com\",\"password\":\"sagesses007*\"}","service":"ophrus-backend","timestamp":"2025-08-04 20:19:38.393"}
{"level":"debug","message":"Tentative de connexion: mayalachristgottlieb@gmail.com","service":"ophrus-backend","timestamp":"2025-08-04 20:19:38.400"}
{"level":"debug","message":"Utilisateur trouvé: aucun","service":"ophrus-backend","timestamp":"2025-08-04 20:19:38.806"}
{"level":"warn","message":"Identifiant non trouvé: mayalachristgottlieb@gmail.com","service":"ophrus-backend","timestamp":"2025-08-04 20:19:38.811"}
{"level":"http","message":"::1 POST /api/users/login 401 38 - 451.473 ms [04/Aug/2025:18:19:38 +0000] \"user-agent\" no-trace","service":"ophrus-backend","timestamp":"2025-08-04 20:19:38.817"}
{"level":"http","message":"::1 POST /api/users/login 401 38 - 451.473 ms [04/Aug/2025:18:19:38 +0000] \"user-agent\" no-trace","service":"ophrus-backend","timestamp":"2025-08-04 20:19:38.830"}
{"level":"warn","message":"Déconnecté de MongoDB","service":"ophrus-backend","timestamp":"2025-08-04 20:44:58.761"}
{"level":"info","message":"Reconnecté à MongoDB","service":"ophrus-backend","timestamp":"2025-08-04 20:45:16.280"}
{"level":"warn","message":"Déconnecté de MongoDB","service":"ophrus-backend","timestamp":"2025-08-04 21:18:58.730"}
{"level":"info","message":"Reconnecté à MongoDB","service":"ophrus-backend","timestamp":"2025-08-04 21:19:19.407"}
{"level":"warn","message":"Déconnecté de MongoDB","service":"ophrus-backend","timestamp":"2025-08-04 21:24:51.617"}
{"level":"info","message":"Reconnecté à MongoDB","service":"ophrus-backend","timestamp":"2025-08-04 21:25:05.400"}
{"level":"warn","message":"Déconnecté de MongoDB","service":"ophrus-backend","timestamp":"2025-08-04 21:28:36.595"}
{"level":"info","message":"Reconnecté à MongoDB","service":"ophrus-backend","timestamp":"2025-08-04 21:29:23.280"}
{"level":"warn","message":"Déconnecté de MongoDB","service":"ophrus-backend","timestamp":"2025-08-04 21:36:59.700"}
{"level":"info","message":"Reconnecté à MongoDB","service":"ophrus-backend","timestamp":"2025-08-04 21:37:29.195"}
{"level":"warn","message":"Déconnecté de MongoDB","service":"ophrus-backend","timestamp":"2025-08-04 21:40:13.850"}
{"level":"info","message":"Reconnecté à MongoDB","service":"ophrus-backend","timestamp":"2025-08-04 21:40:37.884"}
{"level":"warn","message":"Déconnecté de MongoDB","service":"ophrus-backend","timestamp":"2025-08-04 21:47:53.711"}
{"level":"info","message":"Reconnecté à MongoDB","service":"ophrus-backend","timestamp":"2025-08-04 21:48:17.993"}
{"level":"warn","message":"Déconnecté de MongoDB","service":"ophrus-backend","timestamp":"2025-08-04 21:59:50.067"}
{"level":"info","message":"Reconnecté à MongoDB","service":"ophrus-backend","timestamp":"2025-08-04 22:00:09.397"}
